CRITICAL - 2024-01-20 19:12:54 --> Undefined array key "batch"
in APPPATH\Views\admin\hibah\penelitian\v_index.php on line 197.
 1 APPPATH\Views\admin\hibah\penelitian\v_index.php(197): CodeIgniter\Debug\Exceptions->errorHandler(2, 'Undefined array key "batch"', 'APPPATH\\Views\\admin\\hibah\\penelitian\\v_index.php', 197)
 2 SYSTEMPATH\View\View.php(213): include('APPPATH\\Views\\admin\\hibah\\penelitian\\v_index.php')
 3 SYSTEMPATH\View\View.php(216): CodeIgniter\View\View->CodeIgniter\View\{closure}()
 4 SYSTEMPATH\Common.php(1137): CodeIgniter\View\View->render('admin/hibah/penelitian/v_index', [], true)
 5 APPPATH\Views\layout\v_content.php(4): view('admin/hibah/penelitian/v_index')
 6 SYSTEMPATH\View\View.php(213): include('APPPATH\\Views\\layout\\v_content.php')
 7 SYSTEMPATH\View\View.php(216): CodeIgniter\View\View->CodeIgniter\View\{closure}()
 8 SYSTEMPATH\Common.php(1137): CodeIgniter\View\View->render('layout/v_content', [], true)
 9 APPPATH\Views\layout\v_wrapper.php(6): view('layout/v_content')
10 SYSTEMPATH\View\View.php(213): include('APPPATH\\Views\\layout\\v_wrapper.php')
11 SYSTEMPATH\View\View.php(216): CodeIgniter\View\View->CodeIgniter\View\{closure}()
12 SYSTEMPATH\Common.php(1137): CodeIgniter\View\View->render('layout/v_wrapper', [], true)
13 APPPATH\Controllers\Hibah.php(146): view('layout/v_wrapper', [...])
14 SYSTEMPATH\CodeIgniter.php(904): App\Controllers\Hibah->index_penelitian()
15 SYSTEMPATH\CodeIgniter.php(457): CodeIgniter\CodeIgniter->runController(Object(App\Controllers\Hibah))
16 SYSTEMPATH\CodeIgniter.php(340): CodeIgniter\CodeIgniter->handleRequest(null, Object(Config\Cache), false)
17 FCPATH\index.php(67): CodeIgniter\CodeIgniter->run()
CRITICAL - 2024-01-20 19:49:29 --> Undefined array key "batch"
in APPPATH\Views\admin\hibah\penelitian\v_index.php on line 257.
 1 APPPATH\Views\admin\hibah\penelitian\v_index.php(257): CodeIgniter\Debug\Exceptions->errorHandler(2, 'Undefined array key "batch"', 'APPPATH\\Views\\admin\\hibah\\penelitian\\v_index.php', 257)
 2 SYSTEMPATH\View\View.php(213): include('APPPATH\\Views\\admin\\hibah\\penelitian\\v_index.php')
 3 SYSTEMPATH\View\View.php(216): CodeIgniter\View\View->CodeIgniter\View\{closure}()
 4 SYSTEMPATH\Common.php(1137): CodeIgniter\View\View->render('admin/hibah/penelitian/v_index', [], true)
 5 APPPATH\Views\layout\v_content.php(4): view('admin/hibah/penelitian/v_index')
 6 SYSTEMPATH\View\View.php(213): include('APPPATH\\Views\\layout\\v_content.php')
 7 SYSTEMPATH\View\View.php(216): CodeIgniter\View\View->CodeIgniter\View\{closure}()
 8 SYSTEMPATH\Common.php(1137): CodeIgniter\View\View->render('layout/v_content', [], true)
 9 APPPATH\Views\layout\v_wrapper.php(6): view('layout/v_content')
10 SYSTEMPATH\View\View.php(213): include('APPPATH\\Views\\layout\\v_wrapper.php')
11 SYSTEMPATH\View\View.php(216): CodeIgniter\View\View->CodeIgniter\View\{closure}()
12 SYSTEMPATH\Common.php(1137): CodeIgniter\View\View->render('layout/v_wrapper', [], true)
13 APPPATH\Controllers\Hibah.php(146): view('layout/v_wrapper', [...])
14 SYSTEMPATH\CodeIgniter.php(904): App\Controllers\Hibah->index_penelitian()
15 SYSTEMPATH\CodeIgniter.php(457): CodeIgniter\CodeIgniter->runController(Object(App\Controllers\Hibah))
16 SYSTEMPATH\CodeIgniter.php(340): CodeIgniter\CodeIgniter->handleRequest(null, Object(Config\Cache), false)
17 FCPATH\index.php(67): CodeIgniter\CodeIgniter->run()
CRITICAL - 2024-01-20 19:51:42 --> Undefined array key "judul"
in APPPATH\Views\admin\hibah\penelitian\v_index.php on line 274.
 1 APPPATH\Views\admin\hibah\penelitian\v_index.php(274): CodeIgniter\Debug\Exceptions->errorHandler(2, 'Undefined array key "judul"', 'APPPATH\\Views\\admin\\hibah\\penelitian\\v_index.php', 274)
 2 SYSTEMPATH\View\View.php(213): include('APPPATH\\Views\\admin\\hibah\\penelitian\\v_index.php')
 3 SYSTEMPATH\View\View.php(216): CodeIgniter\View\View->CodeIgniter\View\{closure}()
 4 SYSTEMPATH\Common.php(1137): CodeIgniter\View\View->render('admin/hibah/penelitian/v_index', [], true)
 5 APPPATH\Views\layout\v_content.php(4): view('admin/hibah/penelitian/v_index')
 6 SYSTEMPATH\View\View.php(213): include('APPPATH\\Views\\layout\\v_content.php')
 7 SYSTEMPATH\View\View.php(216): CodeIgniter\View\View->CodeIgniter\View\{closure}()
 8 SYSTEMPATH\Common.php(1137): CodeIgniter\View\View->render('layout/v_content', [], true)
 9 APPPATH\Views\layout\v_wrapper.php(6): view('layout/v_content')
10 SYSTEMPATH\View\View.php(213): include('APPPATH\\Views\\layout\\v_wrapper.php')
11 SYSTEMPATH\View\View.php(216): CodeIgniter\View\View->CodeIgniter\View\{closure}()
12 SYSTEMPATH\Common.php(1137): CodeIgniter\View\View->render('layout/v_wrapper', [], true)
13 APPPATH\Controllers\Hibah.php(146): view('layout/v_wrapper', [...])
14 SYSTEMPATH\CodeIgniter.php(904): App\Controllers\Hibah->index_penelitian()
15 SYSTEMPATH\CodeIgniter.php(457): CodeIgniter\CodeIgniter->runController(Object(App\Controllers\Hibah))
16 SYSTEMPATH\CodeIgniter.php(340): CodeIgniter\CodeIgniter->handleRequest(null, Object(Config\Cache), false)
17 FCPATH\index.php(67): CodeIgniter\CodeIgniter->run()
CRITICAL - 2024-01-20 19:58:22 --> Undefined array key "judul"
in APPPATH\Views\admin\hibah\penelitian\v_index.php on line 309.
 1 APPPATH\Views\admin\hibah\penelitian\v_index.php(309): CodeIgniter\Debug\Exceptions->errorHandler(2, 'Undefined array key "judul"', 'APPPATH\\Views\\admin\\hibah\\penelitian\\v_index.php', 309)
 2 SYSTEMPATH\View\View.php(213): include('APPPATH\\Views\\admin\\hibah\\penelitian\\v_index.php')
 3 SYSTEMPATH\View\View.php(216): CodeIgniter\View\View->CodeIgniter\View\{closure}()
 4 SYSTEMPATH\Common.php(1137): CodeIgniter\View\View->render('admin/hibah/penelitian/v_index', [], true)
 5 APPPATH\Views\layout\v_content.php(4): view('admin/hibah/penelitian/v_index')
 6 SYSTEMPATH\View\View.php(213): include('APPPATH\\Views\\layout\\v_content.php')
 7 SYSTEMPATH\View\View.php(216): CodeIgniter\View\View->CodeIgniter\View\{closure}()
 8 SYSTEMPATH\Common.php(1137): CodeIgniter\View\View->render('layout/v_content', [], true)
 9 APPPATH\Views\layout\v_wrapper.php(6): view('layout/v_content')
10 SYSTEMPATH\View\View.php(213): include('APPPATH\\Views\\layout\\v_wrapper.php')
11 SYSTEMPATH\View\View.php(216): CodeIgniter\View\View->CodeIgniter\View\{closure}()
12 SYSTEMPATH\Common.php(1137): CodeIgniter\View\View->render('layout/v_wrapper', [], true)
13 APPPATH\Controllers\Hibah.php(146): view('layout/v_wrapper', [...])
14 SYSTEMPATH\CodeIgniter.php(904): App\Controllers\Hibah->index_penelitian()
15 SYSTEMPATH\CodeIgniter.php(457): CodeIgniter\CodeIgniter->runController(Object(App\Controllers\Hibah))
16 SYSTEMPATH\CodeIgniter.php(340): CodeIgniter\CodeIgniter->handleRequest(null, Object(Config\Cache), false)
17 FCPATH\index.php(67): CodeIgniter\CodeIgniter->run()
CRITICAL - 2024-01-20 20:08:02 --> Undefined property: App\Controllers\Home::$ModelHibahDana
in APPPATH\Controllers\Home.php on line 85.
 1 APPPATH\Controllers\Home.php(85): CodeIgniter\Debug\Exceptions->errorHandler(2, 'Undefined property: App\\Controllers\\Home::$ModelHibahDana', 'APPPATH\\Controllers\\Home.php', 85)
 2 SYSTEMPATH\CodeIgniter.php(904): App\Controllers\Home->hibahDana()
 3 SYSTEMPATH\CodeIgniter.php(457): CodeIgniter\CodeIgniter->runController(Object(App\Controllers\Home))
 4 SYSTEMPATH\CodeIgniter.php(340): CodeIgniter\CodeIgniter->handleRequest(null, Object(Config\Cache), false)
 5 FCPATH\index.php(67): CodeIgniter\CodeIgniter->run()
CRITICAL - 2024-01-20 20:08:34 --> Undefined variable $penelitian
in APPPATH\Views\dana.php on line 140.
 1 APPPATH\Views\dana.php(140): CodeIgniter\Debug\Exceptions->errorHandler(2, 'Undefined variable $penelitian', 'APPPATH\\Views\\dana.php', 140)
 2 SYSTEMPATH\View\View.php(213): include('APPPATH\\Views\\dana.php')
 3 SYSTEMPATH\View\View.php(216): CodeIgniter\View\View->CodeIgniter\View\{closure}()
 4 SYSTEMPATH\Common.php(1137): CodeIgniter\View\View->render('dana', [], true)
 5 APPPATH\Controllers\Home.php(89): view('dana', [...])
 6 SYSTEMPATH\CodeIgniter.php(904): App\Controllers\Home->hibahDana()
 7 SYSTEMPATH\CodeIgniter.php(457): CodeIgniter\CodeIgniter->runController(Object(App\Controllers\Home))
 8 SYSTEMPATH\CodeIgniter.php(340): CodeIgniter\CodeIgniter->handleRequest(null, Object(Config\Cache), false)
 9 FCPATH\index.php(67): CodeIgniter\CodeIgniter->run()
CRITICAL - 2024-01-20 20:08:48 --> Undefined array key "file"
in APPPATH\Views\dana.php on line 148.
 1 APPPATH\Views\dana.php(148): CodeIgniter\Debug\Exceptions->errorHandler(2, 'Undefined array key "file"', 'APPPATH\\Views\\dana.php', 148)
 2 SYSTEMPATH\View\View.php(213): include('APPPATH\\Views\\dana.php')
 3 SYSTEMPATH\View\View.php(216): CodeIgniter\View\View->CodeIgniter\View\{closure}()
 4 SYSTEMPATH\Common.php(1137): CodeIgniter\View\View->render('dana', [], true)
 5 APPPATH\Controllers\Home.php(89): view('dana', [...])
 6 SYSTEMPATH\CodeIgniter.php(904): App\Controllers\Home->hibahDana()
 7 SYSTEMPATH\CodeIgniter.php(457): CodeIgniter\CodeIgniter->runController(Object(App\Controllers\Home))
 8 SYSTEMPATH\CodeIgniter.php(340): CodeIgniter\CodeIgniter->handleRequest(null, Object(Config\Cache), false)
 9 FCPATH\index.php(67): CodeIgniter\CodeIgniter->run()
CRITICAL - 2024-01-20 20:15:32 --> Undefined variable $penelitian
in APPPATH\Views\penelitian.php on line 141.
 1 APPPATH\Views\penelitian.php(141): CodeIgniter\Debug\Exceptions->errorHandler(2, 'Undefined variable $penelitian', 'APPPATH\\Views\\penelitian.php', 141)
 2 SYSTEMPATH\View\View.php(213): include('APPPATH\\Views\\penelitian.php')
 3 SYSTEMPATH\View\View.php(216): CodeIgniter\View\View->CodeIgniter\View\{closure}()
 4 SYSTEMPATH\Common.php(1137): CodeIgniter\View\View->render('penelitian', [], true)
 5 APPPATH\Controllers\Home.php(98): view('penelitian', [...])
 6 SYSTEMPATH\CodeIgniter.php(904): App\Controllers\Home->hibahPenelitian()
 7 SYSTEMPATH\CodeIgniter.php(457): CodeIgniter\CodeIgniter->runController(Object(App\Controllers\Home))
 8 SYSTEMPATH\CodeIgniter.php(340): CodeIgniter\CodeIgniter->handleRequest(null, Object(Config\Cache), false)
 9 FCPATH\index.php(67): CodeIgniter\CodeIgniter->run()
CRITICAL - 2024-01-20 20:16:53 --> Undefined array key "judul"
in APPPATH\Views\penelitian.php on line 171.
 1 APPPATH\Views\penelitian.php(171): CodeIgniter\Debug\Exceptions->errorHandler(2, 'Undefined array key "judul"', 'APPPATH\\Views\\penelitian.php', 171)
 2 SYSTEMPATH\View\View.php(213): include('APPPATH\\Views\\penelitian.php')
 3 SYSTEMPATH\View\View.php(216): CodeIgniter\View\View->CodeIgniter\View\{closure}()
 4 SYSTEMPATH\Common.php(1137): CodeIgniter\View\View->render('penelitian', [], true)
 5 APPPATH\Controllers\Home.php(101): view('penelitian', [...])
 6 SYSTEMPATH\CodeIgniter.php(904): App\Controllers\Home->hibahPenelitian()
 7 SYSTEMPATH\CodeIgniter.php(457): CodeIgniter\CodeIgniter->runController(Object(App\Controllers\Home))
 8 SYSTEMPATH\CodeIgniter.php(340): CodeIgniter\CodeIgniter->handleRequest(null, Object(Config\Cache), false)
 9 FCPATH\index.php(67): CodeIgniter\CodeIgniter->run()
CRITICAL - 2024-01-20 20:20:37 --> count(): Argument #1 ($value) must be of type Countable|array, null given
in APPPATH\Views\index.php on line 160.
 1 SYSTEMPATH\View\View.php(213): include()
 2 SYSTEMPATH\View\View.php(216): CodeIgniter\View\View->CodeIgniter\View\{closure}()
 3 SYSTEMPATH\Common.php(1137): CodeIgniter\View\View->render('index', [], true)
 4 APPPATH\Controllers\Home.php(32): view('index', [...])
 5 SYSTEMPATH\CodeIgniter.php(904): App\Controllers\Home->index()
 6 SYSTEMPATH\CodeIgniter.php(457): CodeIgniter\CodeIgniter->runController(Object(App\Controllers\Home))
 7 SYSTEMPATH\CodeIgniter.php(340): CodeIgniter\CodeIgniter->handleRequest(null, Object(Config\Cache), false)
 8 FCPATH\index.php(67): CodeIgniter\CodeIgniter->run()
CRITICAL - 2024-01-20 21:37:15 --> Undefined variable $agenda
in APPPATH\Views\layout\v_footer.php on line 61.
 1 APPPATH\Views\layout\v_footer.php(61): CodeIgniter\Debug\Exceptions->errorHandler(2, 'Undefined variable $agenda', 'APPPATH\\Views\\layout\\v_footer.php', 61)
 2 SYSTEMPATH\View\View.php(213): include('APPPATH\\Views\\layout\\v_footer.php')
 3 SYSTEMPATH\View\View.php(216): CodeIgniter\View\View->CodeIgniter\View\{closure}()
 4 SYSTEMPATH\Common.php(1137): CodeIgniter\View\View->render('layout/v_footer', [], true)
 5 APPPATH\Views\layout\v_wrapper.php(7): view('layout/v_footer')
 6 SYSTEMPATH\View\View.php(213): include('APPPATH\\Views\\layout\\v_wrapper.php')
 7 SYSTEMPATH\View\View.php(216): CodeIgniter\View\View->CodeIgniter\View\{closure}()
 8 SYSTEMPATH\Common.php(1137): CodeIgniter\View\View->render('layout/v_wrapper', [], true)
 9 APPPATH\Controllers\Master.php(26): view('layout/v_wrapper', [...])
10 SYSTEMPATH\CodeIgniter.php(904): App\Controllers\Master->index_pengguna()
11 SYSTEMPATH\CodeIgniter.php(457): CodeIgniter\CodeIgniter->runController(Object(App\Controllers\Master))
12 SYSTEMPATH\CodeIgniter.php(340): CodeIgniter\CodeIgniter->handleRequest(null, Object(Config\Cache), false)
13 FCPATH\index.php(67): CodeIgniter\CodeIgniter->run()
CRITICAL - 2024-01-20 21:57:12 --> Undefined variable $misi
in APPPATH\Views\admin\master\pengguna\v_index.php on line 51.
 1 APPPATH\Views\admin\master\pengguna\v_index.php(51): CodeIgniter\Debug\Exceptions->errorHandler(2, 'Undefined variable $misi', 'APPPATH\\Views\\admin\\master\\pengguna\\v_index.php', 51)
 2 SYSTEMPATH\View\View.php(213): include('APPPATH\\Views\\admin\\master\\pengguna\\v_index.php')
 3 SYSTEMPATH\View\View.php(216): CodeIgniter\View\View->CodeIgniter\View\{closure}()
 4 SYSTEMPATH\Common.php(1137): CodeIgniter\View\View->render('admin/master/pengguna/v_index', [], true)
 5 APPPATH\Views\layout\v_content.php(4): view('admin/master/pengguna/v_index')
 6 SYSTEMPATH\View\View.php(213): include('APPPATH\\Views\\layout\\v_content.php')
 7 SYSTEMPATH\View\View.php(216): CodeIgniter\View\View->CodeIgniter\View\{closure}()
 8 SYSTEMPATH\Common.php(1137): CodeIgniter\View\View->render('layout/v_content', [], true)
 9 APPPATH\Views\layout\v_wrapper.php(6): view('layout/v_content')
10 SYSTEMPATH\View\View.php(213): include('APPPATH\\Views\\layout\\v_wrapper.php')
11 SYSTEMPATH\View\View.php(216): CodeIgniter\View\View->CodeIgniter\View\{closure}()
12 SYSTEMPATH\Common.php(1137): CodeIgniter\View\View->render('layout/v_wrapper', [], true)
13 APPPATH\Controllers\Master.php(27): view('layout/v_wrapper', [...])
14 SYSTEMPATH\CodeIgniter.php(904): App\Controllers\Master->index_pengguna()
15 SYSTEMPATH\CodeIgniter.php(457): CodeIgniter\CodeIgniter->runController(Object(App\Controllers\Master))
16 SYSTEMPATH\CodeIgniter.php(340): CodeIgniter\CodeIgniter->handleRequest(null, Object(Config\Cache), false)
17 FCPATH\index.php(67): CodeIgniter\CodeIgniter->run()
CRITICAL - 2024-01-20 21:58:22 --> Undefined variable $misi
in APPPATH\Views\admin\master\pengguna\v_index.php on line 48.
 1 APPPATH\Views\admin\master\pengguna\v_index.php(48): CodeIgniter\Debug\Exceptions->errorHandler(2, 'Undefined variable $misi', 'APPPATH\\Views\\admin\\master\\pengguna\\v_index.php', 48)
 2 SYSTEMPATH\View\View.php(213): include('APPPATH\\Views\\admin\\master\\pengguna\\v_index.php')
 3 SYSTEMPATH\View\View.php(216): CodeIgniter\View\View->CodeIgniter\View\{closure}()
 4 SYSTEMPATH\Common.php(1137): CodeIgniter\View\View->render('admin/master/pengguna/v_index', [], true)
 5 APPPATH\Views\layout\v_content.php(4): view('admin/master/pengguna/v_index')
 6 SYSTEMPATH\View\View.php(213): include('APPPATH\\Views\\layout\\v_content.php')
 7 SYSTEMPATH\View\View.php(216): CodeIgniter\View\View->CodeIgniter\View\{closure}()
 8 SYSTEMPATH\Common.php(1137): CodeIgniter\View\View->render('layout/v_content', [], true)
 9 APPPATH\Views\layout\v_wrapper.php(6): view('layout/v_content')
10 SYSTEMPATH\View\View.php(213): include('APPPATH\\Views\\layout\\v_wrapper.php')
11 SYSTEMPATH\View\View.php(216): CodeIgniter\View\View->CodeIgniter\View\{closure}()
12 SYSTEMPATH\Common.php(1137): CodeIgniter\View\View->render('layout/v_wrapper', [], true)
13 APPPATH\Controllers\Master.php(27): view('layout/v_wrapper', [...])
14 SYSTEMPATH\CodeIgniter.php(904): App\Controllers\Master->index_pengguna()
15 SYSTEMPATH\CodeIgniter.php(457): CodeIgniter\CodeIgniter->runController(Object(App\Controllers\Master))
16 SYSTEMPATH\CodeIgniter.php(340): CodeIgniter\CodeIgniter->handleRequest(null, Object(Config\Cache), false)
17 FCPATH\index.php(67): CodeIgniter\CodeIgniter->run()
CRITICAL - 2024-01-20 22:23:05 --> Undefined variable $misi
in APPPATH\Views\admin\master\pengguna\v_index.php on line 96.
 1 APPPATH\Views\admin\master\pengguna\v_index.php(96): CodeIgniter\Debug\Exceptions->errorHandler(2, 'Undefined variable $misi', 'APPPATH\\Views\\admin\\master\\pengguna\\v_index.php', 96)
 2 SYSTEMPATH\View\View.php(213): include('APPPATH\\Views\\admin\\master\\pengguna\\v_index.php')
 3 SYSTEMPATH\View\View.php(216): CodeIgniter\View\View->CodeIgniter\View\{closure}()
 4 SYSTEMPATH\Common.php(1137): CodeIgniter\View\View->render('admin/master/pengguna/v_index', [], true)
 5 APPPATH\Views\layout\v_content.php(4): view('admin/master/pengguna/v_index')
 6 SYSTEMPATH\View\View.php(213): include('APPPATH\\Views\\layout\\v_content.php')
 7 SYSTEMPATH\View\View.php(216): CodeIgniter\View\View->CodeIgniter\View\{closure}()
 8 SYSTEMPATH\Common.php(1137): CodeIgniter\View\View->render('layout/v_content', [], true)
 9 APPPATH\Views\layout\v_wrapper.php(6): view('layout/v_content')
10 SYSTEMPATH\View\View.php(213): include('APPPATH\\Views\\layout\\v_wrapper.php')
11 SYSTEMPATH\View\View.php(216): CodeIgniter\View\View->CodeIgniter\View\{closure}()
12 SYSTEMPATH\Common.php(1137): CodeIgniter\View\View->render('layout/v_wrapper', [], true)
13 APPPATH\Controllers\Master.php(27): view('layout/v_wrapper', [...])
14 SYSTEMPATH\CodeIgniter.php(904): App\Controllers\Master->index_pengguna()
15 SYSTEMPATH\CodeIgniter.php(457): CodeIgniter\CodeIgniter->runController(Object(App\Controllers\Master))
16 SYSTEMPATH\CodeIgniter.php(340): CodeIgniter\CodeIgniter->handleRequest(null, Object(Config\Cache), false)
17 FCPATH\index.php(67): CodeIgniter\CodeIgniter->run()
