CRITICAL - 2024-01-21 04:10:59 --> Call to undefined method CodeIgniter\Database\MySQLi\Connection::truncate()
in APPPATH\Models\ModelAgenda.php on line 53.
 1 APPPATH\Controllers\Agenda.php(146): App\Models\ModelAgenda->reset_data()
 2 SYSTEMPATH\CodeIgniter.php(904): App\Controllers\Agenda->reset_agenda()
 3 SYSTEMPATH\CodeIgniter.php(457): CodeIgniter\CodeIgniter->runController(Object(App\Controllers\Agenda))
 4 SYSTEMPATH\CodeIgniter.php(340): CodeIgniter\CodeIgniter->handleRequest(null, Object(Config\Cache), false)
 5 FCPATH\index.php(67): CodeIgniter\CodeIgniter->run()
CRITICAL - 2024-01-21 04:13:24 --> Undefined variable $value
in APPPATH\Views\admin\agenda\v_index.php on line 14.
 1 APPPATH\Views\admin\agenda\v_index.php(14): CodeIgniter\Debug\Exceptions->errorHandler(2, 'Undefined variable $value', 'APPPATH\\Views\\admin\\agenda\\v_index.php', 14)
 2 SYSTEMPATH\View\View.php(213): include('APPPATH\\Views\\admin\\agenda\\v_index.php')
 3 SYSTEMPATH\View\View.php(216): CodeIgniter\View\View->CodeIgniter\View\{closure}()
 4 SYSTEMPATH\Common.php(1137): CodeIgniter\View\View->render('admin/agenda/v_index', [], true)
 5 APPPATH\Views\layout\v_content.php(4): view('admin/agenda/v_index')
 6 SYSTEMPATH\View\View.php(213): include('APPPATH\\Views\\layout\\v_content.php')
 7 SYSTEMPATH\View\View.php(216): CodeIgniter\View\View->CodeIgniter\View\{closure}()
 8 SYSTEMPATH\Common.php(1137): CodeIgniter\View\View->render('layout/v_content', [], true)
 9 APPPATH\Views\layout\v_wrapper.php(6): view('layout/v_content')
10 SYSTEMPATH\View\View.php(213): include('APPPATH\\Views\\layout\\v_wrapper.php')
11 SYSTEMPATH\View\View.php(216): CodeIgniter\View\View->CodeIgniter\View\{closure}()
12 SYSTEMPATH\Common.php(1137): CodeIgniter\View\View->render('layout/v_wrapper', [], true)
13 APPPATH\Controllers\Agenda.php(24): view('layout/v_wrapper', [...])
14 SYSTEMPATH\CodeIgniter.php(904): App\Controllers\Agenda->index()
15 SYSTEMPATH\CodeIgniter.php(457): CodeIgniter\CodeIgniter->runController(Object(App\Controllers\Agenda))
16 SYSTEMPATH\CodeIgniter.php(340): CodeIgniter\CodeIgniter->handleRequest(null, Object(Config\Cache), false)
17 FCPATH\index.php(67): CodeIgniter\CodeIgniter->run()
ERROR - 2024-01-21 04:28:12 --> mysqli_sql_exception: Unknown column 'tb_berita.id_misi' in 'where clause' in C:\xampp\htdocs\ta_pbw\system\Database\MySQLi\Connection.php:292
Stack trace:
#0 C:\xampp\htdocs\ta_pbw\system\Database\MySQLi\Connection.php(292): mysqli->query('SELECT `tb_beri...', 0)
#1 C:\xampp\htdocs\ta_pbw\system\Database\BaseConnection.php(693): CodeIgniter\Database\MySQLi\Connection->execute('SELECT `tb_beri...')
#2 C:\xampp\htdocs\ta_pbw\system\Database\BaseConnection.php(620): CodeIgniter\Database\BaseConnection->simpleQuery('SELECT `tb_beri...')
#3 C:\xampp\htdocs\ta_pbw\system\Database\BaseBuilder.php(1585): CodeIgniter\Database\BaseConnection->query('SELECT `tb_beri...', Array, false)
#4 C:\xampp\htdocs\ta_pbw\app\Models\ModelBerita.php(49): CodeIgniter\Database\BaseBuilder->get()
#5 C:\xampp\htdocs\ta_pbw\app\Controllers\Home.php(60): App\Models\ModelBerita->detailData('1')
#6 C:\xampp\htdocs\ta_pbw\system\CodeIgniter.php(904): App\Controllers\Home->detailBerita('1')
#7 C:\xampp\htdocs\ta_pbw\system\CodeIgniter.php(457): CodeIgniter\CodeIgniter->runController(Object(App\Controllers\Home))
#8 C:\xampp\htdocs\ta_pbw\system\CodeIgniter.php(340): CodeIgniter\CodeIgniter->handleRequest(NULL, Object(Config\Cache), false)
#9 C:\xampp\htdocs\ta_pbw\index.php(67): CodeIgniter\CodeIgniter->run()
#10 {main}
CRITICAL - 2024-01-21 04:28:12 --> Call to a member function getRowArray() on bool
in APPPATH\Models\ModelBerita.php on line 49.
 1 APPPATH\Controllers\Home.php(60): App\Models\ModelBerita->detailData('1')
 2 SYSTEMPATH\CodeIgniter.php(904): App\Controllers\Home->detailBerita('1')
 3 SYSTEMPATH\CodeIgniter.php(457): CodeIgniter\CodeIgniter->runController(Object(App\Controllers\Home))
 4 SYSTEMPATH\CodeIgniter.php(340): CodeIgniter\CodeIgniter->handleRequest(null, Object(Config\Cache), false)
 5 FCPATH\index.php(67): CodeIgniter\CodeIgniter->run()
CRITICAL - 2024-01-21 04:36:12 --> Undefined variable $beritaPenelitian
in APPPATH\Views\isiberita.php on line 129.
 1 APPPATH\Views\isiberita.php(129): CodeIgniter\Debug\Exceptions->errorHandler(2, 'Undefined variable $beritaPenelitian', 'APPPATH\\Views\\isiberita.php', 129)
 2 SYSTEMPATH\View\View.php(213): include('APPPATH\\Views\\isiberita.php')
 3 SYSTEMPATH\View\View.php(216): CodeIgniter\View\View->CodeIgniter\View\{closure}()
 4 SYSTEMPATH\Common.php(1137): CodeIgniter\View\View->render('isiberita', [], true)
 5 APPPATH\Controllers\Home.php(62): view('isiberita', [...])
 6 SYSTEMPATH\CodeIgniter.php(904): App\Controllers\Home->detailBerita('1')
 7 SYSTEMPATH\CodeIgniter.php(457): CodeIgniter\CodeIgniter->runController(Object(App\Controllers\Home))
 8 SYSTEMPATH\CodeIgniter.php(340): CodeIgniter\CodeIgniter->handleRequest(null, Object(Config\Cache), false)
 9 FCPATH\index.php(67): CodeIgniter\CodeIgniter->run()
CRITICAL - 2024-01-21 04:37:02 --> Cannot access offset of type string on string
in APPPATH\Views\isiberita.php on line 134.
 1 SYSTEMPATH\View\View.php(213): include()
 2 SYSTEMPATH\View\View.php(216): CodeIgniter\View\View->CodeIgniter\View\{closure}()
 3 SYSTEMPATH\Common.php(1137): CodeIgniter\View\View->render('isiberita', [], true)
 4 APPPATH\Controllers\Home.php(62): view('isiberita', [...])
 5 SYSTEMPATH\CodeIgniter.php(904): App\Controllers\Home->detailBerita('1')
 6 SYSTEMPATH\CodeIgniter.php(457): CodeIgniter\CodeIgniter->runController(Object(App\Controllers\Home))
 7 SYSTEMPATH\CodeIgniter.php(340): CodeIgniter\CodeIgniter->handleRequest(null, Object(Config\Cache), false)
 8 FCPATH\index.php(67): CodeIgniter\CodeIgniter->run()
CRITICAL - 2024-01-21 04:37:25 --> Cannot access offset of type string on string
in APPPATH\Views\isiberita.php on line 134.
 1 SYSTEMPATH\View\View.php(213): include()
 2 SYSTEMPATH\View\View.php(216): CodeIgniter\View\View->CodeIgniter\View\{closure}()
 3 SYSTEMPATH\Common.php(1137): CodeIgniter\View\View->render('isiberita', [], true)
 4 APPPATH\Controllers\Home.php(62): view('isiberita', [...])
 5 SYSTEMPATH\CodeIgniter.php(904): App\Controllers\Home->detailBerita('1')
 6 SYSTEMPATH\CodeIgniter.php(457): CodeIgniter\CodeIgniter->runController(Object(App\Controllers\Home))
 7 SYSTEMPATH\CodeIgniter.php(340): CodeIgniter\CodeIgniter->handleRequest(null, Object(Config\Cache), false)
 8 FCPATH\index.php(67): CodeIgniter\CodeIgniter->run()
CRITICAL - 2024-01-21 04:39:04 --> Cannot access offset of type string on string
in APPPATH\Views\isiberita.php on line 121.
 1 SYSTEMPATH\View\View.php(213): include()
 2 SYSTEMPATH\View\View.php(216): CodeIgniter\View\View->CodeIgniter\View\{closure}()
 3 SYSTEMPATH\Common.php(1137): CodeIgniter\View\View->render('isiberita', [], true)
 4 APPPATH\Controllers\Home.php(62): view('isiberita', [...])
 5 SYSTEMPATH\CodeIgniter.php(904): App\Controllers\Home->detailBerita('1')
 6 SYSTEMPATH\CodeIgniter.php(457): CodeIgniter\CodeIgniter->runController(Object(App\Controllers\Home))
 7 SYSTEMPATH\CodeIgniter.php(340): CodeIgniter\CodeIgniter->handleRequest(null, Object(Config\Cache), false)
 8 FCPATH\index.php(67): CodeIgniter\CodeIgniter->run()
CRITICAL - 2024-01-21 04:39:27 --> Cannot access offset of type string on string
in APPPATH\Views\isiberita.php on line 133.
 1 SYSTEMPATH\View\View.php(213): include()
 2 SYSTEMPATH\View\View.php(216): CodeIgniter\View\View->CodeIgniter\View\{closure}()
 3 SYSTEMPATH\Common.php(1137): CodeIgniter\View\View->render('isiberita', [], true)
 4 APPPATH\Controllers\Home.php(62): view('isiberita', [...])
 5 SYSTEMPATH\CodeIgniter.php(904): App\Controllers\Home->detailBerita('1')
 6 SYSTEMPATH\CodeIgniter.php(457): CodeIgniter\CodeIgniter->runController(Object(App\Controllers\Home))
 7 SYSTEMPATH\CodeIgniter.php(340): CodeIgniter\CodeIgniter->handleRequest(null, Object(Config\Cache), false)
 8 FCPATH\index.php(67): CodeIgniter\CodeIgniter->run()
