CRITICAL - 2023-12-22 00:36:30 --> Creation of dynamic property App\Controllers\Login::$ModelLogin is deprecated
in APPPATH\Controllers\Login.php on line 12.
 1 APPPATH\Controllers\Login.php(12): CodeIgniter\Debug\Exceptions->errorHandler(8192, 'Creation of dynamic property App\\Controllers\\Login::$ModelLogin is deprecated', 'APPPATH\\Controllers\\Login.php', 12)
 2 SYSTEMPATH\CodeIgniter.php(866): App\Controllers\Login->__construct()
 3 SYSTEMPATH\CodeIgniter.php(448): CodeIgniter\CodeIgniter->createController()
 4 SYSTEMPATH\CodeIgniter.php(340): CodeIgniter\CodeIgniter->handleRequest(null, Object(Config\Cache), false)
 5 FCPATH\index.php(67): CodeIgniter\CodeIgniter->run()
CRITICAL - 2023-12-22 00:43:19 --> Creation of dynamic property App\Controllers\Login::$ModelLogin is deprecated
in APPPATH\Controllers\Login.php on line 12.
 1 APPPATH\Controllers\Login.php(12): CodeIgniter\Debug\Exceptions->errorHandler(8192, 'Creation of dynamic property App\\Controllers\\Login::$ModelLogin is deprecated', 'APPPATH\\Controllers\\Login.php', 12)
 2 SYSTEMPATH\CodeIgniter.php(866): App\Controllers\Login->__construct()
 3 SYSTEMPATH\CodeIgniter.php(448): CodeIgniter\CodeIgniter->createController()
 4 SYSTEMPATH\CodeIgniter.php(340): CodeIgniter\CodeIgniter->handleRequest(null, Object(Config\Cache), false)
 5 FCPATH\index.php(67): CodeIgniter\CodeIgniter->run()
CRITICAL - 2023-12-22 01:08:17 --> Invalid file: v_login.php
in SYSTEMPATH\Exceptions\FrameworkException.php on line 33.
 1 SYSTEMPATH\View\View.php(201): CodeIgniter\Exceptions\FrameworkException::forInvalidFile('v_login.php')
 2 SYSTEMPATH\Common.php(1137): CodeIgniter\View\View->render('v_login', [], true)
 3 APPPATH\Controllers\Login.php(21): view('v_login', [...])
 4 SYSTEMPATH\CodeIgniter.php(904): App\Controllers\Login->index()
 5 SYSTEMPATH\CodeIgniter.php(457): CodeIgniter\CodeIgniter->runController(Object(App\Controllers\Login))
 6 SYSTEMPATH\CodeIgniter.php(340): CodeIgniter\CodeIgniter->handleRequest(null, Object(Config\Cache), false)
 7 FCPATH\index.php(67): CodeIgniter\CodeIgniter->run()
