CRITICAL - 2023-12-31 00:06:00 --> required  is not a valid rule.
in SYSTEMPATH\Validation\Validation.php on line 316.
 1 SYSTEMPATH\Validation\Validation.php(316): CodeIgniter\Validation\Exceptions\ValidationException::forRuleNotFound('required ')
 2 SYSTEMPATH\Validation\Validation.php(175): CodeIgniter\Validation\Validation->processRules('judul_agenda', 'Judul Agenda', 'Agenda 2', [...], [...])
 3 SYSTEMPATH\Controller.php(140): CodeIgniter\Validation\Validation->run()
 4 APPPATH\Controllers\Agenda.php(31): CodeIgniter\Controller->validate([...])
 5 SYSTEMPATH\CodeIgniter.php(904): App\Controllers\Agenda->add_agenda()
 6 SYSTEMPATH\CodeIgniter.php(457): CodeIgniter\CodeIgniter->runController(Object(App\Controllers\Agenda))
 7 SYSTEMPATH\CodeIgniter.php(340): CodeIgniter\CodeIgniter->handleRequest(null, Object(Config\Cache), false)
 8 FCPATH\index.php(67): CodeIgniter\CodeIgniter->run()
CRITICAL - 2023-12-31 00:08:37 --> required  is not a valid rule.
in SYSTEMPATH\Validation\Validation.php on line 316.
 1 SYSTEMPATH\Validation\Validation.php(316): CodeIgniter\Validation\Exceptions\ValidationException::forRuleNotFound('required ')
 2 SYSTEMPATH\Validation\Validation.php(175): CodeIgniter\Validation\Validation->processRules('judul_agenda', 'Judul Agenda', 'Agenda 2', [...], [...])
 3 SYSTEMPATH\Controller.php(140): CodeIgniter\Validation\Validation->run()
 4 APPPATH\Controllers\Agenda.php(31): CodeIgniter\Controller->validate([...])
 5 SYSTEMPATH\CodeIgniter.php(904): App\Controllers\Agenda->add_agenda()
 6 SYSTEMPATH\CodeIgniter.php(457): CodeIgniter\CodeIgniter->runController(Object(App\Controllers\Agenda))
 7 SYSTEMPATH\CodeIgniter.php(340): CodeIgniter\CodeIgniter->handleRequest(null, Object(Config\Cache), false)
 8 FCPATH\index.php(67): CodeIgniter\CodeIgniter->run()
CRITICAL - 2023-12-31 00:08:44 --> required  is not a valid rule.
in SYSTEMPATH\Validation\Validation.php on line 316.
 1 SYSTEMPATH\Validation\Validation.php(316): CodeIgniter\Validation\Exceptions\ValidationException::forRuleNotFound('required ')
 2 SYSTEMPATH\Validation\Validation.php(175): CodeIgniter\Validation\Validation->processRules('judul_agenda', 'Judul Agenda', 'C:\\xampp\\htdocs\\ta_pbw', [...], [...])
 3 SYSTEMPATH\Controller.php(140): CodeIgniter\Validation\Validation->run()
 4 APPPATH\Controllers\Agenda.php(31): CodeIgniter\Controller->validate([...])
 5 SYSTEMPATH\CodeIgniter.php(904): App\Controllers\Agenda->add_agenda()
 6 SYSTEMPATH\CodeIgniter.php(457): CodeIgniter\CodeIgniter->runController(Object(App\Controllers\Agenda))
 7 SYSTEMPATH\CodeIgniter.php(340): CodeIgniter\CodeIgniter->handleRequest(null, Object(Config\Cache), false)
 8 FCPATH\index.php(67): CodeIgniter\CodeIgniter->run()
CRITICAL - 2023-12-31 00:13:50 --> Undefined variable $misi
in APPPATH\Views\admin\agenda\v_index.php on line 170.
 1 APPPATH\Views\admin\agenda\v_index.php(170): CodeIgniter\Debug\Exceptions->errorHandler(2, 'Undefined variable $misi', 'APPPATH\\Views\\admin\\agenda\\v_index.php', 170)
 2 SYSTEMPATH\View\View.php(213): include('APPPATH\\Views\\admin\\agenda\\v_index.php')
 3 SYSTEMPATH\View\View.php(216): CodeIgniter\View\View->CodeIgniter\View\{closure}()
 4 SYSTEMPATH\Common.php(1137): CodeIgniter\View\View->render('admin/agenda/v_index', [], true)
 5 APPPATH\Views\layout\v_content.php(4): view('admin/agenda/v_index')
 6 SYSTEMPATH\View\View.php(213): include('APPPATH\\Views\\layout\\v_content.php')
 7 SYSTEMPATH\View\View.php(216): CodeIgniter\View\View->CodeIgniter\View\{closure}()
 8 SYSTEMPATH\Common.php(1137): CodeIgniter\View\View->render('layout/v_content', [], true)
 9 APPPATH\Views\layout\v_wrapper.php(6): view('layout/v_content')
10 SYSTEMPATH\View\View.php(213): include('APPPATH\\Views\\layout\\v_wrapper.php')
11 SYSTEMPATH\View\View.php(216): CodeIgniter\View\View->CodeIgniter\View\{closure}()
12 SYSTEMPATH\Common.php(1137): CodeIgniter\View\View->render('layout/v_wrapper', [], true)
13 APPPATH\Controllers\Agenda.php(24): view('layout/v_wrapper', [...])
14 SYSTEMPATH\CodeIgniter.php(904): App\Controllers\Agenda->index()
15 SYSTEMPATH\CodeIgniter.php(457): CodeIgniter\CodeIgniter->runController(Object(App\Controllers\Agenda))
16 SYSTEMPATH\CodeIgniter.php(340): CodeIgniter\CodeIgniter->handleRequest(null, Object(Config\Cache), false)
17 FCPATH\index.php(67): CodeIgniter\CodeIgniter->run()
CRITICAL - 2023-12-31 00:13:56 --> Undefined array key "id_misi"
in APPPATH\Views\admin\agenda\v_index.php on line 171.
 1 APPPATH\Views\admin\agenda\v_index.php(171): CodeIgniter\Debug\Exceptions->errorHandler(2, 'Undefined array key "id_misi"', 'APPPATH\\Views\\admin\\agenda\\v_index.php', 171)
 2 SYSTEMPATH\View\View.php(213): include('APPPATH\\Views\\admin\\agenda\\v_index.php')
 3 SYSTEMPATH\View\View.php(216): CodeIgniter\View\View->CodeIgniter\View\{closure}()
 4 SYSTEMPATH\Common.php(1137): CodeIgniter\View\View->render('admin/agenda/v_index', [], true)
 5 APPPATH\Views\layout\v_content.php(4): view('admin/agenda/v_index')
 6 SYSTEMPATH\View\View.php(213): include('APPPATH\\Views\\layout\\v_content.php')
 7 SYSTEMPATH\View\View.php(216): CodeIgniter\View\View->CodeIgniter\View\{closure}()
 8 SYSTEMPATH\Common.php(1137): CodeIgniter\View\View->render('layout/v_content', [], true)
 9 APPPATH\Views\layout\v_wrapper.php(6): view('layout/v_content')
10 SYSTEMPATH\View\View.php(213): include('APPPATH\\Views\\layout\\v_wrapper.php')
11 SYSTEMPATH\View\View.php(216): CodeIgniter\View\View->CodeIgniter\View\{closure}()
12 SYSTEMPATH\Common.php(1137): CodeIgniter\View\View->render('layout/v_wrapper', [], true)
13 APPPATH\Controllers\Agenda.php(24): view('layout/v_wrapper', [...])
14 SYSTEMPATH\CodeIgniter.php(904): App\Controllers\Agenda->index()
15 SYSTEMPATH\CodeIgniter.php(457): CodeIgniter\CodeIgniter->runController(Object(App\Controllers\Agenda))
16 SYSTEMPATH\CodeIgniter.php(340): CodeIgniter\CodeIgniter->handleRequest(null, Object(Config\Cache), false)
17 FCPATH\index.php(67): CodeIgniter\CodeIgniter->run()
CRITICAL - 2023-12-31 00:14:03 --> Undefined array key "id_misi"
in APPPATH\Views\admin\agenda\v_index.php on line 180.
 1 APPPATH\Views\admin\agenda\v_index.php(180): CodeIgniter\Debug\Exceptions->errorHandler(2, 'Undefined array key "id_misi"', 'APPPATH\\Views\\admin\\agenda\\v_index.php', 180)
 2 SYSTEMPATH\View\View.php(213): include('APPPATH\\Views\\admin\\agenda\\v_index.php')
 3 SYSTEMPATH\View\View.php(216): CodeIgniter\View\View->CodeIgniter\View\{closure}()
 4 SYSTEMPATH\Common.php(1137): CodeIgniter\View\View->render('admin/agenda/v_index', [], true)
 5 APPPATH\Views\layout\v_content.php(4): view('admin/agenda/v_index')
 6 SYSTEMPATH\View\View.php(213): include('APPPATH\\Views\\layout\\v_content.php')
 7 SYSTEMPATH\View\View.php(216): CodeIgniter\View\View->CodeIgniter\View\{closure}()
 8 SYSTEMPATH\Common.php(1137): CodeIgniter\View\View->render('layout/v_content', [], true)
 9 APPPATH\Views\layout\v_wrapper.php(6): view('layout/v_content')
10 SYSTEMPATH\View\View.php(213): include('APPPATH\\Views\\layout\\v_wrapper.php')
11 SYSTEMPATH\View\View.php(216): CodeIgniter\View\View->CodeIgniter\View\{closure}()
12 SYSTEMPATH\Common.php(1137): CodeIgniter\View\View->render('layout/v_wrapper', [], true)
13 APPPATH\Controllers\Agenda.php(24): view('layout/v_wrapper', [...])
14 SYSTEMPATH\CodeIgniter.php(904): App\Controllers\Agenda->index()
15 SYSTEMPATH\CodeIgniter.php(457): CodeIgniter\CodeIgniter->runController(Object(App\Controllers\Agenda))
16 SYSTEMPATH\CodeIgniter.php(340): CodeIgniter\CodeIgniter->handleRequest(null, Object(Config\Cache), false)
17 FCPATH\index.php(67): CodeIgniter\CodeIgniter->run()
CRITICAL - 2023-12-31 00:14:18 --> Undefined array key "isi"
in APPPATH\Views\admin\agenda\v_index.php on line 188.
 1 APPPATH\Views\admin\agenda\v_index.php(188): CodeIgniter\Debug\Exceptions->errorHandler(2, 'Undefined array key "isi"', 'APPPATH\\Views\\admin\\agenda\\v_index.php', 188)
 2 SYSTEMPATH\View\View.php(213): include('APPPATH\\Views\\admin\\agenda\\v_index.php')
 3 SYSTEMPATH\View\View.php(216): CodeIgniter\View\View->CodeIgniter\View\{closure}()
 4 SYSTEMPATH\Common.php(1137): CodeIgniter\View\View->render('admin/agenda/v_index', [], true)
 5 APPPATH\Views\layout\v_content.php(4): view('admin/agenda/v_index')
 6 SYSTEMPATH\View\View.php(213): include('APPPATH\\Views\\layout\\v_content.php')
 7 SYSTEMPATH\View\View.php(216): CodeIgniter\View\View->CodeIgniter\View\{closure}()
 8 SYSTEMPATH\Common.php(1137): CodeIgniter\View\View->render('layout/v_content', [], true)
 9 APPPATH\Views\layout\v_wrapper.php(6): view('layout/v_content')
10 SYSTEMPATH\View\View.php(213): include('APPPATH\\Views\\layout\\v_wrapper.php')
11 SYSTEMPATH\View\View.php(216): CodeIgniter\View\View->CodeIgniter\View\{closure}()
12 SYSTEMPATH\Common.php(1137): CodeIgniter\View\View->render('layout/v_wrapper', [], true)
13 APPPATH\Controllers\Agenda.php(24): view('layout/v_wrapper', [...])
14 SYSTEMPATH\CodeIgniter.php(904): App\Controllers\Agenda->index()
15 SYSTEMPATH\CodeIgniter.php(457): CodeIgniter\CodeIgniter->runController(Object(App\Controllers\Agenda))
16 SYSTEMPATH\CodeIgniter.php(340): CodeIgniter\CodeIgniter->handleRequest(null, Object(Config\Cache), false)
17 FCPATH\index.php(67): CodeIgniter\CodeIgniter->run()
CRITICAL - 2023-12-31 01:01:14 --> syntax error, unexpected token "<"
in APPPATH\Views\admin\agenda\v_index.php on line 180.
 1 SYSTEMPATH\View\View.php(216): CodeIgniter\View\View->CodeIgniter\View\{closure}()
 2 SYSTEMPATH\Common.php(1137): CodeIgniter\View\View->render('admin/agenda/v_index', [], true)
 3 APPPATH\Views\layout\v_content.php(4): view('admin/agenda/v_index')
 4 SYSTEMPATH\View\View.php(213): include('APPPATH\\Views\\layout\\v_content.php')
 5 SYSTEMPATH\View\View.php(216): CodeIgniter\View\View->CodeIgniter\View\{closure}()
 6 SYSTEMPATH\Common.php(1137): CodeIgniter\View\View->render('layout/v_content', [], true)
 7 APPPATH\Views\layout\v_wrapper.php(6): view('layout/v_content')
 8 SYSTEMPATH\View\View.php(213): include('APPPATH\\Views\\layout\\v_wrapper.php')
 9 SYSTEMPATH\View\View.php(216): CodeIgniter\View\View->CodeIgniter\View\{closure}()
10 SYSTEMPATH\Common.php(1137): CodeIgniter\View\View->render('layout/v_wrapper', [], true)
11 APPPATH\Controllers\Agenda.php(24): view('layout/v_wrapper', [...])
12 SYSTEMPATH\CodeIgniter.php(904): App\Controllers\Agenda->index()
13 SYSTEMPATH\CodeIgniter.php(457): CodeIgniter\CodeIgniter->runController(Object(App\Controllers\Agenda))
14 SYSTEMPATH\CodeIgniter.php(340): CodeIgniter\CodeIgniter->handleRequest(null, Object(Config\Cache), false)
15 FCPATH\index.php(67): CodeIgniter\CodeIgniter->run()
CRITICAL - 2023-12-31 01:06:25 --> Undefined variable $value
in APPPATH\Views\layout\v_footer.php on line 63.
 1 APPPATH\Views\layout\v_footer.php(63): CodeIgniter\Debug\Exceptions->errorHandler(2, 'Undefined variable $value', 'APPPATH\\Views\\layout\\v_footer.php', 63)
 2 SYSTEMPATH\View\View.php(213): include('APPPATH\\Views\\layout\\v_footer.php')
 3 SYSTEMPATH\View\View.php(216): CodeIgniter\View\View->CodeIgniter\View\{closure}()
 4 SYSTEMPATH\Common.php(1137): CodeIgniter\View\View->render('layout/v_footer', [], true)
 5 APPPATH\Views\layout\v_wrapper.php(7): view('layout/v_footer')
 6 SYSTEMPATH\View\View.php(213): include('APPPATH\\Views\\layout\\v_wrapper.php')
 7 SYSTEMPATH\View\View.php(216): CodeIgniter\View\View->CodeIgniter\View\{closure}()
 8 SYSTEMPATH\Common.php(1137): CodeIgniter\View\View->render('layout/v_wrapper', [], true)
 9 APPPATH\Controllers\Agenda.php(24): view('layout/v_wrapper', [...])
10 SYSTEMPATH\CodeIgniter.php(904): App\Controllers\Agenda->index()
11 SYSTEMPATH\CodeIgniter.php(457): CodeIgniter\CodeIgniter->runController(Object(App\Controllers\Agenda))
12 SYSTEMPATH\CodeIgniter.php(340): CodeIgniter\CodeIgniter->handleRequest(null, Object(Config\Cache), false)
13 FCPATH\index.php(67): CodeIgniter\CodeIgniter->run()
CRITICAL - 2023-12-31 02:31:13 --> required  is not a valid rule.
in SYSTEMPATH\Validation\Validation.php on line 316.
 1 SYSTEMPATH\Validation\Validation.php(316): CodeIgniter\Validation\Exceptions\ValidationException::forRuleNotFound('required ')
 2 SYSTEMPATH\Validation\Validation.php(175): CodeIgniter\Validation\Validation->processRules('judul_agenda', 'Judul Agenda', 'Agenda 4', [...], [...])
 3 SYSTEMPATH\Controller.php(140): CodeIgniter\Validation\Validation->run()
 4 APPPATH\Controllers\Agenda.php(80): CodeIgniter\Controller->validate([...])
 5 SYSTEMPATH\CodeIgniter.php(904): App\Controllers\Agenda->edit_agenda('3')
 6 SYSTEMPATH\CodeIgniter.php(457): CodeIgniter\CodeIgniter->runController(Object(App\Controllers\Agenda))
 7 SYSTEMPATH\CodeIgniter.php(340): CodeIgniter\CodeIgniter->handleRequest(null, Object(Config\Cache), false)
 8 FCPATH\index.php(67): CodeIgniter\CodeIgniter->run()
CRITICAL - 2023-12-31 02:34:00 --> Undefined variable $misi
in APPPATH\Views\admin\agenda\v_index.php on line 219.
 1 APPPATH\Views\admin\agenda\v_index.php(219): CodeIgniter\Debug\Exceptions->errorHandler(2, 'Undefined variable $misi', 'APPPATH\\Views\\admin\\agenda\\v_index.php', 219)
 2 SYSTEMPATH\View\View.php(213): include('APPPATH\\Views\\admin\\agenda\\v_index.php')
 3 SYSTEMPATH\View\View.php(216): CodeIgniter\View\View->CodeIgniter\View\{closure}()
 4 SYSTEMPATH\Common.php(1137): CodeIgniter\View\View->render('admin/agenda/v_index', [], true)
 5 APPPATH\Views\layout\v_content.php(4): view('admin/agenda/v_index')
 6 SYSTEMPATH\View\View.php(213): include('APPPATH\\Views\\layout\\v_content.php')
 7 SYSTEMPATH\View\View.php(216): CodeIgniter\View\View->CodeIgniter\View\{closure}()
 8 SYSTEMPATH\Common.php(1137): CodeIgniter\View\View->render('layout/v_content', [], true)
 9 APPPATH\Views\layout\v_wrapper.php(6): view('layout/v_content')
10 SYSTEMPATH\View\View.php(213): include('APPPATH\\Views\\layout\\v_wrapper.php')
11 SYSTEMPATH\View\View.php(216): CodeIgniter\View\View->CodeIgniter\View\{closure}()
12 SYSTEMPATH\Common.php(1137): CodeIgniter\View\View->render('layout/v_wrapper', [], true)
13 APPPATH\Controllers\Agenda.php(24): view('layout/v_wrapper', [...])
14 SYSTEMPATH\CodeIgniter.php(904): App\Controllers\Agenda->index()
15 SYSTEMPATH\CodeIgniter.php(457): CodeIgniter\CodeIgniter->runController(Object(App\Controllers\Agenda))
16 SYSTEMPATH\CodeIgniter.php(340): CodeIgniter\CodeIgniter->handleRequest(null, Object(Config\Cache), false)
17 FCPATH\index.php(67): CodeIgniter\CodeIgniter->run()
CRITICAL - 2023-12-31 02:34:18 --> Undefined array key "id_misi"
in APPPATH\Views\admin\agenda\v_index.php on line 220.
 1 APPPATH\Views\admin\agenda\v_index.php(220): CodeIgniter\Debug\Exceptions->errorHandler(2, 'Undefined array key "id_misi"', 'APPPATH\\Views\\admin\\agenda\\v_index.php', 220)
 2 SYSTEMPATH\View\View.php(213): include('APPPATH\\Views\\admin\\agenda\\v_index.php')
 3 SYSTEMPATH\View\View.php(216): CodeIgniter\View\View->CodeIgniter\View\{closure}()
 4 SYSTEMPATH\Common.php(1137): CodeIgniter\View\View->render('admin/agenda/v_index', [], true)
 5 APPPATH\Views\layout\v_content.php(4): view('admin/agenda/v_index')
 6 SYSTEMPATH\View\View.php(213): include('APPPATH\\Views\\layout\\v_content.php')
 7 SYSTEMPATH\View\View.php(216): CodeIgniter\View\View->CodeIgniter\View\{closure}()
 8 SYSTEMPATH\Common.php(1137): CodeIgniter\View\View->render('layout/v_content', [], true)
 9 APPPATH\Views\layout\v_wrapper.php(6): view('layout/v_content')
10 SYSTEMPATH\View\View.php(213): include('APPPATH\\Views\\layout\\v_wrapper.php')
11 SYSTEMPATH\View\View.php(216): CodeIgniter\View\View->CodeIgniter\View\{closure}()
12 SYSTEMPATH\Common.php(1137): CodeIgniter\View\View->render('layout/v_wrapper', [], true)
13 APPPATH\Controllers\Agenda.php(24): view('layout/v_wrapper', [...])
14 SYSTEMPATH\CodeIgniter.php(904): App\Controllers\Agenda->index()
15 SYSTEMPATH\CodeIgniter.php(457): CodeIgniter\CodeIgniter->runController(Object(App\Controllers\Agenda))
16 SYSTEMPATH\CodeIgniter.php(340): CodeIgniter\CodeIgniter->handleRequest(null, Object(Config\Cache), false)
17 FCPATH\index.php(67): CodeIgniter\CodeIgniter->run()
CRITICAL - 2023-12-31 02:34:26 --> Undefined array key "id_misi"
in APPPATH\Views\admin\agenda\v_index.php on line 232.
 1 APPPATH\Views\admin\agenda\v_index.php(232): CodeIgniter\Debug\Exceptions->errorHandler(2, 'Undefined array key "id_misi"', 'APPPATH\\Views\\admin\\agenda\\v_index.php', 232)
 2 SYSTEMPATH\View\View.php(213): include('APPPATH\\Views\\admin\\agenda\\v_index.php')
 3 SYSTEMPATH\View\View.php(216): CodeIgniter\View\View->CodeIgniter\View\{closure}()
 4 SYSTEMPATH\Common.php(1137): CodeIgniter\View\View->render('admin/agenda/v_index', [], true)
 5 APPPATH\Views\layout\v_content.php(4): view('admin/agenda/v_index')
 6 SYSTEMPATH\View\View.php(213): include('APPPATH\\Views\\layout\\v_content.php')
 7 SYSTEMPATH\View\View.php(216): CodeIgniter\View\View->CodeIgniter\View\{closure}()
 8 SYSTEMPATH\Common.php(1137): CodeIgniter\View\View->render('layout/v_content', [], true)
 9 APPPATH\Views\layout\v_wrapper.php(6): view('layout/v_content')
10 SYSTEMPATH\View\View.php(213): include('APPPATH\\Views\\layout\\v_wrapper.php')
11 SYSTEMPATH\View\View.php(216): CodeIgniter\View\View->CodeIgniter\View\{closure}()
12 SYSTEMPATH\Common.php(1137): CodeIgniter\View\View->render('layout/v_wrapper', [], true)
13 APPPATH\Controllers\Agenda.php(24): view('layout/v_wrapper', [...])
14 SYSTEMPATH\CodeIgniter.php(904): App\Controllers\Agenda->index()
15 SYSTEMPATH\CodeIgniter.php(457): CodeIgniter\CodeIgniter->runController(Object(App\Controllers\Agenda))
16 SYSTEMPATH\CodeIgniter.php(340): CodeIgniter\CodeIgniter->handleRequest(null, Object(Config\Cache), false)
17 FCPATH\index.php(67): CodeIgniter\CodeIgniter->run()
ERROR - 2023-12-31 05:17:41 --> mysqli_sql_exception: Unknown column 'tb-berita.edited_by' in 'on clause' in C:\xampp\htdocs\ta_pbw\system\Database\MySQLi\Connection.php:292
Stack trace:
#0 C:\xampp\htdocs\ta_pbw\system\Database\MySQLi\Connection.php(292): mysqli->query('SELECT `tb_beri...', 0)
#1 C:\xampp\htdocs\ta_pbw\system\Database\BaseConnection.php(693): CodeIgniter\Database\MySQLi\Connection->execute('SELECT `tb_beri...')
#2 C:\xampp\htdocs\ta_pbw\system\Database\BaseConnection.php(620): CodeIgniter\Database\BaseConnection->simpleQuery('SELECT `tb_beri...')
#3 C:\xampp\htdocs\ta_pbw\system\Database\BaseBuilder.php(1585): CodeIgniter\Database\BaseConnection->query('SELECT `tb_beri...', Array, false)
#4 C:\xampp\htdocs\ta_pbw\app\Models\ModelBerita.php(20): CodeIgniter\Database\BaseBuilder->get()
#5 C:\xampp\htdocs\ta_pbw\app\Controllers\Berita.php(22): App\Models\ModelBerita->allData()
#6 C:\xampp\htdocs\ta_pbw\system\CodeIgniter.php(904): App\Controllers\Berita->index()
#7 C:\xampp\htdocs\ta_pbw\system\CodeIgniter.php(457): CodeIgniter\CodeIgniter->runController(Object(App\Controllers\Berita))
#8 C:\xampp\htdocs\ta_pbw\system\CodeIgniter.php(340): CodeIgniter\CodeIgniter->handleRequest(NULL, Object(Config\Cache), false)
#9 C:\xampp\htdocs\ta_pbw\index.php(67): CodeIgniter\CodeIgniter->run()
#10 {main}
CRITICAL - 2023-12-31 05:17:41 --> Call to a member function getResultArray() on bool
in APPPATH\Models\ModelBerita.php on line 20.
 1 APPPATH\Controllers\Berita.php(22): App\Models\ModelBerita->allData()
 2 SYSTEMPATH\CodeIgniter.php(904): App\Controllers\Berita->index()
 3 SYSTEMPATH\CodeIgniter.php(457): CodeIgniter\CodeIgniter->runController(Object(App\Controllers\Berita))
 4 SYSTEMPATH\CodeIgniter.php(340): CodeIgniter\CodeIgniter->handleRequest(null, Object(Config\Cache), false)
 5 FCPATH\index.php(67): CodeIgniter\CodeIgniter->run()
CRITICAL - 2023-12-31 05:18:01 --> Undefined variable $agenda
in APPPATH\Views\admin\berita\v_index.php on line 49.
 1 APPPATH\Views\admin\berita\v_index.php(49): CodeIgniter\Debug\Exceptions->errorHandler(2, 'Undefined variable $agenda', 'APPPATH\\Views\\admin\\berita\\v_index.php', 49)
 2 SYSTEMPATH\View\View.php(213): include('APPPATH\\Views\\admin\\berita\\v_index.php')
 3 SYSTEMPATH\View\View.php(216): CodeIgniter\View\View->CodeIgniter\View\{closure}()
 4 SYSTEMPATH\Common.php(1137): CodeIgniter\View\View->render('admin/berita/v_index', [], true)
 5 APPPATH\Views\layout\v_content.php(4): view('admin/berita/v_index')
 6 SYSTEMPATH\View\View.php(213): include('APPPATH\\Views\\layout\\v_content.php')
 7 SYSTEMPATH\View\View.php(216): CodeIgniter\View\View->CodeIgniter\View\{closure}()
 8 SYSTEMPATH\Common.php(1137): CodeIgniter\View\View->render('layout/v_content', [], true)
 9 APPPATH\Views\layout\v_wrapper.php(6): view('layout/v_content')
10 SYSTEMPATH\View\View.php(213): include('APPPATH\\Views\\layout\\v_wrapper.php')
11 SYSTEMPATH\View\View.php(216): CodeIgniter\View\View->CodeIgniter\View\{closure}()
12 SYSTEMPATH\Common.php(1137): CodeIgniter\View\View->render('layout/v_wrapper', [], true)
13 APPPATH\Controllers\Berita.php(24): view('layout/v_wrapper', [...])
14 SYSTEMPATH\CodeIgniter.php(904): App\Controllers\Berita->index()
15 SYSTEMPATH\CodeIgniter.php(457): CodeIgniter\CodeIgniter->runController(Object(App\Controllers\Berita))
16 SYSTEMPATH\CodeIgniter.php(340): CodeIgniter\CodeIgniter->handleRequest(null, Object(Config\Cache), false)
17 FCPATH\index.php(67): CodeIgniter\CodeIgniter->run()
CRITICAL - 2023-12-31 05:18:16 --> Undefined variable $agenda
in APPPATH\Views\layout\v_footer.php on line 61.
 1 APPPATH\Views\layout\v_footer.php(61): CodeIgniter\Debug\Exceptions->errorHandler(2, 'Undefined variable $agenda', 'APPPATH\\Views\\layout\\v_footer.php', 61)
 2 SYSTEMPATH\View\View.php(213): include('APPPATH\\Views\\layout\\v_footer.php')
 3 SYSTEMPATH\View\View.php(216): CodeIgniter\View\View->CodeIgniter\View\{closure}()
 4 SYSTEMPATH\Common.php(1137): CodeIgniter\View\View->render('layout/v_footer', [], true)
 5 APPPATH\Views\layout\v_wrapper.php(7): view('layout/v_footer')
 6 SYSTEMPATH\View\View.php(213): include('APPPATH\\Views\\layout\\v_wrapper.php')
 7 SYSTEMPATH\View\View.php(216): CodeIgniter\View\View->CodeIgniter\View\{closure}()
 8 SYSTEMPATH\Common.php(1137): CodeIgniter\View\View->render('layout/v_wrapper', [], true)
 9 APPPATH\Controllers\Berita.php(24): view('layout/v_wrapper', [...])
10 SYSTEMPATH\CodeIgniter.php(904): App\Controllers\Berita->index()
11 SYSTEMPATH\CodeIgniter.php(457): CodeIgniter\CodeIgniter->runController(Object(App\Controllers\Berita))
12 SYSTEMPATH\CodeIgniter.php(340): CodeIgniter\CodeIgniter->handleRequest(null, Object(Config\Cache), false)
13 FCPATH\index.php(67): CodeIgniter\CodeIgniter->run()
CRITICAL - 2023-12-31 05:19:27 --> Undefined variable $agenda
in APPPATH\Views\layout\v_footer.php on line 61.
 1 APPPATH\Views\layout\v_footer.php(61): CodeIgniter\Debug\Exceptions->errorHandler(2, 'Undefined variable $agenda', 'APPPATH\\Views\\layout\\v_footer.php', 61)
 2 SYSTEMPATH\View\View.php(213): include('APPPATH\\Views\\layout\\v_footer.php')
 3 SYSTEMPATH\View\View.php(216): CodeIgniter\View\View->CodeIgniter\View\{closure}()
 4 SYSTEMPATH\Common.php(1137): CodeIgniter\View\View->render('layout/v_footer', [], true)
 5 APPPATH\Views\layout\v_wrapper.php(7): view('layout/v_footer')
 6 SYSTEMPATH\View\View.php(213): include('APPPATH\\Views\\layout\\v_wrapper.php')
 7 SYSTEMPATH\View\View.php(216): CodeIgniter\View\View->CodeIgniter\View\{closure}()
 8 SYSTEMPATH\Common.php(1137): CodeIgniter\View\View->render('layout/v_wrapper', [], true)
 9 APPPATH\Controllers\User.php(19): view('layout/v_wrapper', [...])
10 SYSTEMPATH\CodeIgniter.php(904): App\Controllers\User->index()
11 SYSTEMPATH\CodeIgniter.php(457): CodeIgniter\CodeIgniter->runController(Object(App\Controllers\User))
12 SYSTEMPATH\CodeIgniter.php(340): CodeIgniter\CodeIgniter->handleRequest(null, Object(Config\Cache), false)
13 FCPATH\index.php(67): CodeIgniter\CodeIgniter->run()
CRITICAL - 2023-12-31 05:20:05 --> Undefined variable $agenda
in APPPATH\Views\layout\v_footer.php on line 61.
 1 APPPATH\Views\layout\v_footer.php(61): CodeIgniter\Debug\Exceptions->errorHandler(2, 'Undefined variable $agenda', 'APPPATH\\Views\\layout\\v_footer.php', 61)
 2 SYSTEMPATH\View\View.php(213): include('APPPATH\\Views\\layout\\v_footer.php')
 3 SYSTEMPATH\View\View.php(216): CodeIgniter\View\View->CodeIgniter\View\{closure}()
 4 SYSTEMPATH\Common.php(1137): CodeIgniter\View\View->render('layout/v_footer', [], true)
 5 APPPATH\Views\layout\v_wrapper.php(7): view('layout/v_footer')
 6 SYSTEMPATH\View\View.php(213): include('APPPATH\\Views\\layout\\v_wrapper.php')
 7 SYSTEMPATH\View\View.php(216): CodeIgniter\View\View->CodeIgniter\View\{closure}()
 8 SYSTEMPATH\Common.php(1137): CodeIgniter\View\View->render('layout/v_wrapper', [], true)
 9 APPPATH\Controllers\Berita.php(26): view('layout/v_wrapper', [...])
10 SYSTEMPATH\CodeIgniter.php(904): App\Controllers\Berita->index()
11 SYSTEMPATH\CodeIgniter.php(457): CodeIgniter\CodeIgniter->runController(Object(App\Controllers\Berita))
12 SYSTEMPATH\CodeIgniter.php(340): CodeIgniter\CodeIgniter->handleRequest(null, Object(Config\Cache), false)
13 FCPATH\index.php(67): CodeIgniter\CodeIgniter->run()
CRITICAL - 2023-12-31 05:20:06 --> Undefined variable $agenda
in APPPATH\Views\layout\v_footer.php on line 61.
 1 APPPATH\Views\layout\v_footer.php(61): CodeIgniter\Debug\Exceptions->errorHandler(2, 'Undefined variable $agenda', 'APPPATH\\Views\\layout\\v_footer.php', 61)
 2 SYSTEMPATH\View\View.php(213): include('APPPATH\\Views\\layout\\v_footer.php')
 3 SYSTEMPATH\View\View.php(216): CodeIgniter\View\View->CodeIgniter\View\{closure}()
 4 SYSTEMPATH\Common.php(1137): CodeIgniter\View\View->render('layout/v_footer', [], true)
 5 APPPATH\Views\layout\v_wrapper.php(7): view('layout/v_footer')
 6 SYSTEMPATH\View\View.php(213): include('APPPATH\\Views\\layout\\v_wrapper.php')
 7 SYSTEMPATH\View\View.php(216): CodeIgniter\View\View->CodeIgniter\View\{closure}()
 8 SYSTEMPATH\Common.php(1137): CodeIgniter\View\View->render('layout/v_wrapper', [], true)
 9 APPPATH\Controllers\Berita.php(26): view('layout/v_wrapper', [...])
10 SYSTEMPATH\CodeIgniter.php(904): App\Controllers\Berita->index()
11 SYSTEMPATH\CodeIgniter.php(457): CodeIgniter\CodeIgniter->runController(Object(App\Controllers\Berita))
12 SYSTEMPATH\CodeIgniter.php(340): CodeIgniter\CodeIgniter->handleRequest(null, Object(Config\Cache), false)
13 FCPATH\index.php(67): CodeIgniter\CodeIgniter->run()
CRITICAL - 2023-12-31 18:53:26 --> Undefined variable $agenda
in APPPATH\Views\layout\v_footer.php on line 61.
 1 APPPATH\Views\layout\v_footer.php(61): CodeIgniter\Debug\Exceptions->errorHandler(2, 'Undefined variable $agenda', 'APPPATH\\Views\\layout\\v_footer.php', 61)
 2 SYSTEMPATH\View\View.php(213): include('APPPATH\\Views\\layout\\v_footer.php')
 3 SYSTEMPATH\View\View.php(216): CodeIgniter\View\View->CodeIgniter\View\{closure}()
 4 SYSTEMPATH\Common.php(1137): CodeIgniter\View\View->render('layout/v_footer', [], true)
 5 APPPATH\Views\layout\v_wrapper.php(7): view('layout/v_footer')
 6 SYSTEMPATH\View\View.php(213): include('APPPATH\\Views\\layout\\v_wrapper.php')
 7 SYSTEMPATH\View\View.php(216): CodeIgniter\View\View->CodeIgniter\View\{closure}()
 8 SYSTEMPATH\Common.php(1137): CodeIgniter\View\View->render('layout/v_wrapper', [], true)
 9 APPPATH\Controllers\User.php(19): view('layout/v_wrapper', [...])
10 SYSTEMPATH\CodeIgniter.php(904): App\Controllers\User->index()
11 SYSTEMPATH\CodeIgniter.php(457): CodeIgniter\CodeIgniter->runController(Object(App\Controllers\User))
12 SYSTEMPATH\CodeIgniter.php(340): CodeIgniter\CodeIgniter->handleRequest(null, Object(Config\Cache), false)
13 FCPATH\index.php(67): CodeIgniter\CodeIgniter->run()
CRITICAL - 2023-12-31 18:55:04 --> Undefined variable $agenda
in APPPATH\Views\layout\v_footer.php on line 61.
 1 APPPATH\Views\layout\v_footer.php(61): CodeIgniter\Debug\Exceptions->errorHandler(2, 'Undefined variable $agenda', 'APPPATH\\Views\\layout\\v_footer.php', 61)
 2 SYSTEMPATH\View\View.php(213): include('APPPATH\\Views\\layout\\v_footer.php')
 3 SYSTEMPATH\View\View.php(216): CodeIgniter\View\View->CodeIgniter\View\{closure}()
 4 SYSTEMPATH\Common.php(1137): CodeIgniter\View\View->render('layout/v_footer', [], true)
 5 APPPATH\Views\layout\v_wrapper.php(7): view('layout/v_footer')
 6 SYSTEMPATH\View\View.php(213): include('APPPATH\\Views\\layout\\v_wrapper.php')
 7 SYSTEMPATH\View\View.php(216): CodeIgniter\View\View->CodeIgniter\View\{closure}()
 8 SYSTEMPATH\Common.php(1137): CodeIgniter\View\View->render('layout/v_wrapper', [], true)
 9 APPPATH\Controllers\User.php(19): view('layout/v_wrapper', [...])
10 SYSTEMPATH\CodeIgniter.php(904): App\Controllers\User->index()
11 SYSTEMPATH\CodeIgniter.php(457): CodeIgniter\CodeIgniter->runController(Object(App\Controllers\User))
12 SYSTEMPATH\CodeIgniter.php(340): CodeIgniter\CodeIgniter->handleRequest(null, Object(Config\Cache), false)
13 FCPATH\index.php(67): CodeIgniter\CodeIgniter->run()
CRITICAL - 2023-12-31 18:57:22 --> Undefined variable $agenda
in APPPATH\Views\layout\v_footer.php on line 61.
 1 APPPATH\Views\layout\v_footer.php(61): CodeIgniter\Debug\Exceptions->errorHandler(2, 'Undefined variable $agenda', 'APPPATH\\Views\\layout\\v_footer.php', 61)
 2 SYSTEMPATH\View\View.php(213): include('APPPATH\\Views\\layout\\v_footer.php')
 3 SYSTEMPATH\View\View.php(216): CodeIgniter\View\View->CodeIgniter\View\{closure}()
 4 SYSTEMPATH\Common.php(1137): CodeIgniter\View\View->render('layout/v_footer', [], true)
 5 APPPATH\Views\layout\v_wrapper.php(7): view('layout/v_footer')
 6 SYSTEMPATH\View\View.php(213): include('APPPATH\\Views\\layout\\v_wrapper.php')
 7 SYSTEMPATH\View\View.php(216): CodeIgniter\View\View->CodeIgniter\View\{closure}()
 8 SYSTEMPATH\Common.php(1137): CodeIgniter\View\View->render('layout/v_wrapper', [], true)
 9 APPPATH\Controllers\TentangKami.php(24): view('layout/v_wrapper', [...])
10 SYSTEMPATH\CodeIgniter.php(904): App\Controllers\TentangKami->index()
11 SYSTEMPATH\CodeIgniter.php(457): CodeIgniter\CodeIgniter->runController(Object(App\Controllers\TentangKami))
12 SYSTEMPATH\CodeIgniter.php(340): CodeIgniter\CodeIgniter->handleRequest(null, Object(Config\Cache), false)
13 FCPATH\index.php(67): CodeIgniter\CodeIgniter->run()
CRITICAL - 2023-12-31 18:58:21 --> Undefined property: App\Controllers\TentangKami::$ModelAgenda
in APPPATH\Controllers\TentangKami.php on line 24.
 1 APPPATH\Controllers\TentangKami.php(24): CodeIgniter\Debug\Exceptions->errorHandler(2, 'Undefined property: App\\Controllers\\TentangKami::$ModelAgenda', 'APPPATH\\Controllers\\TentangKami.php', 24)
 2 SYSTEMPATH\CodeIgniter.php(904): App\Controllers\TentangKami->index()
 3 SYSTEMPATH\CodeIgniter.php(457): CodeIgniter\CodeIgniter->runController(Object(App\Controllers\TentangKami))
 4 SYSTEMPATH\CodeIgniter.php(340): CodeIgniter\CodeIgniter->handleRequest(null, Object(Config\Cache), false)
 5 FCPATH\index.php(67): CodeIgniter\CodeIgniter->run()
CRITICAL - 2023-12-31 18:58:48 --> syntax error, unexpected token ","
in APPPATH\Controllers\TentangKami.php on line 15.
 1 SYSTEMPATH\Autoloader\Autoloader.php(259): CodeIgniter\Autoloader\Autoloader->includeFile('APPPATH\\Controllers\\TentangKami.php')
 2 SYSTEMPATH\Autoloader\Autoloader.php(237): CodeIgniter\Autoloader\Autoloader->loadInNamespace('App\\Controllers\\TentangKami')
 3 [internal function]: CodeIgniter\Autoloader\Autoloader->loadClass('App\\Controllers\\TentangKami')
 4 SYSTEMPATH\CodeIgniter.php(854): class_exists('\\App\\Controllers\\TentangKami', true)
 5 SYSTEMPATH\CodeIgniter.php(444): CodeIgniter\CodeIgniter->startController()
 6 SYSTEMPATH\CodeIgniter.php(340): CodeIgniter\CodeIgniter->handleRequest(null, Object(Config\Cache), false)
 7 FCPATH\index.php(67): CodeIgniter\CodeIgniter->run()
CRITICAL - 2023-12-31 18:59:02 --> Undefined variable $agenda
in APPPATH\Views\layout\v_footer.php on line 61.
 1 APPPATH\Views\layout\v_footer.php(61): CodeIgniter\Debug\Exceptions->errorHandler(2, 'Undefined variable $agenda', 'APPPATH\\Views\\layout\\v_footer.php', 61)
 2 SYSTEMPATH\View\View.php(213): include('APPPATH\\Views\\layout\\v_footer.php')
 3 SYSTEMPATH\View\View.php(216): CodeIgniter\View\View->CodeIgniter\View\{closure}()
 4 SYSTEMPATH\Common.php(1137): CodeIgniter\View\View->render('layout/v_footer', [], true)
 5 APPPATH\Views\layout\v_wrapper.php(7): view('layout/v_footer')
 6 SYSTEMPATH\View\View.php(213): include('APPPATH\\Views\\layout\\v_wrapper.php')
 7 SYSTEMPATH\View\View.php(216): CodeIgniter\View\View->CodeIgniter\View\{closure}()
 8 SYSTEMPATH\Common.php(1137): CodeIgniter\View\View->render('layout/v_wrapper', [], true)
 9 APPPATH\Controllers\Visi.php(24): view('layout/v_wrapper', [...])
10 SYSTEMPATH\CodeIgniter.php(904): App\Controllers\Visi->index()
11 SYSTEMPATH\CodeIgniter.php(457): CodeIgniter\CodeIgniter->runController(Object(App\Controllers\Visi))
12 SYSTEMPATH\CodeIgniter.php(340): CodeIgniter\CodeIgniter->handleRequest(null, Object(Config\Cache), false)
13 FCPATH\index.php(67): CodeIgniter\CodeIgniter->run()
CRITICAL - 2023-12-31 19:00:17 --> Undefined variable $agenda
in APPPATH\Views\layout\v_footer.php on line 61.
 1 APPPATH\Views\layout\v_footer.php(61): CodeIgniter\Debug\Exceptions->errorHandler(2, 'Undefined variable $agenda', 'APPPATH\\Views\\layout\\v_footer.php', 61)
 2 SYSTEMPATH\View\View.php(213): include('APPPATH\\Views\\layout\\v_footer.php')
 3 SYSTEMPATH\View\View.php(216): CodeIgniter\View\View->CodeIgniter\View\{closure}()
 4 SYSTEMPATH\Common.php(1137): CodeIgniter\View\View->render('layout/v_footer', [], true)
 5 APPPATH\Views\layout\v_wrapper.php(7): view('layout/v_footer')
 6 SYSTEMPATH\View\View.php(213): include('APPPATH\\Views\\layout\\v_wrapper.php')
 7 SYSTEMPATH\View\View.php(216): CodeIgniter\View\View->CodeIgniter\View\{closure}()
 8 SYSTEMPATH\Common.php(1137): CodeIgniter\View\View->render('layout/v_wrapper', [], true)
 9 APPPATH\Controllers\Misi.php(24): view('layout/v_wrapper', [...])
10 SYSTEMPATH\CodeIgniter.php(904): App\Controllers\Misi->index()
11 SYSTEMPATH\CodeIgniter.php(457): CodeIgniter\CodeIgniter->runController(Object(App\Controllers\Misi))
12 SYSTEMPATH\CodeIgniter.php(340): CodeIgniter\CodeIgniter->handleRequest(null, Object(Config\Cache), false)
13 FCPATH\index.php(67): CodeIgniter\CodeIgniter->run()
CRITICAL - 2023-12-31 19:05:14 --> Undefined array key "tgl_agenda"
in APPPATH\Views\admin\berita\v_index.php on line 52.
 1 APPPATH\Views\admin\berita\v_index.php(52): CodeIgniter\Debug\Exceptions->errorHandler(2, 'Undefined array key "tgl_agenda"', 'APPPATH\\Views\\admin\\berita\\v_index.php', 52)
 2 SYSTEMPATH\View\View.php(213): include('APPPATH\\Views\\admin\\berita\\v_index.php')
 3 SYSTEMPATH\View\View.php(216): CodeIgniter\View\View->CodeIgniter\View\{closure}()
 4 SYSTEMPATH\Common.php(1137): CodeIgniter\View\View->render('admin/berita/v_index', [], true)
 5 APPPATH\Views\layout\v_content.php(4): view('admin/berita/v_index')
 6 SYSTEMPATH\View\View.php(213): include('APPPATH\\Views\\layout\\v_content.php')
 7 SYSTEMPATH\View\View.php(216): CodeIgniter\View\View->CodeIgniter\View\{closure}()
 8 SYSTEMPATH\Common.php(1137): CodeIgniter\View\View->render('layout/v_content', [], true)
 9 APPPATH\Views\layout\v_wrapper.php(6): view('layout/v_content')
10 SYSTEMPATH\View\View.php(213): include('APPPATH\\Views\\layout\\v_wrapper.php')
11 SYSTEMPATH\View\View.php(216): CodeIgniter\View\View->CodeIgniter\View\{closure}()
12 SYSTEMPATH\Common.php(1137): CodeIgniter\View\View->render('layout/v_wrapper', [], true)
13 APPPATH\Controllers\Berita.php(27): view('layout/v_wrapper', [...])
14 SYSTEMPATH\CodeIgniter.php(904): App\Controllers\Berita->index()
15 SYSTEMPATH\CodeIgniter.php(457): CodeIgniter\CodeIgniter->runController(Object(App\Controllers\Berita))
16 SYSTEMPATH\CodeIgniter.php(340): CodeIgniter\CodeIgniter->handleRequest(null, Object(Config\Cache), false)
17 FCPATH\index.php(67): CodeIgniter\CodeIgniter->run()
CRITICAL - 2023-12-31 19:06:46 --> Undefined array key "tgl_agenda"
in APPPATH\Views\admin\berita\v_index.php on line 52.
 1 APPPATH\Views\admin\berita\v_index.php(52): CodeIgniter\Debug\Exceptions->errorHandler(2, 'Undefined array key "tgl_agenda"', 'APPPATH\\Views\\admin\\berita\\v_index.php', 52)
 2 SYSTEMPATH\View\View.php(213): include('APPPATH\\Views\\admin\\berita\\v_index.php')
 3 SYSTEMPATH\View\View.php(216): CodeIgniter\View\View->CodeIgniter\View\{closure}()
 4 SYSTEMPATH\Common.php(1137): CodeIgniter\View\View->render('admin/berita/v_index', [], true)
 5 APPPATH\Views\layout\v_content.php(4): view('admin/berita/v_index')
 6 SYSTEMPATH\View\View.php(213): include('APPPATH\\Views\\layout\\v_content.php')
 7 SYSTEMPATH\View\View.php(216): CodeIgniter\View\View->CodeIgniter\View\{closure}()
 8 SYSTEMPATH\Common.php(1137): CodeIgniter\View\View->render('layout/v_content', [], true)
 9 APPPATH\Views\layout\v_wrapper.php(6): view('layout/v_content')
10 SYSTEMPATH\View\View.php(213): include('APPPATH\\Views\\layout\\v_wrapper.php')
11 SYSTEMPATH\View\View.php(216): CodeIgniter\View\View->CodeIgniter\View\{closure}()
12 SYSTEMPATH\Common.php(1137): CodeIgniter\View\View->render('layout/v_wrapper', [], true)
13 APPPATH\Controllers\Berita.php(27): view('layout/v_wrapper', [...])
14 SYSTEMPATH\CodeIgniter.php(904): App\Controllers\Berita->index()
15 SYSTEMPATH\CodeIgniter.php(457): CodeIgniter\CodeIgniter->runController(Object(App\Controllers\Berita))
16 SYSTEMPATH\CodeIgniter.php(340): CodeIgniter\CodeIgniter->handleRequest(null, Object(Config\Cache), false)
17 FCPATH\index.php(67): CodeIgniter\CodeIgniter->run()
CRITICAL - 2023-12-31 19:07:08 --> Undefined array key "judul_agenda"
in APPPATH\Views\admin\berita\v_index.php on line 53.
 1 APPPATH\Views\admin\berita\v_index.php(53): CodeIgniter\Debug\Exceptions->errorHandler(2, 'Undefined array key "judul_agenda"', 'APPPATH\\Views\\admin\\berita\\v_index.php', 53)
 2 SYSTEMPATH\View\View.php(213): include('APPPATH\\Views\\admin\\berita\\v_index.php')
 3 SYSTEMPATH\View\View.php(216): CodeIgniter\View\View->CodeIgniter\View\{closure}()
 4 SYSTEMPATH\Common.php(1137): CodeIgniter\View\View->render('admin/berita/v_index', [], true)
 5 APPPATH\Views\layout\v_content.php(4): view('admin/berita/v_index')
 6 SYSTEMPATH\View\View.php(213): include('APPPATH\\Views\\layout\\v_content.php')
 7 SYSTEMPATH\View\View.php(216): CodeIgniter\View\View->CodeIgniter\View\{closure}()
 8 SYSTEMPATH\Common.php(1137): CodeIgniter\View\View->render('layout/v_content', [], true)
 9 APPPATH\Views\layout\v_wrapper.php(6): view('layout/v_content')
10 SYSTEMPATH\View\View.php(213): include('APPPATH\\Views\\layout\\v_wrapper.php')
11 SYSTEMPATH\View\View.php(216): CodeIgniter\View\View->CodeIgniter\View\{closure}()
12 SYSTEMPATH\Common.php(1137): CodeIgniter\View\View->render('layout/v_wrapper', [], true)
13 APPPATH\Controllers\Berita.php(27): view('layout/v_wrapper', [...])
14 SYSTEMPATH\CodeIgniter.php(904): App\Controllers\Berita->index()
15 SYSTEMPATH\CodeIgniter.php(457): CodeIgniter\CodeIgniter->runController(Object(App\Controllers\Berita))
16 SYSTEMPATH\CodeIgniter.php(340): CodeIgniter\CodeIgniter->handleRequest(null, Object(Config\Cache), false)
17 FCPATH\index.php(67): CodeIgniter\CodeIgniter->run()
CRITICAL - 2023-12-31 19:07:21 --> Undefined array key "ket"
in APPPATH\Views\admin\berita\v_index.php on line 54.
 1 APPPATH\Views\admin\berita\v_index.php(54): CodeIgniter\Debug\Exceptions->errorHandler(2, 'Undefined array key "ket"', 'APPPATH\\Views\\admin\\berita\\v_index.php', 54)
 2 SYSTEMPATH\View\View.php(213): include('APPPATH\\Views\\admin\\berita\\v_index.php')
 3 SYSTEMPATH\View\View.php(216): CodeIgniter\View\View->CodeIgniter\View\{closure}()
 4 SYSTEMPATH\Common.php(1137): CodeIgniter\View\View->render('admin/berita/v_index', [], true)
 5 APPPATH\Views\layout\v_content.php(4): view('admin/berita/v_index')
 6 SYSTEMPATH\View\View.php(213): include('APPPATH\\Views\\layout\\v_content.php')
 7 SYSTEMPATH\View\View.php(216): CodeIgniter\View\View->CodeIgniter\View\{closure}()
 8 SYSTEMPATH\Common.php(1137): CodeIgniter\View\View->render('layout/v_content', [], true)
 9 APPPATH\Views\layout\v_wrapper.php(6): view('layout/v_content')
10 SYSTEMPATH\View\View.php(213): include('APPPATH\\Views\\layout\\v_wrapper.php')
11 SYSTEMPATH\View\View.php(216): CodeIgniter\View\View->CodeIgniter\View\{closure}()
12 SYSTEMPATH\Common.php(1137): CodeIgniter\View\View->render('layout/v_wrapper', [], true)
13 APPPATH\Controllers\Berita.php(27): view('layout/v_wrapper', [...])
14 SYSTEMPATH\CodeIgniter.php(904): App\Controllers\Berita->index()
15 SYSTEMPATH\CodeIgniter.php(457): CodeIgniter\CodeIgniter->runController(Object(App\Controllers\Berita))
16 SYSTEMPATH\CodeIgniter.php(340): CodeIgniter\CodeIgniter->handleRequest(null, Object(Config\Cache), false)
17 FCPATH\index.php(67): CodeIgniter\CodeIgniter->run()
CRITICAL - 2023-12-31 19:09:22 --> Undefined array key "id_agenda"
in APPPATH\Views\admin\berita\v_index.php on line 60.
 1 APPPATH\Views\admin\berita\v_index.php(60): CodeIgniter\Debug\Exceptions->errorHandler(2, 'Undefined array key "id_agenda"', 'APPPATH\\Views\\admin\\berita\\v_index.php', 60)
 2 SYSTEMPATH\View\View.php(213): include('APPPATH\\Views\\admin\\berita\\v_index.php')
 3 SYSTEMPATH\View\View.php(216): CodeIgniter\View\View->CodeIgniter\View\{closure}()
 4 SYSTEMPATH\Common.php(1137): CodeIgniter\View\View->render('admin/berita/v_index', [], true)
 5 APPPATH\Views\layout\v_content.php(4): view('admin/berita/v_index')
 6 SYSTEMPATH\View\View.php(213): include('APPPATH\\Views\\layout\\v_content.php')
 7 SYSTEMPATH\View\View.php(216): CodeIgniter\View\View->CodeIgniter\View\{closure}()
 8 SYSTEMPATH\Common.php(1137): CodeIgniter\View\View->render('layout/v_content', [], true)
 9 APPPATH\Views\layout\v_wrapper.php(6): view('layout/v_content')
10 SYSTEMPATH\View\View.php(213): include('APPPATH\\Views\\layout\\v_wrapper.php')
11 SYSTEMPATH\View\View.php(216): CodeIgniter\View\View->CodeIgniter\View\{closure}()
12 SYSTEMPATH\Common.php(1137): CodeIgniter\View\View->render('layout/v_wrapper', [], true)
13 APPPATH\Controllers\Berita.php(27): view('layout/v_wrapper', [...])
14 SYSTEMPATH\CodeIgniter.php(904): App\Controllers\Berita->index()
15 SYSTEMPATH\CodeIgniter.php(457): CodeIgniter\CodeIgniter->runController(Object(App\Controllers\Berita))
16 SYSTEMPATH\CodeIgniter.php(340): CodeIgniter\CodeIgniter->handleRequest(null, Object(Config\Cache), false)
17 FCPATH\index.php(67): CodeIgniter\CodeIgniter->run()
CRITICAL - 2023-12-31 19:24:26 --> Undefined array key "id_agenda"
in APPPATH\Views\admin\berita\v_index.php on line 73.
 1 APPPATH\Views\admin\berita\v_index.php(73): CodeIgniter\Debug\Exceptions->errorHandler(2, 'Undefined array key "id_agenda"', 'APPPATH\\Views\\admin\\berita\\v_index.php', 73)
 2 SYSTEMPATH\View\View.php(213): include('APPPATH\\Views\\admin\\berita\\v_index.php')
 3 SYSTEMPATH\View\View.php(216): CodeIgniter\View\View->CodeIgniter\View\{closure}()
 4 SYSTEMPATH\Common.php(1137): CodeIgniter\View\View->render('admin/berita/v_index', [], true)
 5 APPPATH\Views\layout\v_content.php(4): view('admin/berita/v_index')
 6 SYSTEMPATH\View\View.php(213): include('APPPATH\\Views\\layout\\v_content.php')
 7 SYSTEMPATH\View\View.php(216): CodeIgniter\View\View->CodeIgniter\View\{closure}()
 8 SYSTEMPATH\Common.php(1137): CodeIgniter\View\View->render('layout/v_content', [], true)
 9 APPPATH\Views\layout\v_wrapper.php(6): view('layout/v_content')
10 SYSTEMPATH\View\View.php(213): include('APPPATH\\Views\\layout\\v_wrapper.php')
11 SYSTEMPATH\View\View.php(216): CodeIgniter\View\View->CodeIgniter\View\{closure}()
12 SYSTEMPATH\Common.php(1137): CodeIgniter\View\View->render('layout/v_wrapper', [], true)
13 APPPATH\Controllers\Berita.php(27): view('layout/v_wrapper', [...])
14 SYSTEMPATH\CodeIgniter.php(904): App\Controllers\Berita->index()
15 SYSTEMPATH\CodeIgniter.php(457): CodeIgniter\CodeIgniter->runController(Object(App\Controllers\Berita))
16 SYSTEMPATH\CodeIgniter.php(340): CodeIgniter\CodeIgniter->handleRequest(null, Object(Config\Cache), false)
17 FCPATH\index.php(67): CodeIgniter\CodeIgniter->run()
CRITICAL - 2023-12-31 19:24:36 --> Undefined array key "tgl_agenda"
in APPPATH\Views\admin\berita\v_index.php on line 93.
 1 APPPATH\Views\admin\berita\v_index.php(93): CodeIgniter\Debug\Exceptions->errorHandler(2, 'Undefined array key "tgl_agenda"', 'APPPATH\\Views\\admin\\berita\\v_index.php', 93)
 2 SYSTEMPATH\View\View.php(213): include('APPPATH\\Views\\admin\\berita\\v_index.php')
 3 SYSTEMPATH\View\View.php(216): CodeIgniter\View\View->CodeIgniter\View\{closure}()
 4 SYSTEMPATH\Common.php(1137): CodeIgniter\View\View->render('admin/berita/v_index', [], true)
 5 APPPATH\Views\layout\v_content.php(4): view('admin/berita/v_index')
 6 SYSTEMPATH\View\View.php(213): include('APPPATH\\Views\\layout\\v_content.php')
 7 SYSTEMPATH\View\View.php(216): CodeIgniter\View\View->CodeIgniter\View\{closure}()
 8 SYSTEMPATH\Common.php(1137): CodeIgniter\View\View->render('layout/v_content', [], true)
 9 APPPATH\Views\layout\v_wrapper.php(6): view('layout/v_content')
10 SYSTEMPATH\View\View.php(213): include('APPPATH\\Views\\layout\\v_wrapper.php')
11 SYSTEMPATH\View\View.php(216): CodeIgniter\View\View->CodeIgniter\View\{closure}()
12 SYSTEMPATH\Common.php(1137): CodeIgniter\View\View->render('layout/v_wrapper', [], true)
13 APPPATH\Controllers\Berita.php(27): view('layout/v_wrapper', [...])
14 SYSTEMPATH\CodeIgniter.php(904): App\Controllers\Berita->index()
15 SYSTEMPATH\CodeIgniter.php(457): CodeIgniter\CodeIgniter->runController(Object(App\Controllers\Berita))
16 SYSTEMPATH\CodeIgniter.php(340): CodeIgniter\CodeIgniter->handleRequest(null, Object(Config\Cache), false)
17 FCPATH\index.php(67): CodeIgniter\CodeIgniter->run()
CRITICAL - 2023-12-31 19:25:52 --> Undefined array key "judul_agenda"
in APPPATH\Views\admin\berita\v_index.php on line 97.
 1 APPPATH\Views\admin\berita\v_index.php(97): CodeIgniter\Debug\Exceptions->errorHandler(2, 'Undefined array key "judul_agenda"', 'APPPATH\\Views\\admin\\berita\\v_index.php', 97)
 2 SYSTEMPATH\View\View.php(213): include('APPPATH\\Views\\admin\\berita\\v_index.php')
 3 SYSTEMPATH\View\View.php(216): CodeIgniter\View\View->CodeIgniter\View\{closure}()
 4 SYSTEMPATH\Common.php(1137): CodeIgniter\View\View->render('admin/berita/v_index', [], true)
 5 APPPATH\Views\layout\v_content.php(4): view('admin/berita/v_index')
 6 SYSTEMPATH\View\View.php(213): include('APPPATH\\Views\\layout\\v_content.php')
 7 SYSTEMPATH\View\View.php(216): CodeIgniter\View\View->CodeIgniter\View\{closure}()
 8 SYSTEMPATH\Common.php(1137): CodeIgniter\View\View->render('layout/v_content', [], true)
 9 APPPATH\Views\layout\v_wrapper.php(6): view('layout/v_content')
10 SYSTEMPATH\View\View.php(213): include('APPPATH\\Views\\layout\\v_wrapper.php')
11 SYSTEMPATH\View\View.php(216): CodeIgniter\View\View->CodeIgniter\View\{closure}()
12 SYSTEMPATH\Common.php(1137): CodeIgniter\View\View->render('layout/v_wrapper', [], true)
13 APPPATH\Controllers\Berita.php(27): view('layout/v_wrapper', [...])
14 SYSTEMPATH\CodeIgniter.php(904): App\Controllers\Berita->index()
15 SYSTEMPATH\CodeIgniter.php(457): CodeIgniter\CodeIgniter->runController(Object(App\Controllers\Berita))
16 SYSTEMPATH\CodeIgniter.php(340): CodeIgniter\CodeIgniter->handleRequest(null, Object(Config\Cache), false)
17 FCPATH\index.php(67): CodeIgniter\CodeIgniter->run()
