ERROR - 2023-12-30 00:15:08 --> mysqli_sql_exception: Column 'id_user' cannot be null in C:\xampp\htdocs\ta_pbw\system\Database\MySQLi\Connection.php:292
Stack trace:
#0 C:\xampp\htdocs\ta_pbw\system\Database\MySQLi\Connection.php(292): mysqli->query('INSERT INTO `tb...', 0)
#1 C:\xampp\htdocs\ta_pbw\system\Database\BaseConnection.php(693): CodeIgniter\Database\MySQLi\Connection->execute('INSERT INTO `tb...')
#2 C:\xampp\htdocs\ta_pbw\system\Database\BaseConnection.php(620): CodeIgniter\Database\BaseConnection->simpleQuery('INSERT INTO `tb...')
#3 C:\xampp\htdocs\ta_pbw\system\Database\BaseBuilder.php(1916): CodeIgniter\Database\BaseConnection->query('INSERT INTO `tb...', Array, false)
#4 C:\xampp\htdocs\ta_pbw\app\Models\ModelTentangKami.php(31): CodeIgniter\Database\BaseBuilder->insert(Array)
#5 C:\xampp\htdocs\ta_pbw\app\Controllers\TentangKami.php(44): App\Models\ModelTentangKami->add(Array)
#6 C:\xampp\htdocs\ta_pbw\system\CodeIgniter.php(904): App\Controllers\TentangKami->add_tentang_kami()
#7 C:\xampp\htdocs\ta_pbw\system\CodeIgniter.php(457): CodeIgniter\CodeIgniter->runController(Object(App\Controllers\TentangKami))
#8 C:\xampp\htdocs\ta_pbw\system\CodeIgniter.php(340): CodeIgniter\CodeIgniter->handleRequest(NULL, Object(Config\Cache), false)
#9 C:\xampp\htdocs\ta_pbw\index.php(67): CodeIgniter\CodeIgniter->run()
#10 {main}
ERROR - 2023-12-30 00:15:31 --> mysqli_sql_exception: Column 'id_user' cannot be null in C:\xampp\htdocs\ta_pbw\system\Database\MySQLi\Connection.php:292
Stack trace:
#0 C:\xampp\htdocs\ta_pbw\system\Database\MySQLi\Connection.php(292): mysqli->query('INSERT INTO `tb...', 0)
#1 C:\xampp\htdocs\ta_pbw\system\Database\BaseConnection.php(693): CodeIgniter\Database\MySQLi\Connection->execute('INSERT INTO `tb...')
#2 C:\xampp\htdocs\ta_pbw\system\Database\BaseConnection.php(620): CodeIgniter\Database\BaseConnection->simpleQuery('INSERT INTO `tb...')
#3 C:\xampp\htdocs\ta_pbw\system\Database\BaseBuilder.php(1916): CodeIgniter\Database\BaseConnection->query('INSERT INTO `tb...', Array, false)
#4 C:\xampp\htdocs\ta_pbw\app\Models\ModelTentangKami.php(31): CodeIgniter\Database\BaseBuilder->insert(Array)
#5 C:\xampp\htdocs\ta_pbw\app\Controllers\TentangKami.php(44): App\Models\ModelTentangKami->add(Array)
#6 C:\xampp\htdocs\ta_pbw\system\CodeIgniter.php(904): App\Controllers\TentangKami->add_tentang_kami()
#7 C:\xampp\htdocs\ta_pbw\system\CodeIgniter.php(457): CodeIgniter\CodeIgniter->runController(Object(App\Controllers\TentangKami))
#8 C:\xampp\htdocs\ta_pbw\system\CodeIgniter.php(340): CodeIgniter\CodeIgniter->handleRequest(NULL, Object(Config\Cache), false)
#9 C:\xampp\htdocs\ta_pbw\index.php(67): CodeIgniter\CodeIgniter->run()
#10 {main}
ERROR - 2023-12-30 00:16:45 --> mysqli_sql_exception: Column 'id_user' cannot be null in C:\xampp\htdocs\ta_pbw\system\Database\MySQLi\Connection.php:292
Stack trace:
#0 C:\xampp\htdocs\ta_pbw\system\Database\MySQLi\Connection.php(292): mysqli->query('INSERT INTO `tb...', 0)
#1 C:\xampp\htdocs\ta_pbw\system\Database\BaseConnection.php(693): CodeIgniter\Database\MySQLi\Connection->execute('INSERT INTO `tb...')
#2 C:\xampp\htdocs\ta_pbw\system\Database\BaseConnection.php(620): CodeIgniter\Database\BaseConnection->simpleQuery('INSERT INTO `tb...')
#3 C:\xampp\htdocs\ta_pbw\system\Database\BaseBuilder.php(1916): CodeIgniter\Database\BaseConnection->query('INSERT INTO `tb...', Array, false)
#4 C:\xampp\htdocs\ta_pbw\app\Models\ModelTentangKami.php(31): CodeIgniter\Database\BaseBuilder->insert(Array)
#5 C:\xampp\htdocs\ta_pbw\app\Controllers\TentangKami.php(44): App\Models\ModelTentangKami->add(Array)
#6 C:\xampp\htdocs\ta_pbw\system\CodeIgniter.php(904): App\Controllers\TentangKami->add_tentang_kami()
#7 C:\xampp\htdocs\ta_pbw\system\CodeIgniter.php(457): CodeIgniter\CodeIgniter->runController(Object(App\Controllers\TentangKami))
#8 C:\xampp\htdocs\ta_pbw\system\CodeIgniter.php(340): CodeIgniter\CodeIgniter->handleRequest(NULL, Object(Config\Cache), false)
#9 C:\xampp\htdocs\ta_pbw\index.php(67): CodeIgniter\CodeIgniter->run()
#10 {main}
ERROR - 2023-12-30 00:25:46 --> mysqli_sql_exception: Column 'id_user' cannot be null in C:\xampp\htdocs\ta_pbw\system\Database\MySQLi\Connection.php:292
Stack trace:
#0 C:\xampp\htdocs\ta_pbw\system\Database\MySQLi\Connection.php(292): mysqli->query('INSERT INTO `tb...', 0)
#1 C:\xampp\htdocs\ta_pbw\system\Database\BaseConnection.php(693): CodeIgniter\Database\MySQLi\Connection->execute('INSERT INTO `tb...')
#2 C:\xampp\htdocs\ta_pbw\system\Database\BaseConnection.php(620): CodeIgniter\Database\BaseConnection->simpleQuery('INSERT INTO `tb...')
#3 C:\xampp\htdocs\ta_pbw\system\Database\BaseBuilder.php(1916): CodeIgniter\Database\BaseConnection->query('INSERT INTO `tb...', Array, false)
#4 C:\xampp\htdocs\ta_pbw\app\Models\ModelTentangKami.php(31): CodeIgniter\Database\BaseBuilder->insert(Array)
#5 C:\xampp\htdocs\ta_pbw\app\Controllers\TentangKami.php(44): App\Models\ModelTentangKami->add(Array)
#6 C:\xampp\htdocs\ta_pbw\system\CodeIgniter.php(904): App\Controllers\TentangKami->add_tentang_kami()
#7 C:\xampp\htdocs\ta_pbw\system\CodeIgniter.php(457): CodeIgniter\CodeIgniter->runController(Object(App\Controllers\TentangKami))
#8 C:\xampp\htdocs\ta_pbw\system\CodeIgniter.php(340): CodeIgniter\CodeIgniter->handleRequest(NULL, Object(Config\Cache), false)
#9 C:\xampp\htdocs\ta_pbw\index.php(67): CodeIgniter\CodeIgniter->run()
#10 {main}
CRITICAL - 2023-12-30 06:14:42 --> Too few arguments to function App\Controllers\TentangKami::edit_tentang_kami(), 0 passed in C:\xampp\htdocs\ta_pbw\system\CodeIgniter.php on line 904 and exactly 1 expected
in APPPATH\Controllers\TentangKami.php on line 66.
 1 SYSTEMPATH\CodeIgniter.php(904): App\Controllers\TentangKami->edit_tentang_kami()
 2 SYSTEMPATH\CodeIgniter.php(457): CodeIgniter\CodeIgniter->runController(Object(App\Controllers\TentangKami))
 3 SYSTEMPATH\CodeIgniter.php(340): CodeIgniter\CodeIgniter->handleRequest(null, Object(Config\Cache), false)
 4 FCPATH\index.php(67): CodeIgniter\CodeIgniter->run()
CRITICAL - 2023-12-30 06:19:25 --> Too few arguments to function App\Controllers\TentangKami::edit_tentang_kami(), 0 passed in C:\xampp\htdocs\ta_pbw\system\CodeIgniter.php on line 904 and exactly 1 expected
in APPPATH\Controllers\TentangKami.php on line 66.
 1 SYSTEMPATH\CodeIgniter.php(904): App\Controllers\TentangKami->edit_tentang_kami()
 2 SYSTEMPATH\CodeIgniter.php(457): CodeIgniter\CodeIgniter->runController(Object(App\Controllers\TentangKami))
 3 SYSTEMPATH\CodeIgniter.php(340): CodeIgniter\CodeIgniter->handleRequest(null, Object(Config\Cache), false)
 4 FCPATH\index.php(67): CodeIgniter\CodeIgniter->run()
CRITICAL - 2023-12-30 06:20:01 --> Too few arguments to function App\Controllers\TentangKami::edit_tentang_kami(), 0 passed in C:\xampp\htdocs\ta_pbw\system\CodeIgniter.php on line 904 and exactly 1 expected
in APPPATH\Controllers\TentangKami.php on line 66.
 1 SYSTEMPATH\CodeIgniter.php(904): App\Controllers\TentangKami->edit_tentang_kami()
 2 SYSTEMPATH\CodeIgniter.php(457): CodeIgniter\CodeIgniter->runController(Object(App\Controllers\TentangKami))
 3 SYSTEMPATH\CodeIgniter.php(340): CodeIgniter\CodeIgniter->handleRequest(null, Object(Config\Cache), false)
 4 FCPATH\index.php(67): CodeIgniter\CodeIgniter->run()
CRITICAL - 2023-12-30 06:25:55 --> Call to undefined function now()
in APPPATH\Views\admin\profil\tentang_kami\v_index.php on line 188.
 1 SYSTEMPATH\View\View.php(213): include()
 2 SYSTEMPATH\View\View.php(216): CodeIgniter\View\View->CodeIgniter\View\{closure}()
 3 SYSTEMPATH\Common.php(1137): CodeIgniter\View\View->render('admin/profil/tentang_kami/v_index', [], true)
 4 APPPATH\Views\layout\v_content.php(4): view('admin/profil/tentang_kami/v_index')
 5 SYSTEMPATH\View\View.php(213): include('APPPATH\\Views\\layout\\v_content.php')
 6 SYSTEMPATH\View\View.php(216): CodeIgniter\View\View->CodeIgniter\View\{closure}()
 7 SYSTEMPATH\Common.php(1137): CodeIgniter\View\View->render('layout/v_content', [], true)
 8 APPPATH\Views\layout\v_wrapper.php(6): view('layout/v_content')
 9 SYSTEMPATH\View\View.php(213): include('APPPATH\\Views\\layout\\v_wrapper.php')
10 SYSTEMPATH\View\View.php(216): CodeIgniter\View\View->CodeIgniter\View\{closure}()
11 SYSTEMPATH\Common.php(1137): CodeIgniter\View\View->render('layout/v_wrapper', [], true)
12 APPPATH\Controllers\TentangKami.php(24): view('layout/v_wrapper', [...])
13 SYSTEMPATH\CodeIgniter.php(904): App\Controllers\TentangKami->index()
14 SYSTEMPATH\CodeIgniter.php(457): CodeIgniter\CodeIgniter->runController(Object(App\Controllers\TentangKami))
15 SYSTEMPATH\CodeIgniter.php(340): CodeIgniter\CodeIgniter->handleRequest(null, Object(Config\Cache), false)
16 FCPATH\index.php(67): CodeIgniter\CodeIgniter->run()
CRITICAL - 2023-12-30 06:26:28 --> Call to undefined function now()
in APPPATH\Views\admin\profil\tentang_kami\v_index.php on line 188.
 1 SYSTEMPATH\View\View.php(213): include()
 2 SYSTEMPATH\View\View.php(216): CodeIgniter\View\View->CodeIgniter\View\{closure}()
 3 SYSTEMPATH\Common.php(1137): CodeIgniter\View\View->render('admin/profil/tentang_kami/v_index', [], true)
 4 APPPATH\Views\layout\v_content.php(4): view('admin/profil/tentang_kami/v_index')
 5 SYSTEMPATH\View\View.php(213): include('APPPATH\\Views\\layout\\v_content.php')
 6 SYSTEMPATH\View\View.php(216): CodeIgniter\View\View->CodeIgniter\View\{closure}()
 7 SYSTEMPATH\Common.php(1137): CodeIgniter\View\View->render('layout/v_content', [], true)
 8 APPPATH\Views\layout\v_wrapper.php(6): view('layout/v_content')
 9 SYSTEMPATH\View\View.php(213): include('APPPATH\\Views\\layout\\v_wrapper.php')
10 SYSTEMPATH\View\View.php(216): CodeIgniter\View\View->CodeIgniter\View\{closure}()
11 SYSTEMPATH\Common.php(1137): CodeIgniter\View\View->render('layout/v_wrapper', [], true)
12 APPPATH\Controllers\TentangKami.php(24): view('layout/v_wrapper', [...])
13 SYSTEMPATH\CodeIgniter.php(904): App\Controllers\TentangKami->index()
14 SYSTEMPATH\CodeIgniter.php(457): CodeIgniter\CodeIgniter->runController(Object(App\Controllers\TentangKami))
15 SYSTEMPATH\CodeIgniter.php(340): CodeIgniter\CodeIgniter->handleRequest(null, Object(Config\Cache), false)
16 FCPATH\index.php(67): CodeIgniter\CodeIgniter->run()
CRITICAL - 2023-12-30 06:30:50 --> Undefined variable $currentDateTime
in APPPATH\Views\admin\profil\tentang_kami\v_index.php on line 188.
 1 APPPATH\Views\admin\profil\tentang_kami\v_index.php(188): CodeIgniter\Debug\Exceptions->errorHandler(2, 'Undefined variable $currentDateTime', 'APPPATH\\Views\\admin\\profil\\tentang_kami\\v_index.php', 188)
 2 SYSTEMPATH\View\View.php(213): include('APPPATH\\Views\\admin\\profil\\tentang_kami\\v_index.php')
 3 SYSTEMPATH\View\View.php(216): CodeIgniter\View\View->CodeIgniter\View\{closure}()
 4 SYSTEMPATH\Common.php(1137): CodeIgniter\View\View->render('admin/profil/tentang_kami/v_index', [], true)
 5 APPPATH\Views\layout\v_content.php(4): view('admin/profil/tentang_kami/v_index')
 6 SYSTEMPATH\View\View.php(213): include('APPPATH\\Views\\layout\\v_content.php')
 7 SYSTEMPATH\View\View.php(216): CodeIgniter\View\View->CodeIgniter\View\{closure}()
 8 SYSTEMPATH\Common.php(1137): CodeIgniter\View\View->render('layout/v_content', [], true)
 9 APPPATH\Views\layout\v_wrapper.php(6): view('layout/v_content')
10 SYSTEMPATH\View\View.php(213): include('APPPATH\\Views\\layout\\v_wrapper.php')
11 SYSTEMPATH\View\View.php(216): CodeIgniter\View\View->CodeIgniter\View\{closure}()
12 SYSTEMPATH\Common.php(1137): CodeIgniter\View\View->render('layout/v_wrapper', [], true)
13 APPPATH\Controllers\TentangKami.php(24): view('layout/v_wrapper', [...])
14 SYSTEMPATH\CodeIgniter.php(904): App\Controllers\TentangKami->index()
15 SYSTEMPATH\CodeIgniter.php(457): CodeIgniter\CodeIgniter->runController(Object(App\Controllers\TentangKami))
16 SYSTEMPATH\CodeIgniter.php(340): CodeIgniter\CodeIgniter->handleRequest(null, Object(Config\Cache), false)
17 FCPATH\index.php(67): CodeIgniter\CodeIgniter->run()
CRITICAL - 2023-12-30 06:34:23 --> Too few arguments to function App\Controllers\TentangKami::edit_tentang_kami(), 0 passed in C:\xampp\htdocs\ta_pbw\system\CodeIgniter.php on line 904 and exactly 1 expected
in APPPATH\Controllers\TentangKami.php on line 66.
 1 SYSTEMPATH\CodeIgniter.php(904): App\Controllers\TentangKami->edit_tentang_kami()
 2 SYSTEMPATH\CodeIgniter.php(457): CodeIgniter\CodeIgniter->runController(Object(App\Controllers\TentangKami))
 3 SYSTEMPATH\CodeIgniter.php(340): CodeIgniter\CodeIgniter->handleRequest(null, Object(Config\Cache), false)
 4 FCPATH\index.php(67): CodeIgniter\CodeIgniter->run()
CRITICAL - 2023-12-30 06:35:13 --> Too few arguments to function App\Controllers\TentangKami::edit_tentang_kami(), 0 passed in C:\xampp\htdocs\ta_pbw\system\CodeIgniter.php on line 904 and exactly 1 expected
in APPPATH\Controllers\TentangKami.php on line 66.
 1 SYSTEMPATH\CodeIgniter.php(904): App\Controllers\TentangKami->edit_tentang_kami()
 2 SYSTEMPATH\CodeIgniter.php(457): CodeIgniter\CodeIgniter->runController(Object(App\Controllers\TentangKami))
 3 SYSTEMPATH\CodeIgniter.php(340): CodeIgniter\CodeIgniter->handleRequest(null, Object(Config\Cache), false)
 4 FCPATH\index.php(67): CodeIgniter\CodeIgniter->run()
CRITICAL - 2023-12-30 06:37:03 --> Too few arguments to function App\Controllers\TentangKami::edit_tentang_kami(), 0 passed in C:\xampp\htdocs\ta_pbw\system\CodeIgniter.php on line 904 and exactly 1 expected
in APPPATH\Controllers\TentangKami.php on line 66.
 1 SYSTEMPATH\CodeIgniter.php(904): App\Controllers\TentangKami->edit_tentang_kami()
 2 SYSTEMPATH\CodeIgniter.php(457): CodeIgniter\CodeIgniter->runController(Object(App\Controllers\TentangKami))
 3 SYSTEMPATH\CodeIgniter.php(340): CodeIgniter\CodeIgniter->handleRequest(null, Object(Config\Cache), false)
 4 FCPATH\index.php(67): CodeIgniter\CodeIgniter->run()
CRITICAL - 2023-12-30 06:37:13 --> Too few arguments to function App\Controllers\TentangKami::edit_tentang_kami(), 0 passed in C:\xampp\htdocs\ta_pbw\system\CodeIgniter.php on line 904 and exactly 1 expected
in APPPATH\Controllers\TentangKami.php on line 66.
 1 SYSTEMPATH\CodeIgniter.php(904): App\Controllers\TentangKami->edit_tentang_kami()
 2 SYSTEMPATH\CodeIgniter.php(457): CodeIgniter\CodeIgniter->runController(Object(App\Controllers\TentangKami))
 3 SYSTEMPATH\CodeIgniter.php(340): CodeIgniter\CodeIgniter->handleRequest(null, Object(Config\Cache), false)
 4 FCPATH\index.php(67): CodeIgniter\CodeIgniter->run()
CRITICAL - 2023-12-30 06:43:53 --> Undefined array key "id_obat"
in APPPATH\Views\admin\profil\tentang_kami\v_index.php on line 211.
 1 APPPATH\Views\admin\profil\tentang_kami\v_index.php(211): CodeIgniter\Debug\Exceptions->errorHandler(2, 'Undefined array key "id_obat"', 'APPPATH\\Views\\admin\\profil\\tentang_kami\\v_index.php', 211)
 2 SYSTEMPATH\View\View.php(213): include('APPPATH\\Views\\admin\\profil\\tentang_kami\\v_index.php')
 3 SYSTEMPATH\View\View.php(216): CodeIgniter\View\View->CodeIgniter\View\{closure}()
 4 SYSTEMPATH\Common.php(1137): CodeIgniter\View\View->render('admin/profil/tentang_kami/v_index', [], true)
 5 APPPATH\Views\layout\v_content.php(4): view('admin/profil/tentang_kami/v_index')
 6 SYSTEMPATH\View\View.php(213): include('APPPATH\\Views\\layout\\v_content.php')
 7 SYSTEMPATH\View\View.php(216): CodeIgniter\View\View->CodeIgniter\View\{closure}()
 8 SYSTEMPATH\Common.php(1137): CodeIgniter\View\View->render('layout/v_content', [], true)
 9 APPPATH\Views\layout\v_wrapper.php(6): view('layout/v_content')
10 SYSTEMPATH\View\View.php(213): include('APPPATH\\Views\\layout\\v_wrapper.php')
11 SYSTEMPATH\View\View.php(216): CodeIgniter\View\View->CodeIgniter\View\{closure}()
12 SYSTEMPATH\Common.php(1137): CodeIgniter\View\View->render('layout/v_wrapper', [], true)
13 APPPATH\Controllers\TentangKami.php(24): view('layout/v_wrapper', [...])
14 SYSTEMPATH\CodeIgniter.php(904): App\Controllers\TentangKami->index()
15 SYSTEMPATH\CodeIgniter.php(457): CodeIgniter\CodeIgniter->runController(Object(App\Controllers\TentangKami))
16 SYSTEMPATH\CodeIgniter.php(340): CodeIgniter\CodeIgniter->handleRequest(null, Object(Config\Cache), false)
17 FCPATH\index.php(67): CodeIgniter\CodeIgniter->run()
CRITICAL - 2023-12-30 06:44:35 --> Undefined array key "id_obat"
in APPPATH\Views\admin\profil\tentang_kami\v_index.php on line 211.
 1 APPPATH\Views\admin\profil\tentang_kami\v_index.php(211): CodeIgniter\Debug\Exceptions->errorHandler(2, 'Undefined array key "id_obat"', 'APPPATH\\Views\\admin\\profil\\tentang_kami\\v_index.php', 211)
 2 SYSTEMPATH\View\View.php(213): include('APPPATH\\Views\\admin\\profil\\tentang_kami\\v_index.php')
 3 SYSTEMPATH\View\View.php(216): CodeIgniter\View\View->CodeIgniter\View\{closure}()
 4 SYSTEMPATH\Common.php(1137): CodeIgniter\View\View->render('admin/profil/tentang_kami/v_index', [], true)
 5 APPPATH\Views\layout\v_content.php(4): view('admin/profil/tentang_kami/v_index')
 6 SYSTEMPATH\View\View.php(213): include('APPPATH\\Views\\layout\\v_content.php')
 7 SYSTEMPATH\View\View.php(216): CodeIgniter\View\View->CodeIgniter\View\{closure}()
 8 SYSTEMPATH\Common.php(1137): CodeIgniter\View\View->render('layout/v_content', [], true)
 9 APPPATH\Views\layout\v_wrapper.php(6): view('layout/v_content')
10 SYSTEMPATH\View\View.php(213): include('APPPATH\\Views\\layout\\v_wrapper.php')
11 SYSTEMPATH\View\View.php(216): CodeIgniter\View\View->CodeIgniter\View\{closure}()
12 SYSTEMPATH\Common.php(1137): CodeIgniter\View\View->render('layout/v_wrapper', [], true)
13 APPPATH\Controllers\TentangKami.php(24): view('layout/v_wrapper', [...])
14 SYSTEMPATH\CodeIgniter.php(904): App\Controllers\TentangKami->index()
15 SYSTEMPATH\CodeIgniter.php(457): CodeIgniter\CodeIgniter->runController(Object(App\Controllers\TentangKami))
16 SYSTEMPATH\CodeIgniter.php(340): CodeIgniter\CodeIgniter->handleRequest(null, Object(Config\Cache), false)
17 FCPATH\index.php(67): CodeIgniter\CodeIgniter->run()
CRITICAL - 2023-12-30 07:20:39 --> Undefined variable $value
in APPPATH\Views\profil.php on line 129.
 1 APPPATH\Views\profil.php(129): CodeIgniter\Debug\Exceptions->errorHandler(2, 'Undefined variable $value', 'APPPATH\\Views\\profil.php', 129)
 2 SYSTEMPATH\View\View.php(213): include('APPPATH\\Views\\profil.php')
 3 SYSTEMPATH\View\View.php(216): CodeIgniter\View\View->CodeIgniter\View\{closure}()
 4 SYSTEMPATH\Common.php(1137): CodeIgniter\View\View->render('profil', [], true)
 5 APPPATH\Controllers\Home.php(32): view('profil', [...])
 6 SYSTEMPATH\CodeIgniter.php(904): App\Controllers\Home->profil()
 7 SYSTEMPATH\CodeIgniter.php(457): CodeIgniter\CodeIgniter->runController(Object(App\Controllers\Home))
 8 SYSTEMPATH\CodeIgniter.php(340): CodeIgniter\CodeIgniter->handleRequest(null, Object(Config\Cache), false)
 9 FCPATH\index.php(67): CodeIgniter\CodeIgniter->run()
CRITICAL - 2023-12-30 07:55:35 --> Class "App\Models\ModelVisi" not found
in APPPATH\Controllers\Visi.php on line 13.
 1 SYSTEMPATH\CodeIgniter.php(866): App\Controllers\Visi->__construct()
 2 SYSTEMPATH\CodeIgniter.php(448): CodeIgniter\CodeIgniter->createController()
 3 SYSTEMPATH\CodeIgniter.php(340): CodeIgniter\CodeIgniter->handleRequest(null, Object(Config\Cache), false)
 4 FCPATH\index.php(67): CodeIgniter\CodeIgniter->run()
CRITICAL - 2023-12-30 08:59:23 --> syntax error, unexpected single-quoted string "visi", expecting "]"
in APPPATH\Controllers\Visi.php on line 22.
 1 SYSTEMPATH\Autoloader\Autoloader.php(259): CodeIgniter\Autoloader\Autoloader->includeFile('APPPATH\\Controllers\\Visi.php')
 2 SYSTEMPATH\Autoloader\Autoloader.php(237): CodeIgniter\Autoloader\Autoloader->loadInNamespace('App\\Controllers\\Visi')
 3 [internal function]: CodeIgniter\Autoloader\Autoloader->loadClass('App\\Controllers\\Visi')
 4 SYSTEMPATH\CodeIgniter.php(854): class_exists('\\App\\Controllers\\Visi', true)
 5 SYSTEMPATH\CodeIgniter.php(444): CodeIgniter\CodeIgniter->startController()
 6 SYSTEMPATH\CodeIgniter.php(340): CodeIgniter\CodeIgniter->handleRequest(null, Object(Config\Cache), false)
 7 FCPATH\index.php(67): CodeIgniter\CodeIgniter->run()
CRITICAL - 2023-12-30 09:00:02 --> syntax error, unexpected single-quoted string "dt_visi", expecting "]"
in APPPATH\Controllers\Visi.php on line 22.
 1 SYSTEMPATH\Autoloader\Autoloader.php(259): CodeIgniter\Autoloader\Autoloader->includeFile('APPPATH\\Controllers\\Visi.php')
 2 SYSTEMPATH\Autoloader\Autoloader.php(237): CodeIgniter\Autoloader\Autoloader->loadInNamespace('App\\Controllers\\Visi')
 3 [internal function]: CodeIgniter\Autoloader\Autoloader->loadClass('App\\Controllers\\Visi')
 4 SYSTEMPATH\CodeIgniter.php(854): class_exists('\\App\\Controllers\\Visi', true)
 5 SYSTEMPATH\CodeIgniter.php(444): CodeIgniter\CodeIgniter->startController()
 6 SYSTEMPATH\CodeIgniter.php(340): CodeIgniter\CodeIgniter->handleRequest(null, Object(Config\Cache), false)
 7 FCPATH\index.php(67): CodeIgniter\CodeIgniter->run()
ERROR - 2023-12-30 09:00:13 --> mysqli_sql_exception: Unknown column 'tb_visi.created_by' in 'on clause' in C:\xampp\htdocs\ta_pbw\system\Database\MySQLi\Connection.php:292
Stack trace:
#0 C:\xampp\htdocs\ta_pbw\system\Database\MySQLi\Connection.php(292): mysqli->query('SELECT `tb_visi...', 0)
#1 C:\xampp\htdocs\ta_pbw\system\Database\BaseConnection.php(693): CodeIgniter\Database\MySQLi\Connection->execute('SELECT `tb_visi...')
#2 C:\xampp\htdocs\ta_pbw\system\Database\BaseConnection.php(620): CodeIgniter\Database\BaseConnection->simpleQuery('SELECT `tb_visi...')
#3 C:\xampp\htdocs\ta_pbw\system\Database\BaseBuilder.php(1585): CodeIgniter\Database\BaseConnection->query('SELECT `tb_visi...', Array, false)
#4 C:\xampp\htdocs\ta_pbw\app\Models\ModelVisi.php(20): CodeIgniter\Database\BaseBuilder->get()
#5 C:\xampp\htdocs\ta_pbw\app\Controllers\Visi.php(22): App\Models\ModelVisi->allData()
#6 C:\xampp\htdocs\ta_pbw\system\CodeIgniter.php(904): App\Controllers\Visi->index()
#7 C:\xampp\htdocs\ta_pbw\system\CodeIgniter.php(457): CodeIgniter\CodeIgniter->runController(Object(App\Controllers\Visi))
#8 C:\xampp\htdocs\ta_pbw\system\CodeIgniter.php(340): CodeIgniter\CodeIgniter->handleRequest(NULL, Object(Config\Cache), false)
#9 C:\xampp\htdocs\ta_pbw\index.php(67): CodeIgniter\CodeIgniter->run()
#10 {main}
CRITICAL - 2023-12-30 09:00:13 --> Call to a member function getResultArray() on bool
in APPPATH\Models\ModelVisi.php on line 20.
 1 APPPATH\Controllers\Visi.php(22): App\Models\ModelVisi->allData()
 2 SYSTEMPATH\CodeIgniter.php(904): App\Controllers\Visi->index()
 3 SYSTEMPATH\CodeIgniter.php(457): CodeIgniter\CodeIgniter->runController(Object(App\Controllers\Visi))
 4 SYSTEMPATH\CodeIgniter.php(340): CodeIgniter\CodeIgniter->handleRequest(null, Object(Config\Cache), false)
 5 FCPATH\index.php(67): CodeIgniter\CodeIgniter->run()
ERROR - 2023-12-30 09:03:33 --> mysqli_sql_exception: Unknown column 'tb_visi.created_by' in 'on clause' in C:\xampp\htdocs\ta_pbw\system\Database\MySQLi\Connection.php:292
Stack trace:
#0 C:\xampp\htdocs\ta_pbw\system\Database\MySQLi\Connection.php(292): mysqli->query('SELECT `tb_visi...', 0)
#1 C:\xampp\htdocs\ta_pbw\system\Database\BaseConnection.php(693): CodeIgniter\Database\MySQLi\Connection->execute('SELECT `tb_visi...')
#2 C:\xampp\htdocs\ta_pbw\system\Database\BaseConnection.php(620): CodeIgniter\Database\BaseConnection->simpleQuery('SELECT `tb_visi...')
#3 C:\xampp\htdocs\ta_pbw\system\Database\BaseBuilder.php(1585): CodeIgniter\Database\BaseConnection->query('SELECT `tb_visi...', Array, false)
#4 C:\xampp\htdocs\ta_pbw\app\Models\ModelVisi.php(20): CodeIgniter\Database\BaseBuilder->get()
#5 C:\xampp\htdocs\ta_pbw\app\Controllers\Visi.php(22): App\Models\ModelVisi->allData()
#6 C:\xampp\htdocs\ta_pbw\system\CodeIgniter.php(904): App\Controllers\Visi->index()
#7 C:\xampp\htdocs\ta_pbw\system\CodeIgniter.php(457): CodeIgniter\CodeIgniter->runController(Object(App\Controllers\Visi))
#8 C:\xampp\htdocs\ta_pbw\system\CodeIgniter.php(340): CodeIgniter\CodeIgniter->handleRequest(NULL, Object(Config\Cache), false)
#9 C:\xampp\htdocs\ta_pbw\index.php(67): CodeIgniter\CodeIgniter->run()
#10 {main}
CRITICAL - 2023-12-30 09:03:33 --> Call to a member function getResultArray() on bool
in APPPATH\Models\ModelVisi.php on line 20.
 1 APPPATH\Controllers\Visi.php(22): App\Models\ModelVisi->allData()
 2 SYSTEMPATH\CodeIgniter.php(904): App\Controllers\Visi->index()
 3 SYSTEMPATH\CodeIgniter.php(457): CodeIgniter\CodeIgniter->runController(Object(App\Controllers\Visi))
 4 SYSTEMPATH\CodeIgniter.php(340): CodeIgniter\CodeIgniter->handleRequest(null, Object(Config\Cache), false)
 5 FCPATH\index.php(67): CodeIgniter\CodeIgniter->run()
ERROR - 2023-12-30 09:03:46 --> mysqli_sql_exception: Unknown column 'tb_visi.created_by' in 'on clause' in C:\xampp\htdocs\ta_pbw\system\Database\MySQLi\Connection.php:292
Stack trace:
#0 C:\xampp\htdocs\ta_pbw\system\Database\MySQLi\Connection.php(292): mysqli->query('SELECT `tb_visi...', 0)
#1 C:\xampp\htdocs\ta_pbw\system\Database\BaseConnection.php(693): CodeIgniter\Database\MySQLi\Connection->execute('SELECT `tb_visi...')
#2 C:\xampp\htdocs\ta_pbw\system\Database\BaseConnection.php(620): CodeIgniter\Database\BaseConnection->simpleQuery('SELECT `tb_visi...')
#3 C:\xampp\htdocs\ta_pbw\system\Database\BaseBuilder.php(1585): CodeIgniter\Database\BaseConnection->query('SELECT `tb_visi...', Array, false)
#4 C:\xampp\htdocs\ta_pbw\app\Models\ModelVisi.php(20): CodeIgniter\Database\BaseBuilder->get()
#5 C:\xampp\htdocs\ta_pbw\app\Controllers\Visi.php(22): App\Models\ModelVisi->allData()
#6 C:\xampp\htdocs\ta_pbw\system\CodeIgniter.php(904): App\Controllers\Visi->index()
#7 C:\xampp\htdocs\ta_pbw\system\CodeIgniter.php(457): CodeIgniter\CodeIgniter->runController(Object(App\Controllers\Visi))
#8 C:\xampp\htdocs\ta_pbw\system\CodeIgniter.php(340): CodeIgniter\CodeIgniter->handleRequest(NULL, Object(Config\Cache), false)
#9 C:\xampp\htdocs\ta_pbw\index.php(67): CodeIgniter\CodeIgniter->run()
#10 {main}
CRITICAL - 2023-12-30 09:03:46 --> Call to a member function getResultArray() on bool
in APPPATH\Models\ModelVisi.php on line 20.
 1 APPPATH\Controllers\Visi.php(22): App\Models\ModelVisi->allData()
 2 SYSTEMPATH\CodeIgniter.php(904): App\Controllers\Visi->index()
 3 SYSTEMPATH\CodeIgniter.php(457): CodeIgniter\CodeIgniter->runController(Object(App\Controllers\Visi))
 4 SYSTEMPATH\CodeIgniter.php(340): CodeIgniter\CodeIgniter->handleRequest(null, Object(Config\Cache), false)
 5 FCPATH\index.php(67): CodeIgniter\CodeIgniter->run()
ERROR - 2023-12-30 09:03:51 --> mysqli_sql_exception: Unknown column 'tb_visi.created_by' in 'on clause' in C:\xampp\htdocs\ta_pbw\system\Database\MySQLi\Connection.php:292
Stack trace:
#0 C:\xampp\htdocs\ta_pbw\system\Database\MySQLi\Connection.php(292): mysqli->query('SELECT `tb_visi...', 0)
#1 C:\xampp\htdocs\ta_pbw\system\Database\BaseConnection.php(693): CodeIgniter\Database\MySQLi\Connection->execute('SELECT `tb_visi...')
#2 C:\xampp\htdocs\ta_pbw\system\Database\BaseConnection.php(620): CodeIgniter\Database\BaseConnection->simpleQuery('SELECT `tb_visi...')
#3 C:\xampp\htdocs\ta_pbw\system\Database\BaseBuilder.php(1585): CodeIgniter\Database\BaseConnection->query('SELECT `tb_visi...', Array, false)
#4 C:\xampp\htdocs\ta_pbw\app\Models\ModelVisi.php(20): CodeIgniter\Database\BaseBuilder->get()
#5 C:\xampp\htdocs\ta_pbw\app\Controllers\Visi.php(22): App\Models\ModelVisi->allData()
#6 C:\xampp\htdocs\ta_pbw\system\CodeIgniter.php(904): App\Controllers\Visi->index()
#7 C:\xampp\htdocs\ta_pbw\system\CodeIgniter.php(457): CodeIgniter\CodeIgniter->runController(Object(App\Controllers\Visi))
#8 C:\xampp\htdocs\ta_pbw\system\CodeIgniter.php(340): CodeIgniter\CodeIgniter->handleRequest(NULL, Object(Config\Cache), false)
#9 C:\xampp\htdocs\ta_pbw\index.php(67): CodeIgniter\CodeIgniter->run()
#10 {main}
CRITICAL - 2023-12-30 09:03:51 --> Call to a member function getResultArray() on bool
in APPPATH\Models\ModelVisi.php on line 20.
 1 APPPATH\Controllers\Visi.php(22): App\Models\ModelVisi->allData()
 2 SYSTEMPATH\CodeIgniter.php(904): App\Controllers\Visi->index()
 3 SYSTEMPATH\CodeIgniter.php(457): CodeIgniter\CodeIgniter->runController(Object(App\Controllers\Visi))
 4 SYSTEMPATH\CodeIgniter.php(340): CodeIgniter\CodeIgniter->handleRequest(null, Object(Config\Cache), false)
 5 FCPATH\index.php(67): CodeIgniter\CodeIgniter->run()
ERROR - 2023-12-30 09:04:08 --> mysqli_sql_exception: Unknown column 'tb_visi.created_by' in 'on clause' in C:\xampp\htdocs\ta_pbw\system\Database\MySQLi\Connection.php:292
Stack trace:
#0 C:\xampp\htdocs\ta_pbw\system\Database\MySQLi\Connection.php(292): mysqli->query('SELECT `tb_visi...', 0)
#1 C:\xampp\htdocs\ta_pbw\system\Database\BaseConnection.php(693): CodeIgniter\Database\MySQLi\Connection->execute('SELECT `tb_visi...')
#2 C:\xampp\htdocs\ta_pbw\system\Database\BaseConnection.php(620): CodeIgniter\Database\BaseConnection->simpleQuery('SELECT `tb_visi...')
#3 C:\xampp\htdocs\ta_pbw\system\Database\BaseBuilder.php(1585): CodeIgniter\Database\BaseConnection->query('SELECT `tb_visi...', Array, false)
#4 C:\xampp\htdocs\ta_pbw\app\Models\ModelVisi.php(20): CodeIgniter\Database\BaseBuilder->get()
#5 C:\xampp\htdocs\ta_pbw\app\Controllers\Visi.php(22): App\Models\ModelVisi->allData()
#6 C:\xampp\htdocs\ta_pbw\system\CodeIgniter.php(904): App\Controllers\Visi->index()
#7 C:\xampp\htdocs\ta_pbw\system\CodeIgniter.php(457): CodeIgniter\CodeIgniter->runController(Object(App\Controllers\Visi))
#8 C:\xampp\htdocs\ta_pbw\system\CodeIgniter.php(340): CodeIgniter\CodeIgniter->handleRequest(NULL, Object(Config\Cache), false)
#9 C:\xampp\htdocs\ta_pbw\index.php(67): CodeIgniter\CodeIgniter->run()
#10 {main}
CRITICAL - 2023-12-30 09:04:08 --> Call to a member function getResultArray() on bool
in APPPATH\Models\ModelVisi.php on line 20.
 1 APPPATH\Controllers\Visi.php(22): App\Models\ModelVisi->allData()
 2 SYSTEMPATH\CodeIgniter.php(904): App\Controllers\Visi->index()
 3 SYSTEMPATH\CodeIgniter.php(457): CodeIgniter\CodeIgniter->runController(Object(App\Controllers\Visi))
 4 SYSTEMPATH\CodeIgniter.php(340): CodeIgniter\CodeIgniter->handleRequest(null, Object(Config\Cache), false)
 5 FCPATH\index.php(67): CodeIgniter\CodeIgniter->run()
ERROR - 2023-12-30 09:04:47 --> mysqli_sql_exception: Unknown column 'tb_visi.created_by' in 'on clause' in C:\xampp\htdocs\ta_pbw\system\Database\MySQLi\Connection.php:292
Stack trace:
#0 C:\xampp\htdocs\ta_pbw\system\Database\MySQLi\Connection.php(292): mysqli->query('SELECT `tb_visi...', 0)
#1 C:\xampp\htdocs\ta_pbw\system\Database\BaseConnection.php(693): CodeIgniter\Database\MySQLi\Connection->execute('SELECT `tb_visi...')
#2 C:\xampp\htdocs\ta_pbw\system\Database\BaseConnection.php(620): CodeIgniter\Database\BaseConnection->simpleQuery('SELECT `tb_visi...')
#3 C:\xampp\htdocs\ta_pbw\system\Database\BaseBuilder.php(1585): CodeIgniter\Database\BaseConnection->query('SELECT `tb_visi...', Array, false)
#4 C:\xampp\htdocs\ta_pbw\app\Models\ModelVisi.php(20): CodeIgniter\Database\BaseBuilder->get()
#5 C:\xampp\htdocs\ta_pbw\app\Controllers\Visi.php(22): App\Models\ModelVisi->allData()
#6 C:\xampp\htdocs\ta_pbw\system\CodeIgniter.php(904): App\Controllers\Visi->index()
#7 C:\xampp\htdocs\ta_pbw\system\CodeIgniter.php(457): CodeIgniter\CodeIgniter->runController(Object(App\Controllers\Visi))
#8 C:\xampp\htdocs\ta_pbw\system\CodeIgniter.php(340): CodeIgniter\CodeIgniter->handleRequest(NULL, Object(Config\Cache), false)
#9 C:\xampp\htdocs\ta_pbw\index.php(67): CodeIgniter\CodeIgniter->run()
#10 {main}
CRITICAL - 2023-12-30 09:04:47 --> Call to a member function getResultArray() on bool
in APPPATH\Models\ModelVisi.php on line 20.
 1 APPPATH\Controllers\Visi.php(22): App\Models\ModelVisi->allData()
 2 SYSTEMPATH\CodeIgniter.php(904): App\Controllers\Visi->index()
 3 SYSTEMPATH\CodeIgniter.php(457): CodeIgniter\CodeIgniter->runController(Object(App\Controllers\Visi))
 4 SYSTEMPATH\CodeIgniter.php(340): CodeIgniter\CodeIgniter->handleRequest(null, Object(Config\Cache), false)
 5 FCPATH\index.php(67): CodeIgniter\CodeIgniter->run()
ERROR - 2023-12-30 09:04:55 --> mysqli_sql_exception: Unknown column 'tb_visi.created_by' in 'on clause' in C:\xampp\htdocs\ta_pbw\system\Database\MySQLi\Connection.php:292
Stack trace:
#0 C:\xampp\htdocs\ta_pbw\system\Database\MySQLi\Connection.php(292): mysqli->query('SELECT `tb_visi...', 0)
#1 C:\xampp\htdocs\ta_pbw\system\Database\BaseConnection.php(693): CodeIgniter\Database\MySQLi\Connection->execute('SELECT `tb_visi...')
#2 C:\xampp\htdocs\ta_pbw\system\Database\BaseConnection.php(620): CodeIgniter\Database\BaseConnection->simpleQuery('SELECT `tb_visi...')
#3 C:\xampp\htdocs\ta_pbw\system\Database\BaseBuilder.php(1585): CodeIgniter\Database\BaseConnection->query('SELECT `tb_visi...', Array, false)
#4 C:\xampp\htdocs\ta_pbw\app\Models\ModelVisi.php(20): CodeIgniter\Database\BaseBuilder->get()
#5 C:\xampp\htdocs\ta_pbw\app\Controllers\Visi.php(22): App\Models\ModelVisi->allData()
#6 C:\xampp\htdocs\ta_pbw\system\CodeIgniter.php(904): App\Controllers\Visi->index()
#7 C:\xampp\htdocs\ta_pbw\system\CodeIgniter.php(457): CodeIgniter\CodeIgniter->runController(Object(App\Controllers\Visi))
#8 C:\xampp\htdocs\ta_pbw\system\CodeIgniter.php(340): CodeIgniter\CodeIgniter->handleRequest(NULL, Object(Config\Cache), false)
#9 C:\xampp\htdocs\ta_pbw\index.php(67): CodeIgniter\CodeIgniter->run()
#10 {main}
CRITICAL - 2023-12-30 09:04:55 --> Call to a member function getResultArray() on bool
in APPPATH\Models\ModelVisi.php on line 20.
 1 APPPATH\Controllers\Visi.php(22): App\Models\ModelVisi->allData()
 2 SYSTEMPATH\CodeIgniter.php(904): App\Controllers\Visi->index()
 3 SYSTEMPATH\CodeIgniter.php(457): CodeIgniter\CodeIgniter->runController(Object(App\Controllers\Visi))
 4 SYSTEMPATH\CodeIgniter.php(340): CodeIgniter\CodeIgniter->handleRequest(null, Object(Config\Cache), false)
 5 FCPATH\index.php(67): CodeIgniter\CodeIgniter->run()
ERROR - 2023-12-30 09:05:27 --> mysqli_sql_exception: Unknown column 'tb_visi.created_by' in 'on clause' in C:\xampp\htdocs\ta_pbw\system\Database\MySQLi\Connection.php:292
Stack trace:
#0 C:\xampp\htdocs\ta_pbw\system\Database\MySQLi\Connection.php(292): mysqli->query('SELECT `tb_visi...', 0)
#1 C:\xampp\htdocs\ta_pbw\system\Database\BaseConnection.php(693): CodeIgniter\Database\MySQLi\Connection->execute('SELECT `tb_visi...')
#2 C:\xampp\htdocs\ta_pbw\system\Database\BaseConnection.php(620): CodeIgniter\Database\BaseConnection->simpleQuery('SELECT `tb_visi...')
#3 C:\xampp\htdocs\ta_pbw\system\Database\BaseBuilder.php(1585): CodeIgniter\Database\BaseConnection->query('SELECT `tb_visi...', Array, false)
#4 C:\xampp\htdocs\ta_pbw\app\Models\ModelVisi.php(20): CodeIgniter\Database\BaseBuilder->get()
#5 C:\xampp\htdocs\ta_pbw\app\Controllers\Visi.php(22): App\Models\ModelVisi->allData()
#6 C:\xampp\htdocs\ta_pbw\system\CodeIgniter.php(904): App\Controllers\Visi->index()
#7 C:\xampp\htdocs\ta_pbw\system\CodeIgniter.php(457): CodeIgniter\CodeIgniter->runController(Object(App\Controllers\Visi))
#8 C:\xampp\htdocs\ta_pbw\system\CodeIgniter.php(340): CodeIgniter\CodeIgniter->handleRequest(NULL, Object(Config\Cache), false)
#9 C:\xampp\htdocs\ta_pbw\index.php(67): CodeIgniter\CodeIgniter->run()
#10 {main}
CRITICAL - 2023-12-30 09:05:27 --> Call to a member function getResultArray() on bool
in APPPATH\Models\ModelVisi.php on line 20.
 1 APPPATH\Controllers\Visi.php(22): App\Models\ModelVisi->allData()
 2 SYSTEMPATH\CodeIgniter.php(904): App\Controllers\Visi->index()
 3 SYSTEMPATH\CodeIgniter.php(457): CodeIgniter\CodeIgniter->runController(Object(App\Controllers\Visi))
 4 SYSTEMPATH\CodeIgniter.php(340): CodeIgniter\CodeIgniter->handleRequest(null, Object(Config\Cache), false)
 5 FCPATH\index.php(67): CodeIgniter\CodeIgniter->run()
ERROR - 2023-12-30 09:07:39 --> mysqli_sql_exception: Unknown column 'tb_visi.created_by' in 'on clause' in C:\xampp\htdocs\ta_pbw\system\Database\MySQLi\Connection.php:292
Stack trace:
#0 C:\xampp\htdocs\ta_pbw\system\Database\MySQLi\Connection.php(292): mysqli->query('SELECT `tb_visi...', 0)
#1 C:\xampp\htdocs\ta_pbw\system\Database\BaseConnection.php(693): CodeIgniter\Database\MySQLi\Connection->execute('SELECT `tb_visi...')
#2 C:\xampp\htdocs\ta_pbw\system\Database\BaseConnection.php(620): CodeIgniter\Database\BaseConnection->simpleQuery('SELECT `tb_visi...')
#3 C:\xampp\htdocs\ta_pbw\system\Database\BaseBuilder.php(1585): CodeIgniter\Database\BaseConnection->query('SELECT `tb_visi...', Array, false)
#4 C:\xampp\htdocs\ta_pbw\app\Models\ModelVisi.php(20): CodeIgniter\Database\BaseBuilder->get()
#5 C:\xampp\htdocs\ta_pbw\app\Controllers\Visi.php(22): App\Models\ModelVisi->allData()
#6 C:\xampp\htdocs\ta_pbw\system\CodeIgniter.php(904): App\Controllers\Visi->index()
#7 C:\xampp\htdocs\ta_pbw\system\CodeIgniter.php(457): CodeIgniter\CodeIgniter->runController(Object(App\Controllers\Visi))
#8 C:\xampp\htdocs\ta_pbw\system\CodeIgniter.php(340): CodeIgniter\CodeIgniter->handleRequest(NULL, Object(Config\Cache), false)
#9 C:\xampp\htdocs\ta_pbw\index.php(67): CodeIgniter\CodeIgniter->run()
#10 {main}
CRITICAL - 2023-12-30 09:07:39 --> Call to a member function getResultArray() on bool
in APPPATH\Models\ModelVisi.php on line 21.
 1 APPPATH\Controllers\Visi.php(22): App\Models\ModelVisi->allData()
 2 SYSTEMPATH\CodeIgniter.php(904): App\Controllers\Visi->index()
 3 SYSTEMPATH\CodeIgniter.php(457): CodeIgniter\CodeIgniter->runController(Object(App\Controllers\Visi))
 4 SYSTEMPATH\CodeIgniter.php(340): CodeIgniter\CodeIgniter->handleRequest(null, Object(Config\Cache), false)
 5 FCPATH\index.php(67): CodeIgniter\CodeIgniter->run()
ERROR - 2023-12-30 09:07:46 --> mysqli_sql_exception: Unknown column 'tb_visi.created_by' in 'on clause' in C:\xampp\htdocs\ta_pbw\system\Database\MySQLi\Connection.php:292
Stack trace:
#0 C:\xampp\htdocs\ta_pbw\system\Database\MySQLi\Connection.php(292): mysqli->query('SELECT `tb_visi...', 0)
#1 C:\xampp\htdocs\ta_pbw\system\Database\BaseConnection.php(693): CodeIgniter\Database\MySQLi\Connection->execute('SELECT `tb_visi...')
#2 C:\xampp\htdocs\ta_pbw\system\Database\BaseConnection.php(620): CodeIgniter\Database\BaseConnection->simpleQuery('SELECT `tb_visi...')
#3 C:\xampp\htdocs\ta_pbw\system\Database\BaseBuilder.php(1585): CodeIgniter\Database\BaseConnection->query('SELECT `tb_visi...', Array, false)
#4 C:\xampp\htdocs\ta_pbw\app\Models\ModelVisi.php(20): CodeIgniter\Database\BaseBuilder->get()
#5 C:\xampp\htdocs\ta_pbw\app\Controllers\Visi.php(22): App\Models\ModelVisi->allData()
#6 C:\xampp\htdocs\ta_pbw\system\CodeIgniter.php(904): App\Controllers\Visi->index()
#7 C:\xampp\htdocs\ta_pbw\system\CodeIgniter.php(457): CodeIgniter\CodeIgniter->runController(Object(App\Controllers\Visi))
#8 C:\xampp\htdocs\ta_pbw\system\CodeIgniter.php(340): CodeIgniter\CodeIgniter->handleRequest(NULL, Object(Config\Cache), false)
#9 C:\xampp\htdocs\ta_pbw\index.php(67): CodeIgniter\CodeIgniter->run()
#10 {main}
CRITICAL - 2023-12-30 09:07:46 --> Call to a member function getResultArray() on bool
in APPPATH\Models\ModelVisi.php on line 20.
 1 APPPATH\Controllers\Visi.php(22): App\Models\ModelVisi->allData()
 2 SYSTEMPATH\CodeIgniter.php(904): App\Controllers\Visi->index()
 3 SYSTEMPATH\CodeIgniter.php(457): CodeIgniter\CodeIgniter->runController(Object(App\Controllers\Visi))
 4 SYSTEMPATH\CodeIgniter.php(340): CodeIgniter\CodeIgniter->handleRequest(null, Object(Config\Cache), false)
 5 FCPATH\index.php(67): CodeIgniter\CodeIgniter->run()
ERROR - 2023-12-30 09:08:15 --> mysqli_sql_exception: Unknown column 'tb_visi.created_by' in 'on clause' in C:\xampp\htdocs\ta_pbw\system\Database\MySQLi\Connection.php:292
Stack trace:
#0 C:\xampp\htdocs\ta_pbw\system\Database\MySQLi\Connection.php(292): mysqli->query('SELECT `tb_visi...', 0)
#1 C:\xampp\htdocs\ta_pbw\system\Database\BaseConnection.php(693): CodeIgniter\Database\MySQLi\Connection->execute('SELECT `tb_visi...')
#2 C:\xampp\htdocs\ta_pbw\system\Database\BaseConnection.php(620): CodeIgniter\Database\BaseConnection->simpleQuery('SELECT `tb_visi...')
#3 C:\xampp\htdocs\ta_pbw\system\Database\BaseBuilder.php(1585): CodeIgniter\Database\BaseConnection->query('SELECT `tb_visi...', Array, false)
#4 C:\xampp\htdocs\ta_pbw\app\Models\ModelVisi.php(20): CodeIgniter\Database\BaseBuilder->get()
#5 C:\xampp\htdocs\ta_pbw\app\Controllers\Visi.php(22): App\Models\ModelVisi->allData()
#6 C:\xampp\htdocs\ta_pbw\system\CodeIgniter.php(904): App\Controllers\Visi->index()
#7 C:\xampp\htdocs\ta_pbw\system\CodeIgniter.php(457): CodeIgniter\CodeIgniter->runController(Object(App\Controllers\Visi))
#8 C:\xampp\htdocs\ta_pbw\system\CodeIgniter.php(340): CodeIgniter\CodeIgniter->handleRequest(NULL, Object(Config\Cache), false)
#9 C:\xampp\htdocs\ta_pbw\index.php(67): CodeIgniter\CodeIgniter->run()
#10 {main}
CRITICAL - 2023-12-30 09:08:15 --> Call to a member function getResultArray() on bool
in APPPATH\Models\ModelVisi.php on line 20.
 1 APPPATH\Controllers\Visi.php(22): App\Models\ModelVisi->allData()
 2 SYSTEMPATH\CodeIgniter.php(904): App\Controllers\Visi->index()
 3 SYSTEMPATH\CodeIgniter.php(457): CodeIgniter\CodeIgniter->runController(Object(App\Controllers\Visi))
 4 SYSTEMPATH\CodeIgniter.php(340): CodeIgniter\CodeIgniter->handleRequest(null, Object(Config\Cache), false)
 5 FCPATH\index.php(67): CodeIgniter\CodeIgniter->run()
ERROR - 2023-12-30 09:12:02 --> mysqli_sql_exception: Unknown column 'tb_visi.created_by' in 'on clause' in C:\xampp\htdocs\ta_pbw\system\Database\MySQLi\Connection.php:292
Stack trace:
#0 C:\xampp\htdocs\ta_pbw\system\Database\MySQLi\Connection.php(292): mysqli->query('SELECT `tb_visi...', 0)
#1 C:\xampp\htdocs\ta_pbw\system\Database\BaseConnection.php(693): CodeIgniter\Database\MySQLi\Connection->execute('SELECT `tb_visi...')
#2 C:\xampp\htdocs\ta_pbw\system\Database\BaseConnection.php(620): CodeIgniter\Database\BaseConnection->simpleQuery('SELECT `tb_visi...')
#3 C:\xampp\htdocs\ta_pbw\system\Database\BaseBuilder.php(1585): CodeIgniter\Database\BaseConnection->query('SELECT `tb_visi...', Array, false)
#4 C:\xampp\htdocs\ta_pbw\app\Models\ModelVisi.php(20): CodeIgniter\Database\BaseBuilder->get()
#5 C:\xampp\htdocs\ta_pbw\app\Controllers\Visi.php(22): App\Models\ModelVisi->allData()
#6 C:\xampp\htdocs\ta_pbw\system\CodeIgniter.php(904): App\Controllers\Visi->index()
#7 C:\xampp\htdocs\ta_pbw\system\CodeIgniter.php(457): CodeIgniter\CodeIgniter->runController(Object(App\Controllers\Visi))
#8 C:\xampp\htdocs\ta_pbw\system\CodeIgniter.php(340): CodeIgniter\CodeIgniter->handleRequest(NULL, Object(Config\Cache), false)
#9 C:\xampp\htdocs\ta_pbw\index.php(67): CodeIgniter\CodeIgniter->run()
#10 {main}
CRITICAL - 2023-12-30 09:12:02 --> Call to a member function getResultArray() on bool
in APPPATH\Models\ModelVisi.php on line 20.
 1 APPPATH\Controllers\Visi.php(22): App\Models\ModelVisi->allData()
 2 SYSTEMPATH\CodeIgniter.php(904): App\Controllers\Visi->index()
 3 SYSTEMPATH\CodeIgniter.php(457): CodeIgniter\CodeIgniter->runController(Object(App\Controllers\Visi))
 4 SYSTEMPATH\CodeIgniter.php(340): CodeIgniter\CodeIgniter->handleRequest(null, Object(Config\Cache), false)
 5 FCPATH\index.php(67): CodeIgniter\CodeIgniter->run()
ERROR - 2023-12-30 09:12:17 --> mysqli_sql_exception: Unknown column 'tb_visi.created_by' in 'on clause' in C:\xampp\htdocs\ta_pbw\system\Database\MySQLi\Connection.php:292
Stack trace:
#0 C:\xampp\htdocs\ta_pbw\system\Database\MySQLi\Connection.php(292): mysqli->query('SELECT *\nFROM `...', 0)
#1 C:\xampp\htdocs\ta_pbw\system\Database\BaseConnection.php(693): CodeIgniter\Database\MySQLi\Connection->execute('SELECT *\nFROM `...')
#2 C:\xampp\htdocs\ta_pbw\system\Database\BaseConnection.php(620): CodeIgniter\Database\BaseConnection->simpleQuery('SELECT *\nFROM `...')
#3 C:\xampp\htdocs\ta_pbw\system\Database\BaseBuilder.php(1585): CodeIgniter\Database\BaseConnection->query('SELECT *\nFROM `...', Array, false)
#4 C:\xampp\htdocs\ta_pbw\app\Models\ModelVisi.php(19): CodeIgniter\Database\BaseBuilder->get()
#5 C:\xampp\htdocs\ta_pbw\app\Controllers\Visi.php(22): App\Models\ModelVisi->allData()
#6 C:\xampp\htdocs\ta_pbw\system\CodeIgniter.php(904): App\Controllers\Visi->index()
#7 C:\xampp\htdocs\ta_pbw\system\CodeIgniter.php(457): CodeIgniter\CodeIgniter->runController(Object(App\Controllers\Visi))
#8 C:\xampp\htdocs\ta_pbw\system\CodeIgniter.php(340): CodeIgniter\CodeIgniter->handleRequest(NULL, Object(Config\Cache), false)
#9 C:\xampp\htdocs\ta_pbw\index.php(67): CodeIgniter\CodeIgniter->run()
#10 {main}
CRITICAL - 2023-12-30 09:12:17 --> Call to a member function getResultArray() on bool
in APPPATH\Models\ModelVisi.php on line 19.
 1 APPPATH\Controllers\Visi.php(22): App\Models\ModelVisi->allData()
 2 SYSTEMPATH\CodeIgniter.php(904): App\Controllers\Visi->index()
 3 SYSTEMPATH\CodeIgniter.php(457): CodeIgniter\CodeIgniter->runController(Object(App\Controllers\Visi))
 4 SYSTEMPATH\CodeIgniter.php(340): CodeIgniter\CodeIgniter->handleRequest(null, Object(Config\Cache), false)
 5 FCPATH\index.php(67): CodeIgniter\CodeIgniter->run()
ERROR - 2023-12-30 09:14:04 --> mysqli_sql_exception: Unknown column 'tb_visi.created_by' in 'on clause' in C:\xampp\htdocs\ta_pbw\system\Database\MySQLi\Connection.php:292
Stack trace:
#0 C:\xampp\htdocs\ta_pbw\system\Database\MySQLi\Connection.php(292): mysqli->query('SELECT `tb_visi...', 0)
#1 C:\xampp\htdocs\ta_pbw\system\Database\BaseConnection.php(693): CodeIgniter\Database\MySQLi\Connection->execute('SELECT `tb_visi...')
#2 C:\xampp\htdocs\ta_pbw\system\Database\BaseConnection.php(620): CodeIgniter\Database\BaseConnection->simpleQuery('SELECT `tb_visi...')
#3 C:\xampp\htdocs\ta_pbw\system\Database\BaseBuilder.php(1585): CodeIgniter\Database\BaseConnection->query('SELECT `tb_visi...', Array, false)
#4 C:\xampp\htdocs\ta_pbw\app\Models\ModelVisi.php(20): CodeIgniter\Database\BaseBuilder->get()
#5 C:\xampp\htdocs\ta_pbw\app\Controllers\Visi.php(22): App\Models\ModelVisi->allData()
#6 C:\xampp\htdocs\ta_pbw\system\CodeIgniter.php(904): App\Controllers\Visi->index()
#7 C:\xampp\htdocs\ta_pbw\system\CodeIgniter.php(457): CodeIgniter\CodeIgniter->runController(Object(App\Controllers\Visi))
#8 C:\xampp\htdocs\ta_pbw\system\CodeIgniter.php(340): CodeIgniter\CodeIgniter->handleRequest(NULL, Object(Config\Cache), false)
#9 C:\xampp\htdocs\ta_pbw\index.php(67): CodeIgniter\CodeIgniter->run()
#10 {main}
CRITICAL - 2023-12-30 09:14:04 --> Call to a member function getResultArray() on bool
in APPPATH\Models\ModelVisi.php on line 20.
 1 APPPATH\Controllers\Visi.php(22): App\Models\ModelVisi->allData()
 2 SYSTEMPATH\CodeIgniter.php(904): App\Controllers\Visi->index()
 3 SYSTEMPATH\CodeIgniter.php(457): CodeIgniter\CodeIgniter->runController(Object(App\Controllers\Visi))
 4 SYSTEMPATH\CodeIgniter.php(340): CodeIgniter\CodeIgniter->handleRequest(null, Object(Config\Cache), false)
 5 FCPATH\index.php(67): CodeIgniter\CodeIgniter->run()
ERROR - 2023-12-30 09:14:16 --> mysqli_sql_exception: Unknown column 'tb_visi.created_by' in 'on clause' in C:\xampp\htdocs\ta_pbw\system\Database\MySQLi\Connection.php:292
Stack trace:
#0 C:\xampp\htdocs\ta_pbw\system\Database\MySQLi\Connection.php(292): mysqli->query('SELECT *\nFROM `...', 0)
#1 C:\xampp\htdocs\ta_pbw\system\Database\BaseConnection.php(693): CodeIgniter\Database\MySQLi\Connection->execute('SELECT *\nFROM `...')
#2 C:\xampp\htdocs\ta_pbw\system\Database\BaseConnection.php(620): CodeIgniter\Database\BaseConnection->simpleQuery('SELECT *\nFROM `...')
#3 C:\xampp\htdocs\ta_pbw\system\Database\BaseBuilder.php(1585): CodeIgniter\Database\BaseConnection->query('SELECT *\nFROM `...', Array, false)
#4 C:\xampp\htdocs\ta_pbw\app\Models\ModelVisi.php(19): CodeIgniter\Database\BaseBuilder->get()
#5 C:\xampp\htdocs\ta_pbw\app\Controllers\Visi.php(22): App\Models\ModelVisi->allData()
#6 C:\xampp\htdocs\ta_pbw\system\CodeIgniter.php(904): App\Controllers\Visi->index()
#7 C:\xampp\htdocs\ta_pbw\system\CodeIgniter.php(457): CodeIgniter\CodeIgniter->runController(Object(App\Controllers\Visi))
#8 C:\xampp\htdocs\ta_pbw\system\CodeIgniter.php(340): CodeIgniter\CodeIgniter->handleRequest(NULL, Object(Config\Cache), false)
#9 C:\xampp\htdocs\ta_pbw\index.php(67): CodeIgniter\CodeIgniter->run()
#10 {main}
CRITICAL - 2023-12-30 09:14:16 --> Call to a member function getResultArray() on bool
in APPPATH\Models\ModelVisi.php on line 19.
 1 APPPATH\Controllers\Visi.php(22): App\Models\ModelVisi->allData()
 2 SYSTEMPATH\CodeIgniter.php(904): App\Controllers\Visi->index()
 3 SYSTEMPATH\CodeIgniter.php(457): CodeIgniter\CodeIgniter->runController(Object(App\Controllers\Visi))
 4 SYSTEMPATH\CodeIgniter.php(340): CodeIgniter\CodeIgniter->handleRequest(null, Object(Config\Cache), false)
 5 FCPATH\index.php(67): CodeIgniter\CodeIgniter->run()
ERROR - 2023-12-30 09:14:52 --> mysqli_sql_exception: Unknown column 'tb_visi.created_by' in 'on clause' in C:\xampp\htdocs\ta_pbw\system\Database\MySQLi\Connection.php:292
Stack trace:
#0 C:\xampp\htdocs\ta_pbw\system\Database\MySQLi\Connection.php(292): mysqli->query('SELECT `tb_visi...', 0)
#1 C:\xampp\htdocs\ta_pbw\system\Database\BaseConnection.php(693): CodeIgniter\Database\MySQLi\Connection->execute('SELECT `tb_visi...')
#2 C:\xampp\htdocs\ta_pbw\system\Database\BaseConnection.php(620): CodeIgniter\Database\BaseConnection->simpleQuery('SELECT `tb_visi...')
#3 C:\xampp\htdocs\ta_pbw\system\Database\BaseBuilder.php(1585): CodeIgniter\Database\BaseConnection->query('SELECT `tb_visi...', Array, false)
#4 C:\xampp\htdocs\ta_pbw\app\Models\ModelVisi.php(20): CodeIgniter\Database\BaseBuilder->get()
#5 C:\xampp\htdocs\ta_pbw\app\Controllers\Visi.php(22): App\Models\ModelVisi->allData()
#6 C:\xampp\htdocs\ta_pbw\system\CodeIgniter.php(904): App\Controllers\Visi->index()
#7 C:\xampp\htdocs\ta_pbw\system\CodeIgniter.php(457): CodeIgniter\CodeIgniter->runController(Object(App\Controllers\Visi))
#8 C:\xampp\htdocs\ta_pbw\system\CodeIgniter.php(340): CodeIgniter\CodeIgniter->handleRequest(NULL, Object(Config\Cache), false)
#9 C:\xampp\htdocs\ta_pbw\index.php(67): CodeIgniter\CodeIgniter->run()
#10 {main}
CRITICAL - 2023-12-30 09:14:52 --> Call to a member function getResultArray() on bool
in APPPATH\Models\ModelVisi.php on line 20.
 1 APPPATH\Controllers\Visi.php(22): App\Models\ModelVisi->allData()
 2 SYSTEMPATH\CodeIgniter.php(904): App\Controllers\Visi->index()
 3 SYSTEMPATH\CodeIgniter.php(457): CodeIgniter\CodeIgniter->runController(Object(App\Controllers\Visi))
 4 SYSTEMPATH\CodeIgniter.php(340): CodeIgniter\CodeIgniter->handleRequest(null, Object(Config\Cache), false)
 5 FCPATH\index.php(67): CodeIgniter\CodeIgniter->run()
ERROR - 2023-12-30 09:15:02 --> mysqli_sql_exception: Unknown column 'tb_visi.created_by' in 'on clause' in C:\xampp\htdocs\ta_pbw\system\Database\MySQLi\Connection.php:292
Stack trace:
#0 C:\xampp\htdocs\ta_pbw\system\Database\MySQLi\Connection.php(292): mysqli->query('SELECT *\nFROM `...', 0)
#1 C:\xampp\htdocs\ta_pbw\system\Database\BaseConnection.php(693): CodeIgniter\Database\MySQLi\Connection->execute('SELECT *\nFROM `...')
#2 C:\xampp\htdocs\ta_pbw\system\Database\BaseConnection.php(620): CodeIgniter\Database\BaseConnection->simpleQuery('SELECT *\nFROM `...')
#3 C:\xampp\htdocs\ta_pbw\system\Database\BaseBuilder.php(1585): CodeIgniter\Database\BaseConnection->query('SELECT *\nFROM `...', Array, false)
#4 C:\xampp\htdocs\ta_pbw\app\Models\ModelVisi.php(19): CodeIgniter\Database\BaseBuilder->get()
#5 C:\xampp\htdocs\ta_pbw\app\Controllers\Visi.php(22): App\Models\ModelVisi->allData()
#6 C:\xampp\htdocs\ta_pbw\system\CodeIgniter.php(904): App\Controllers\Visi->index()
#7 C:\xampp\htdocs\ta_pbw\system\CodeIgniter.php(457): CodeIgniter\CodeIgniter->runController(Object(App\Controllers\Visi))
#8 C:\xampp\htdocs\ta_pbw\system\CodeIgniter.php(340): CodeIgniter\CodeIgniter->handleRequest(NULL, Object(Config\Cache), false)
#9 C:\xampp\htdocs\ta_pbw\index.php(67): CodeIgniter\CodeIgniter->run()
#10 {main}
CRITICAL - 2023-12-30 09:15:02 --> Call to a member function getResultArray() on bool
in APPPATH\Models\ModelVisi.php on line 19.
 1 APPPATH\Controllers\Visi.php(22): App\Models\ModelVisi->allData()
 2 SYSTEMPATH\CodeIgniter.php(904): App\Controllers\Visi->index()
 3 SYSTEMPATH\CodeIgniter.php(457): CodeIgniter\CodeIgniter->runController(Object(App\Controllers\Visi))
 4 SYSTEMPATH\CodeIgniter.php(340): CodeIgniter\CodeIgniter->handleRequest(null, Object(Config\Cache), false)
 5 FCPATH\index.php(67): CodeIgniter\CodeIgniter->run()
ERROR - 2023-12-30 09:15:28 --> mysqli_sql_exception: Unknown column 'tb_visi.created_by' in 'on clause' in C:\xampp\htdocs\ta_pbw\system\Database\MySQLi\Connection.php:292
Stack trace:
#0 C:\xampp\htdocs\ta_pbw\system\Database\MySQLi\Connection.php(292): mysqli->query('SELECT `tb_visi...', 0)
#1 C:\xampp\htdocs\ta_pbw\system\Database\BaseConnection.php(693): CodeIgniter\Database\MySQLi\Connection->execute('SELECT `tb_visi...')
#2 C:\xampp\htdocs\ta_pbw\system\Database\BaseConnection.php(620): CodeIgniter\Database\BaseConnection->simpleQuery('SELECT `tb_visi...')
#3 C:\xampp\htdocs\ta_pbw\system\Database\BaseBuilder.php(1585): CodeIgniter\Database\BaseConnection->query('SELECT `tb_visi...', Array, false)
#4 C:\xampp\htdocs\ta_pbw\app\Models\ModelVisi.php(20): CodeIgniter\Database\BaseBuilder->get()
#5 C:\xampp\htdocs\ta_pbw\app\Controllers\Visi.php(22): App\Models\ModelVisi->allData()
#6 C:\xampp\htdocs\ta_pbw\system\CodeIgniter.php(904): App\Controllers\Visi->index()
#7 C:\xampp\htdocs\ta_pbw\system\CodeIgniter.php(457): CodeIgniter\CodeIgniter->runController(Object(App\Controllers\Visi))
#8 C:\xampp\htdocs\ta_pbw\system\CodeIgniter.php(340): CodeIgniter\CodeIgniter->handleRequest(NULL, Object(Config\Cache), false)
#9 C:\xampp\htdocs\ta_pbw\index.php(67): CodeIgniter\CodeIgniter->run()
#10 {main}
CRITICAL - 2023-12-30 09:15:28 --> Call to a member function getResultArray() on bool
in APPPATH\Models\ModelVisi.php on line 20.
 1 APPPATH\Controllers\Visi.php(22): App\Models\ModelVisi->allData()
 2 SYSTEMPATH\CodeIgniter.php(904): App\Controllers\Visi->index()
 3 SYSTEMPATH\CodeIgniter.php(457): CodeIgniter\CodeIgniter->runController(Object(App\Controllers\Visi))
 4 SYSTEMPATH\CodeIgniter.php(340): CodeIgniter\CodeIgniter->handleRequest(null, Object(Config\Cache), false)
 5 FCPATH\index.php(67): CodeIgniter\CodeIgniter->run()
ERROR - 2023-12-30 09:15:41 --> mysqli_sql_exception: Unknown column 'tb_visi.created_by' in 'on clause' in C:\xampp\htdocs\ta_pbw\system\Database\MySQLi\Connection.php:292
Stack trace:
#0 C:\xampp\htdocs\ta_pbw\system\Database\MySQLi\Connection.php(292): mysqli->query('SELECT *\nFROM `...', 0)
#1 C:\xampp\htdocs\ta_pbw\system\Database\BaseConnection.php(693): CodeIgniter\Database\MySQLi\Connection->execute('SELECT *\nFROM `...')
#2 C:\xampp\htdocs\ta_pbw\system\Database\BaseConnection.php(620): CodeIgniter\Database\BaseConnection->simpleQuery('SELECT *\nFROM `...')
#3 C:\xampp\htdocs\ta_pbw\system\Database\BaseBuilder.php(1585): CodeIgniter\Database\BaseConnection->query('SELECT *\nFROM `...', Array, false)
#4 C:\xampp\htdocs\ta_pbw\app\Models\ModelVisi.php(19): CodeIgniter\Database\BaseBuilder->get()
#5 C:\xampp\htdocs\ta_pbw\app\Controllers\Visi.php(22): App\Models\ModelVisi->allData()
#6 C:\xampp\htdocs\ta_pbw\system\CodeIgniter.php(904): App\Controllers\Visi->index()
#7 C:\xampp\htdocs\ta_pbw\system\CodeIgniter.php(457): CodeIgniter\CodeIgniter->runController(Object(App\Controllers\Visi))
#8 C:\xampp\htdocs\ta_pbw\system\CodeIgniter.php(340): CodeIgniter\CodeIgniter->handleRequest(NULL, Object(Config\Cache), false)
#9 C:\xampp\htdocs\ta_pbw\index.php(67): CodeIgniter\CodeIgniter->run()
#10 {main}
CRITICAL - 2023-12-30 09:15:41 --> Call to a member function getResultArray() on bool
in APPPATH\Models\ModelVisi.php on line 19.
 1 APPPATH\Controllers\Visi.php(22): App\Models\ModelVisi->allData()
 2 SYSTEMPATH\CodeIgniter.php(904): App\Controllers\Visi->index()
 3 SYSTEMPATH\CodeIgniter.php(457): CodeIgniter\CodeIgniter->runController(Object(App\Controllers\Visi))
 4 SYSTEMPATH\CodeIgniter.php(340): CodeIgniter\CodeIgniter->handleRequest(null, Object(Config\Cache), false)
 5 FCPATH\index.php(67): CodeIgniter\CodeIgniter->run()
ERROR - 2023-12-30 09:15:58 --> mysqli_sql_exception: Unknown column 'tb_visi.created_by' in 'on clause' in C:\xampp\htdocs\ta_pbw\system\Database\MySQLi\Connection.php:292
Stack trace:
#0 C:\xampp\htdocs\ta_pbw\system\Database\MySQLi\Connection.php(292): mysqli->query('SELECT `tb_visi...', 0)
#1 C:\xampp\htdocs\ta_pbw\system\Database\BaseConnection.php(693): CodeIgniter\Database\MySQLi\Connection->execute('SELECT `tb_visi...')
#2 C:\xampp\htdocs\ta_pbw\system\Database\BaseConnection.php(620): CodeIgniter\Database\BaseConnection->simpleQuery('SELECT `tb_visi...')
#3 C:\xampp\htdocs\ta_pbw\system\Database\BaseBuilder.php(1585): CodeIgniter\Database\BaseConnection->query('SELECT `tb_visi...', Array, false)
#4 C:\xampp\htdocs\ta_pbw\app\Models\ModelVisi.php(20): CodeIgniter\Database\BaseBuilder->get()
#5 C:\xampp\htdocs\ta_pbw\app\Controllers\Visi.php(22): App\Models\ModelVisi->allData()
#6 C:\xampp\htdocs\ta_pbw\system\CodeIgniter.php(904): App\Controllers\Visi->index()
#7 C:\xampp\htdocs\ta_pbw\system\CodeIgniter.php(457): CodeIgniter\CodeIgniter->runController(Object(App\Controllers\Visi))
#8 C:\xampp\htdocs\ta_pbw\system\CodeIgniter.php(340): CodeIgniter\CodeIgniter->handleRequest(NULL, Object(Config\Cache), false)
#9 C:\xampp\htdocs\ta_pbw\index.php(67): CodeIgniter\CodeIgniter->run()
#10 {main}
CRITICAL - 2023-12-30 09:15:58 --> Call to a member function getResultArray() on bool
in APPPATH\Models\ModelVisi.php on line 20.
 1 APPPATH\Controllers\Visi.php(22): App\Models\ModelVisi->allData()
 2 SYSTEMPATH\CodeIgniter.php(904): App\Controllers\Visi->index()
 3 SYSTEMPATH\CodeIgniter.php(457): CodeIgniter\CodeIgniter->runController(Object(App\Controllers\Visi))
 4 SYSTEMPATH\CodeIgniter.php(340): CodeIgniter\CodeIgniter->handleRequest(null, Object(Config\Cache), false)
 5 FCPATH\index.php(67): CodeIgniter\CodeIgniter->run()
ERROR - 2023-12-30 09:18:30 --> mysqli_sql_exception: Unknown column 'tb_visi.created_by' in 'on clause' in C:\xampp\htdocs\ta_pbw\system\Database\MySQLi\Connection.php:292
Stack trace:
#0 C:\xampp\htdocs\ta_pbw\system\Database\MySQLi\Connection.php(292): mysqli->query('SELECT `tb_visi...', 0)
#1 C:\xampp\htdocs\ta_pbw\system\Database\BaseConnection.php(693): CodeIgniter\Database\MySQLi\Connection->execute('SELECT `tb_visi...')
#2 C:\xampp\htdocs\ta_pbw\system\Database\BaseConnection.php(620): CodeIgniter\Database\BaseConnection->simpleQuery('SELECT `tb_visi...')
#3 C:\xampp\htdocs\ta_pbw\system\Database\BaseBuilder.php(1585): CodeIgniter\Database\BaseConnection->query('SELECT `tb_visi...', Array, false)
#4 C:\xampp\htdocs\ta_pbw\app\Models\ModelVisi.php(20): CodeIgniter\Database\BaseBuilder->get()
#5 C:\xampp\htdocs\ta_pbw\app\Controllers\Visi.php(22): App\Models\ModelVisi->allData()
#6 C:\xampp\htdocs\ta_pbw\system\CodeIgniter.php(904): App\Controllers\Visi->index()
#7 C:\xampp\htdocs\ta_pbw\system\CodeIgniter.php(457): CodeIgniter\CodeIgniter->runController(Object(App\Controllers\Visi))
#8 C:\xampp\htdocs\ta_pbw\system\CodeIgniter.php(340): CodeIgniter\CodeIgniter->handleRequest(NULL, Object(Config\Cache), false)
#9 C:\xampp\htdocs\ta_pbw\index.php(67): CodeIgniter\CodeIgniter->run()
#10 {main}
CRITICAL - 2023-12-30 09:18:30 --> Call to a member function getResultArray() on bool
in APPPATH\Models\ModelVisi.php on line 20.
 1 APPPATH\Controllers\Visi.php(22): App\Models\ModelVisi->allData()
 2 SYSTEMPATH\CodeIgniter.php(904): App\Controllers\Visi->index()
 3 SYSTEMPATH\CodeIgniter.php(457): CodeIgniter\CodeIgniter->runController(Object(App\Controllers\Visi))
 4 SYSTEMPATH\CodeIgniter.php(340): CodeIgniter\CodeIgniter->handleRequest(null, Object(Config\Cache), false)
 5 FCPATH\index.php(67): CodeIgniter\CodeIgniter->run()
ERROR - 2023-12-30 09:18:42 --> mysqli_sql_exception: Unknown column 'tb_visi.created_by' in 'on clause' in C:\xampp\htdocs\ta_pbw\system\Database\MySQLi\Connection.php:292
Stack trace:
#0 C:\xampp\htdocs\ta_pbw\system\Database\MySQLi\Connection.php(292): mysqli->query('SELECT `tb_visi...', 0)
#1 C:\xampp\htdocs\ta_pbw\system\Database\BaseConnection.php(693): CodeIgniter\Database\MySQLi\Connection->execute('SELECT `tb_visi...')
#2 C:\xampp\htdocs\ta_pbw\system\Database\BaseConnection.php(620): CodeIgniter\Database\BaseConnection->simpleQuery('SELECT `tb_visi...')
#3 C:\xampp\htdocs\ta_pbw\system\Database\BaseBuilder.php(1585): CodeIgniter\Database\BaseConnection->query('SELECT `tb_visi...', Array, false)
#4 C:\xampp\htdocs\ta_pbw\app\Models\ModelVisi.php(20): CodeIgniter\Database\BaseBuilder->get()
#5 C:\xampp\htdocs\ta_pbw\app\Controllers\Visi.php(22): App\Models\ModelVisi->allData()
#6 C:\xampp\htdocs\ta_pbw\system\CodeIgniter.php(904): App\Controllers\Visi->index()
#7 C:\xampp\htdocs\ta_pbw\system\CodeIgniter.php(457): CodeIgniter\CodeIgniter->runController(Object(App\Controllers\Visi))
#8 C:\xampp\htdocs\ta_pbw\system\CodeIgniter.php(340): CodeIgniter\CodeIgniter->handleRequest(NULL, Object(Config\Cache), false)
#9 C:\xampp\htdocs\ta_pbw\index.php(67): CodeIgniter\CodeIgniter->run()
#10 {main}
CRITICAL - 2023-12-30 09:18:42 --> Call to a member function getResultArray() on bool
in APPPATH\Models\ModelVisi.php on line 20.
 1 APPPATH\Controllers\Visi.php(22): App\Models\ModelVisi->allData()
 2 SYSTEMPATH\CodeIgniter.php(904): App\Controllers\Visi->index()
 3 SYSTEMPATH\CodeIgniter.php(457): CodeIgniter\CodeIgniter->runController(Object(App\Controllers\Visi))
 4 SYSTEMPATH\CodeIgniter.php(340): CodeIgniter\CodeIgniter->handleRequest(null, Object(Config\Cache), false)
 5 FCPATH\index.php(67): CodeIgniter\CodeIgniter->run()
ERROR - 2023-12-30 09:18:50 --> mysqli_sql_exception: Unknown column 'tb_visi.created_by' in 'on clause' in C:\xampp\htdocs\ta_pbw\system\Database\MySQLi\Connection.php:292
Stack trace:
#0 C:\xampp\htdocs\ta_pbw\system\Database\MySQLi\Connection.php(292): mysqli->query('SELECT *\nFROM `...', 0)
#1 C:\xampp\htdocs\ta_pbw\system\Database\BaseConnection.php(693): CodeIgniter\Database\MySQLi\Connection->execute('SELECT *\nFROM `...')
#2 C:\xampp\htdocs\ta_pbw\system\Database\BaseConnection.php(620): CodeIgniter\Database\BaseConnection->simpleQuery('SELECT *\nFROM `...')
#3 C:\xampp\htdocs\ta_pbw\system\Database\BaseBuilder.php(1585): CodeIgniter\Database\BaseConnection->query('SELECT *\nFROM `...', Array, false)
#4 C:\xampp\htdocs\ta_pbw\app\Models\ModelVisi.php(19): CodeIgniter\Database\BaseBuilder->get()
#5 C:\xampp\htdocs\ta_pbw\app\Controllers\Visi.php(22): App\Models\ModelVisi->allData()
#6 C:\xampp\htdocs\ta_pbw\system\CodeIgniter.php(904): App\Controllers\Visi->index()
#7 C:\xampp\htdocs\ta_pbw\system\CodeIgniter.php(457): CodeIgniter\CodeIgniter->runController(Object(App\Controllers\Visi))
#8 C:\xampp\htdocs\ta_pbw\system\CodeIgniter.php(340): CodeIgniter\CodeIgniter->handleRequest(NULL, Object(Config\Cache), false)
#9 C:\xampp\htdocs\ta_pbw\index.php(67): CodeIgniter\CodeIgniter->run()
#10 {main}
CRITICAL - 2023-12-30 09:18:50 --> Call to a member function getResultArray() on bool
in APPPATH\Models\ModelVisi.php on line 19.
 1 APPPATH\Controllers\Visi.php(22): App\Models\ModelVisi->allData()
 2 SYSTEMPATH\CodeIgniter.php(904): App\Controllers\Visi->index()
 3 SYSTEMPATH\CodeIgniter.php(457): CodeIgniter\CodeIgniter->runController(Object(App\Controllers\Visi))
 4 SYSTEMPATH\CodeIgniter.php(340): CodeIgniter\CodeIgniter->handleRequest(null, Object(Config\Cache), false)
 5 FCPATH\index.php(67): CodeIgniter\CodeIgniter->run()
CRITICAL - 2023-12-30 09:22:14 --> Undefined array key "id_tentang_kami"
in APPPATH\Views\admin\profil\visi\v_index.php on line 66.
 1 APPPATH\Views\admin\profil\visi\v_index.php(66): CodeIgniter\Debug\Exceptions->errorHandler(2, 'Undefined array key "id_tentang_kami"', 'APPPATH\\Views\\admin\\profil\\visi\\v_index.php', 66)
 2 SYSTEMPATH\View\View.php(213): include('APPPATH\\Views\\admin\\profil\\visi\\v_index.php')
 3 SYSTEMPATH\View\View.php(216): CodeIgniter\View\View->CodeIgniter\View\{closure}()
 4 SYSTEMPATH\Common.php(1137): CodeIgniter\View\View->render('admin/profil/visi/v_index', [], true)
 5 APPPATH\Views\layout\v_content.php(4): view('admin/profil/visi/v_index')
 6 SYSTEMPATH\View\View.php(213): include('APPPATH\\Views\\layout\\v_content.php')
 7 SYSTEMPATH\View\View.php(216): CodeIgniter\View\View->CodeIgniter\View\{closure}()
 8 SYSTEMPATH\Common.php(1137): CodeIgniter\View\View->render('layout/v_content', [], true)
 9 APPPATH\Views\layout\v_wrapper.php(6): view('layout/v_content')
10 SYSTEMPATH\View\View.php(213): include('APPPATH\\Views\\layout\\v_wrapper.php')
11 SYSTEMPATH\View\View.php(216): CodeIgniter\View\View->CodeIgniter\View\{closure}()
12 SYSTEMPATH\Common.php(1137): CodeIgniter\View\View->render('layout/v_wrapper', [], true)
13 APPPATH\Controllers\Visi.php(24): view('layout/v_wrapper', [...])
14 SYSTEMPATH\CodeIgniter.php(904): App\Controllers\Visi->index()
15 SYSTEMPATH\CodeIgniter.php(457): CodeIgniter\CodeIgniter->runController(Object(App\Controllers\Visi))
16 SYSTEMPATH\CodeIgniter.php(340): CodeIgniter\CodeIgniter->handleRequest(null, Object(Config\Cache), false)
17 FCPATH\index.php(67): CodeIgniter\CodeIgniter->run()
CRITICAL - 2023-12-30 09:40:40 --> Undefined array key "id_tentang_kami"
in APPPATH\Views\admin\profil\visi\v_index.php on line 83.
 1 APPPATH\Views\admin\profil\visi\v_index.php(83): CodeIgniter\Debug\Exceptions->errorHandler(2, 'Undefined array key "id_tentang_kami"', 'APPPATH\\Views\\admin\\profil\\visi\\v_index.php', 83)
 2 SYSTEMPATH\View\View.php(213): include('APPPATH\\Views\\admin\\profil\\visi\\v_index.php')
 3 SYSTEMPATH\View\View.php(216): CodeIgniter\View\View->CodeIgniter\View\{closure}()
 4 SYSTEMPATH\Common.php(1137): CodeIgniter\View\View->render('admin/profil/visi/v_index', [], true)
 5 APPPATH\Views\layout\v_content.php(4): view('admin/profil/visi/v_index')
 6 SYSTEMPATH\View\View.php(213): include('APPPATH\\Views\\layout\\v_content.php')
 7 SYSTEMPATH\View\View.php(216): CodeIgniter\View\View->CodeIgniter\View\{closure}()
 8 SYSTEMPATH\Common.php(1137): CodeIgniter\View\View->render('layout/v_content', [], true)
 9 APPPATH\Views\layout\v_wrapper.php(6): view('layout/v_content')
10 SYSTEMPATH\View\View.php(213): include('APPPATH\\Views\\layout\\v_wrapper.php')
11 SYSTEMPATH\View\View.php(216): CodeIgniter\View\View->CodeIgniter\View\{closure}()
12 SYSTEMPATH\Common.php(1137): CodeIgniter\View\View->render('layout/v_wrapper', [], true)
13 APPPATH\Controllers\Visi.php(24): view('layout/v_wrapper', [...])
14 SYSTEMPATH\CodeIgniter.php(904): App\Controllers\Visi->index()
15 SYSTEMPATH\CodeIgniter.php(457): CodeIgniter\CodeIgniter->runController(Object(App\Controllers\Visi))
16 SYSTEMPATH\CodeIgniter.php(340): CodeIgniter\CodeIgniter->handleRequest(null, Object(Config\Cache), false)
17 FCPATH\index.php(67): CodeIgniter\CodeIgniter->run()
CRITICAL - 2023-12-30 19:26:26 --> Undefined variable $visi
in APPPATH\Views\admin\profil\misi\v_index.php on line 51.
 1 APPPATH\Views\admin\profil\misi\v_index.php(51): CodeIgniter\Debug\Exceptions->errorHandler(2, 'Undefined variable $visi', 'APPPATH\\Views\\admin\\profil\\misi\\v_index.php', 51)
 2 SYSTEMPATH\View\View.php(213): include('APPPATH\\Views\\admin\\profil\\misi\\v_index.php')
 3 SYSTEMPATH\View\View.php(216): CodeIgniter\View\View->CodeIgniter\View\{closure}()
 4 SYSTEMPATH\Common.php(1137): CodeIgniter\View\View->render('admin/profil/misi/v_index', [], true)
 5 APPPATH\Views\layout\v_content.php(4): view('admin/profil/misi/v_index')
 6 SYSTEMPATH\View\View.php(213): include('APPPATH\\Views\\layout\\v_content.php')
 7 SYSTEMPATH\View\View.php(216): CodeIgniter\View\View->CodeIgniter\View\{closure}()
 8 SYSTEMPATH\Common.php(1137): CodeIgniter\View\View->render('layout/v_content', [], true)
 9 APPPATH\Views\layout\v_wrapper.php(6): view('layout/v_content')
10 SYSTEMPATH\View\View.php(213): include('APPPATH\\Views\\layout\\v_wrapper.php')
11 SYSTEMPATH\View\View.php(216): CodeIgniter\View\View->CodeIgniter\View\{closure}()
12 SYSTEMPATH\Common.php(1137): CodeIgniter\View\View->render('layout/v_wrapper', [], true)
13 APPPATH\Controllers\Misi.php(24): view('layout/v_wrapper', [...])
14 SYSTEMPATH\CodeIgniter.php(904): App\Controllers\Misi->index()
15 SYSTEMPATH\CodeIgniter.php(457): CodeIgniter\CodeIgniter->runController(Object(App\Controllers\Misi))
16 SYSTEMPATH\CodeIgniter.php(340): CodeIgniter\CodeIgniter->handleRequest(null, Object(Config\Cache), false)
17 FCPATH\index.php(67): CodeIgniter\CodeIgniter->run()
CRITICAL - 2023-12-30 19:28:41 --> Undefined array key "id_visi"
in APPPATH\Views\admin\profil\misi\v_index.php on line 70.
 1 APPPATH\Views\admin\profil\misi\v_index.php(70): CodeIgniter\Debug\Exceptions->errorHandler(2, 'Undefined array key "id_visi"', 'APPPATH\\Views\\admin\\profil\\misi\\v_index.php', 70)
 2 SYSTEMPATH\View\View.php(213): include('APPPATH\\Views\\admin\\profil\\misi\\v_index.php')
 3 SYSTEMPATH\View\View.php(216): CodeIgniter\View\View->CodeIgniter\View\{closure}()
 4 SYSTEMPATH\Common.php(1137): CodeIgniter\View\View->render('admin/profil/misi/v_index', [], true)
 5 APPPATH\Views\layout\v_content.php(4): view('admin/profil/misi/v_index')
 6 SYSTEMPATH\View\View.php(213): include('APPPATH\\Views\\layout\\v_content.php')
 7 SYSTEMPATH\View\View.php(216): CodeIgniter\View\View->CodeIgniter\View\{closure}()
 8 SYSTEMPATH\Common.php(1137): CodeIgniter\View\View->render('layout/v_content', [], true)
 9 APPPATH\Views\layout\v_wrapper.php(6): view('layout/v_content')
10 SYSTEMPATH\View\View.php(213): include('APPPATH\\Views\\layout\\v_wrapper.php')
11 SYSTEMPATH\View\View.php(216): CodeIgniter\View\View->CodeIgniter\View\{closure}()
12 SYSTEMPATH\Common.php(1137): CodeIgniter\View\View->render('layout/v_wrapper', [], true)
13 APPPATH\Controllers\Misi.php(24): view('layout/v_wrapper', [...])
14 SYSTEMPATH\CodeIgniter.php(904): App\Controllers\Misi->index()
15 SYSTEMPATH\CodeIgniter.php(457): CodeIgniter\CodeIgniter->runController(Object(App\Controllers\Misi))
16 SYSTEMPATH\CodeIgniter.php(340): CodeIgniter\CodeIgniter->handleRequest(null, Object(Config\Cache), false)
17 FCPATH\index.php(67): CodeIgniter\CodeIgniter->run()
CRITICAL - 2023-12-30 19:30:37 --> Undefined variable $visi
in APPPATH\Views\admin\profil\misi\v_index.php on line 82.
 1 APPPATH\Views\admin\profil\misi\v_index.php(82): CodeIgniter\Debug\Exceptions->errorHandler(2, 'Undefined variable $visi', 'APPPATH\\Views\\admin\\profil\\misi\\v_index.php', 82)
 2 SYSTEMPATH\View\View.php(213): include('APPPATH\\Views\\admin\\profil\\misi\\v_index.php')
 3 SYSTEMPATH\View\View.php(216): CodeIgniter\View\View->CodeIgniter\View\{closure}()
 4 SYSTEMPATH\Common.php(1137): CodeIgniter\View\View->render('admin/profil/misi/v_index', [], true)
 5 APPPATH\Views\layout\v_content.php(4): view('admin/profil/misi/v_index')
 6 SYSTEMPATH\View\View.php(213): include('APPPATH\\Views\\layout\\v_content.php')
 7 SYSTEMPATH\View\View.php(216): CodeIgniter\View\View->CodeIgniter\View\{closure}()
 8 SYSTEMPATH\Common.php(1137): CodeIgniter\View\View->render('layout/v_content', [], true)
 9 APPPATH\Views\layout\v_wrapper.php(6): view('layout/v_content')
10 SYSTEMPATH\View\View.php(213): include('APPPATH\\Views\\layout\\v_wrapper.php')
11 SYSTEMPATH\View\View.php(216): CodeIgniter\View\View->CodeIgniter\View\{closure}()
12 SYSTEMPATH\Common.php(1137): CodeIgniter\View\View->render('layout/v_wrapper', [], true)
13 APPPATH\Controllers\Misi.php(24): view('layout/v_wrapper', [...])
14 SYSTEMPATH\CodeIgniter.php(904): App\Controllers\Misi->index()
15 SYSTEMPATH\CodeIgniter.php(457): CodeIgniter\CodeIgniter->runController(Object(App\Controllers\Misi))
16 SYSTEMPATH\CodeIgniter.php(340): CodeIgniter\CodeIgniter->handleRequest(null, Object(Config\Cache), false)
17 FCPATH\index.php(67): CodeIgniter\CodeIgniter->run()
CRITICAL - 2023-12-30 19:30:43 --> Undefined array key "id_visi"
in APPPATH\Views\admin\profil\misi\v_index.php on line 83.
 1 APPPATH\Views\admin\profil\misi\v_index.php(83): CodeIgniter\Debug\Exceptions->errorHandler(2, 'Undefined array key "id_visi"', 'APPPATH\\Views\\admin\\profil\\misi\\v_index.php', 83)
 2 SYSTEMPATH\View\View.php(213): include('APPPATH\\Views\\admin\\profil\\misi\\v_index.php')
 3 SYSTEMPATH\View\View.php(216): CodeIgniter\View\View->CodeIgniter\View\{closure}()
 4 SYSTEMPATH\Common.php(1137): CodeIgniter\View\View->render('admin/profil/misi/v_index', [], true)
 5 APPPATH\Views\layout\v_content.php(4): view('admin/profil/misi/v_index')
 6 SYSTEMPATH\View\View.php(213): include('APPPATH\\Views\\layout\\v_content.php')
 7 SYSTEMPATH\View\View.php(216): CodeIgniter\View\View->CodeIgniter\View\{closure}()
 8 SYSTEMPATH\Common.php(1137): CodeIgniter\View\View->render('layout/v_content', [], true)
 9 APPPATH\Views\layout\v_wrapper.php(6): view('layout/v_content')
10 SYSTEMPATH\View\View.php(213): include('APPPATH\\Views\\layout\\v_wrapper.php')
11 SYSTEMPATH\View\View.php(216): CodeIgniter\View\View->CodeIgniter\View\{closure}()
12 SYSTEMPATH\Common.php(1137): CodeIgniter\View\View->render('layout/v_wrapper', [], true)
13 APPPATH\Controllers\Misi.php(24): view('layout/v_wrapper', [...])
14 SYSTEMPATH\CodeIgniter.php(904): App\Controllers\Misi->index()
15 SYSTEMPATH\CodeIgniter.php(457): CodeIgniter\CodeIgniter->runController(Object(App\Controllers\Misi))
16 SYSTEMPATH\CodeIgniter.php(340): CodeIgniter\CodeIgniter->handleRequest(null, Object(Config\Cache), false)
17 FCPATH\index.php(67): CodeIgniter\CodeIgniter->run()
CRITICAL - 2023-12-30 19:35:19 --> Undefined variable $visi
in APPPATH\Views\admin\profil\misi\v_index.php on line 163.
 1 APPPATH\Views\admin\profil\misi\v_index.php(163): CodeIgniter\Debug\Exceptions->errorHandler(2, 'Undefined variable $visi', 'APPPATH\\Views\\admin\\profil\\misi\\v_index.php', 163)
 2 SYSTEMPATH\View\View.php(213): include('APPPATH\\Views\\admin\\profil\\misi\\v_index.php')
 3 SYSTEMPATH\View\View.php(216): CodeIgniter\View\View->CodeIgniter\View\{closure}()
 4 SYSTEMPATH\Common.php(1137): CodeIgniter\View\View->render('admin/profil/misi/v_index', [], true)
 5 APPPATH\Views\layout\v_content.php(4): view('admin/profil/misi/v_index')
 6 SYSTEMPATH\View\View.php(213): include('APPPATH\\Views\\layout\\v_content.php')
 7 SYSTEMPATH\View\View.php(216): CodeIgniter\View\View->CodeIgniter\View\{closure}()
 8 SYSTEMPATH\Common.php(1137): CodeIgniter\View\View->render('layout/v_content', [], true)
 9 APPPATH\Views\layout\v_wrapper.php(6): view('layout/v_content')
10 SYSTEMPATH\View\View.php(213): include('APPPATH\\Views\\layout\\v_wrapper.php')
11 SYSTEMPATH\View\View.php(216): CodeIgniter\View\View->CodeIgniter\View\{closure}()
12 SYSTEMPATH\Common.php(1137): CodeIgniter\View\View->render('layout/v_wrapper', [], true)
13 APPPATH\Controllers\Misi.php(24): view('layout/v_wrapper', [...])
14 SYSTEMPATH\CodeIgniter.php(904): App\Controllers\Misi->index()
15 SYSTEMPATH\CodeIgniter.php(457): CodeIgniter\CodeIgniter->runController(Object(App\Controllers\Misi))
16 SYSTEMPATH\CodeIgniter.php(340): CodeIgniter\CodeIgniter->handleRequest(null, Object(Config\Cache), false)
17 FCPATH\index.php(67): CodeIgniter\CodeIgniter->run()
CRITICAL - 2023-12-30 19:35:30 --> Undefined array key "id_visi"
in APPPATH\Views\admin\profil\misi\v_index.php on line 164.
 1 APPPATH\Views\admin\profil\misi\v_index.php(164): CodeIgniter\Debug\Exceptions->errorHandler(2, 'Undefined array key "id_visi"', 'APPPATH\\Views\\admin\\profil\\misi\\v_index.php', 164)
 2 SYSTEMPATH\View\View.php(213): include('APPPATH\\Views\\admin\\profil\\misi\\v_index.php')
 3 SYSTEMPATH\View\View.php(216): CodeIgniter\View\View->CodeIgniter\View\{closure}()
 4 SYSTEMPATH\Common.php(1137): CodeIgniter\View\View->render('admin/profil/misi/v_index', [], true)
 5 APPPATH\Views\layout\v_content.php(4): view('admin/profil/misi/v_index')
 6 SYSTEMPATH\View\View.php(213): include('APPPATH\\Views\\layout\\v_content.php')
 7 SYSTEMPATH\View\View.php(216): CodeIgniter\View\View->CodeIgniter\View\{closure}()
 8 SYSTEMPATH\Common.php(1137): CodeIgniter\View\View->render('layout/v_content', [], true)
 9 APPPATH\Views\layout\v_wrapper.php(6): view('layout/v_content')
10 SYSTEMPATH\View\View.php(213): include('APPPATH\\Views\\layout\\v_wrapper.php')
11 SYSTEMPATH\View\View.php(216): CodeIgniter\View\View->CodeIgniter\View\{closure}()
12 SYSTEMPATH\Common.php(1137): CodeIgniter\View\View->render('layout/v_wrapper', [], true)
13 APPPATH\Controllers\Misi.php(24): view('layout/v_wrapper', [...])
14 SYSTEMPATH\CodeIgniter.php(904): App\Controllers\Misi->index()
15 SYSTEMPATH\CodeIgniter.php(457): CodeIgniter\CodeIgniter->runController(Object(App\Controllers\Misi))
16 SYSTEMPATH\CodeIgniter.php(340): CodeIgniter\CodeIgniter->handleRequest(null, Object(Config\Cache), false)
17 FCPATH\index.php(67): CodeIgniter\CodeIgniter->run()
CRITICAL - 2023-12-30 19:35:41 --> Undefined array key "id_visi"
in APPPATH\Views\admin\profil\misi\v_index.php on line 173.
 1 APPPATH\Views\admin\profil\misi\v_index.php(173): CodeIgniter\Debug\Exceptions->errorHandler(2, 'Undefined array key "id_visi"', 'APPPATH\\Views\\admin\\profil\\misi\\v_index.php', 173)
 2 SYSTEMPATH\View\View.php(213): include('APPPATH\\Views\\admin\\profil\\misi\\v_index.php')
 3 SYSTEMPATH\View\View.php(216): CodeIgniter\View\View->CodeIgniter\View\{closure}()
 4 SYSTEMPATH\Common.php(1137): CodeIgniter\View\View->render('admin/profil/misi/v_index', [], true)
 5 APPPATH\Views\layout\v_content.php(4): view('admin/profil/misi/v_index')
 6 SYSTEMPATH\View\View.php(213): include('APPPATH\\Views\\layout\\v_content.php')
 7 SYSTEMPATH\View\View.php(216): CodeIgniter\View\View->CodeIgniter\View\{closure}()
 8 SYSTEMPATH\Common.php(1137): CodeIgniter\View\View->render('layout/v_content', [], true)
 9 APPPATH\Views\layout\v_wrapper.php(6): view('layout/v_content')
10 SYSTEMPATH\View\View.php(213): include('APPPATH\\Views\\layout\\v_wrapper.php')
11 SYSTEMPATH\View\View.php(216): CodeIgniter\View\View->CodeIgniter\View\{closure}()
12 SYSTEMPATH\Common.php(1137): CodeIgniter\View\View->render('layout/v_wrapper', [], true)
13 APPPATH\Controllers\Misi.php(24): view('layout/v_wrapper', [...])
14 SYSTEMPATH\CodeIgniter.php(904): App\Controllers\Misi->index()
15 SYSTEMPATH\CodeIgniter.php(457): CodeIgniter\CodeIgniter->runController(Object(App\Controllers\Misi))
16 SYSTEMPATH\CodeIgniter.php(340): CodeIgniter\CodeIgniter->handleRequest(null, Object(Config\Cache), false)
17 FCPATH\index.php(67): CodeIgniter\CodeIgniter->run()
CRITICAL - 2023-12-30 19:35:49 --> Undefined array key "id_visi"
in APPPATH\Views\admin\profil\misi\v_index.php on line 173.
 1 APPPATH\Views\admin\profil\misi\v_index.php(173): CodeIgniter\Debug\Exceptions->errorHandler(2, 'Undefined array key "id_visi"', 'APPPATH\\Views\\admin\\profil\\misi\\v_index.php', 173)
 2 SYSTEMPATH\View\View.php(213): include('APPPATH\\Views\\admin\\profil\\misi\\v_index.php')
 3 SYSTEMPATH\View\View.php(216): CodeIgniter\View\View->CodeIgniter\View\{closure}()
 4 SYSTEMPATH\Common.php(1137): CodeIgniter\View\View->render('admin/profil/misi/v_index', [], true)
 5 APPPATH\Views\layout\v_content.php(4): view('admin/profil/misi/v_index')
 6 SYSTEMPATH\View\View.php(213): include('APPPATH\\Views\\layout\\v_content.php')
 7 SYSTEMPATH\View\View.php(216): CodeIgniter\View\View->CodeIgniter\View\{closure}()
 8 SYSTEMPATH\Common.php(1137): CodeIgniter\View\View->render('layout/v_content', [], true)
 9 APPPATH\Views\layout\v_wrapper.php(6): view('layout/v_content')
10 SYSTEMPATH\View\View.php(213): include('APPPATH\\Views\\layout\\v_wrapper.php')
11 SYSTEMPATH\View\View.php(216): CodeIgniter\View\View->CodeIgniter\View\{closure}()
12 SYSTEMPATH\Common.php(1137): CodeIgniter\View\View->render('layout/v_wrapper', [], true)
13 APPPATH\Controllers\Misi.php(24): view('layout/v_wrapper', [...])
14 SYSTEMPATH\CodeIgniter.php(904): App\Controllers\Misi->index()
15 SYSTEMPATH\CodeIgniter.php(457): CodeIgniter\CodeIgniter->runController(Object(App\Controllers\Misi))
16 SYSTEMPATH\CodeIgniter.php(340): CodeIgniter\CodeIgniter->handleRequest(null, Object(Config\Cache), false)
17 FCPATH\index.php(67): CodeIgniter\CodeIgniter->run()
CRITICAL - 2023-12-30 19:38:28 --> Undefined variable $visi
in APPPATH\Views\admin\profil\misi\v_index.php on line 199.
 1 APPPATH\Views\admin\profil\misi\v_index.php(199): CodeIgniter\Debug\Exceptions->errorHandler(2, 'Undefined variable $visi', 'APPPATH\\Views\\admin\\profil\\misi\\v_index.php', 199)
 2 SYSTEMPATH\View\View.php(213): include('APPPATH\\Views\\admin\\profil\\misi\\v_index.php')
 3 SYSTEMPATH\View\View.php(216): CodeIgniter\View\View->CodeIgniter\View\{closure}()
 4 SYSTEMPATH\Common.php(1137): CodeIgniter\View\View->render('admin/profil/misi/v_index', [], true)
 5 APPPATH\Views\layout\v_content.php(4): view('admin/profil/misi/v_index')
 6 SYSTEMPATH\View\View.php(213): include('APPPATH\\Views\\layout\\v_content.php')
 7 SYSTEMPATH\View\View.php(216): CodeIgniter\View\View->CodeIgniter\View\{closure}()
 8 SYSTEMPATH\Common.php(1137): CodeIgniter\View\View->render('layout/v_content', [], true)
 9 APPPATH\Views\layout\v_wrapper.php(6): view('layout/v_content')
10 SYSTEMPATH\View\View.php(213): include('APPPATH\\Views\\layout\\v_wrapper.php')
11 SYSTEMPATH\View\View.php(216): CodeIgniter\View\View->CodeIgniter\View\{closure}()
12 SYSTEMPATH\Common.php(1137): CodeIgniter\View\View->render('layout/v_wrapper', [], true)
13 APPPATH\Controllers\Misi.php(24): view('layout/v_wrapper', [...])
14 SYSTEMPATH\CodeIgniter.php(904): App\Controllers\Misi->index()
15 SYSTEMPATH\CodeIgniter.php(457): CodeIgniter\CodeIgniter->runController(Object(App\Controllers\Misi))
16 SYSTEMPATH\CodeIgniter.php(340): CodeIgniter\CodeIgniter->handleRequest(null, Object(Config\Cache), false)
17 FCPATH\index.php(67): CodeIgniter\CodeIgniter->run()
CRITICAL - 2023-12-30 19:38:32 --> Undefined array key "id_visi"
in APPPATH\Views\admin\profil\misi\v_index.php on line 200.
 1 APPPATH\Views\admin\profil\misi\v_index.php(200): CodeIgniter\Debug\Exceptions->errorHandler(2, 'Undefined array key "id_visi"', 'APPPATH\\Views\\admin\\profil\\misi\\v_index.php', 200)
 2 SYSTEMPATH\View\View.php(213): include('APPPATH\\Views\\admin\\profil\\misi\\v_index.php')
 3 SYSTEMPATH\View\View.php(216): CodeIgniter\View\View->CodeIgniter\View\{closure}()
 4 SYSTEMPATH\Common.php(1137): CodeIgniter\View\View->render('admin/profil/misi/v_index', [], true)
 5 APPPATH\Views\layout\v_content.php(4): view('admin/profil/misi/v_index')
 6 SYSTEMPATH\View\View.php(213): include('APPPATH\\Views\\layout\\v_content.php')
 7 SYSTEMPATH\View\View.php(216): CodeIgniter\View\View->CodeIgniter\View\{closure}()
 8 SYSTEMPATH\Common.php(1137): CodeIgniter\View\View->render('layout/v_content', [], true)
 9 APPPATH\Views\layout\v_wrapper.php(6): view('layout/v_content')
10 SYSTEMPATH\View\View.php(213): include('APPPATH\\Views\\layout\\v_wrapper.php')
11 SYSTEMPATH\View\View.php(216): CodeIgniter\View\View->CodeIgniter\View\{closure}()
12 SYSTEMPATH\Common.php(1137): CodeIgniter\View\View->render('layout/v_wrapper', [], true)
13 APPPATH\Controllers\Misi.php(24): view('layout/v_wrapper', [...])
14 SYSTEMPATH\CodeIgniter.php(904): App\Controllers\Misi->index()
15 SYSTEMPATH\CodeIgniter.php(457): CodeIgniter\CodeIgniter->runController(Object(App\Controllers\Misi))
16 SYSTEMPATH\CodeIgniter.php(340): CodeIgniter\CodeIgniter->handleRequest(null, Object(Config\Cache), false)
17 FCPATH\index.php(67): CodeIgniter\CodeIgniter->run()
CRITICAL - 2023-12-30 19:38:42 --> Undefined array key "id_visi"
in APPPATH\Views\admin\profil\misi\v_index.php on line 212.
 1 APPPATH\Views\admin\profil\misi\v_index.php(212): CodeIgniter\Debug\Exceptions->errorHandler(2, 'Undefined array key "id_visi"', 'APPPATH\\Views\\admin\\profil\\misi\\v_index.php', 212)
 2 SYSTEMPATH\View\View.php(213): include('APPPATH\\Views\\admin\\profil\\misi\\v_index.php')
 3 SYSTEMPATH\View\View.php(216): CodeIgniter\View\View->CodeIgniter\View\{closure}()
 4 SYSTEMPATH\Common.php(1137): CodeIgniter\View\View->render('admin/profil/misi/v_index', [], true)
 5 APPPATH\Views\layout\v_content.php(4): view('admin/profil/misi/v_index')
 6 SYSTEMPATH\View\View.php(213): include('APPPATH\\Views\\layout\\v_content.php')
 7 SYSTEMPATH\View\View.php(216): CodeIgniter\View\View->CodeIgniter\View\{closure}()
 8 SYSTEMPATH\Common.php(1137): CodeIgniter\View\View->render('layout/v_content', [], true)
 9 APPPATH\Views\layout\v_wrapper.php(6): view('layout/v_content')
10 SYSTEMPATH\View\View.php(213): include('APPPATH\\Views\\layout\\v_wrapper.php')
11 SYSTEMPATH\View\View.php(216): CodeIgniter\View\View->CodeIgniter\View\{closure}()
12 SYSTEMPATH\Common.php(1137): CodeIgniter\View\View->render('layout/v_wrapper', [], true)
13 APPPATH\Controllers\Misi.php(24): view('layout/v_wrapper', [...])
14 SYSTEMPATH\CodeIgniter.php(904): App\Controllers\Misi->index()
15 SYSTEMPATH\CodeIgniter.php(457): CodeIgniter\CodeIgniter->runController(Object(App\Controllers\Misi))
16 SYSTEMPATH\CodeIgniter.php(340): CodeIgniter\CodeIgniter->handleRequest(null, Object(Config\Cache), false)
17 FCPATH\index.php(67): CodeIgniter\CodeIgniter->run()
CRITICAL - 2023-12-30 20:42:12 --> Invalid file: admin/agenda/v_index.php
in SYSTEMPATH\Exceptions\FrameworkException.php on line 33.
 1 SYSTEMPATH\View\View.php(201): CodeIgniter\Exceptions\FrameworkException::forInvalidFile('admin/agenda/v_index.php')
 2 SYSTEMPATH\Common.php(1137): CodeIgniter\View\View->render('admin/agenda/v_index', [], true)
 3 APPPATH\Views\layout\v_content.php(4): view('admin/agenda/v_index')
 4 SYSTEMPATH\View\View.php(213): include('APPPATH\\Views\\layout\\v_content.php')
 5 SYSTEMPATH\View\View.php(216): CodeIgniter\View\View->CodeIgniter\View\{closure}()
 6 SYSTEMPATH\Common.php(1137): CodeIgniter\View\View->render('layout/v_content', [], true)
 7 APPPATH\Views\layout\v_wrapper.php(6): view('layout/v_content')
 8 SYSTEMPATH\View\View.php(213): include('APPPATH\\Views\\layout\\v_wrapper.php')
 9 SYSTEMPATH\View\View.php(216): CodeIgniter\View\View->CodeIgniter\View\{closure}()
10 SYSTEMPATH\Common.php(1137): CodeIgniter\View\View->render('layout/v_wrapper', [], true)
11 APPPATH\Controllers\Agenda.php(24): view('layout/v_wrapper', [...])
12 SYSTEMPATH\CodeIgniter.php(904): App\Controllers\Agenda->index()
13 SYSTEMPATH\CodeIgniter.php(457): CodeIgniter\CodeIgniter->runController(Object(App\Controllers\Agenda))
14 SYSTEMPATH\CodeIgniter.php(340): CodeIgniter\CodeIgniter->handleRequest(null, Object(Config\Cache), false)
15 FCPATH\index.php(67): CodeIgniter\CodeIgniter->run()
CRITICAL - 2023-12-30 20:42:45 --> Undefined variable $misi
in APPPATH\Views\admin\agenda\v_index.php on line 51.
 1 APPPATH\Views\admin\agenda\v_index.php(51): CodeIgniter\Debug\Exceptions->errorHandler(2, 'Undefined variable $misi', 'APPPATH\\Views\\admin\\agenda\\v_index.php', 51)
 2 SYSTEMPATH\View\View.php(213): include('APPPATH\\Views\\admin\\agenda\\v_index.php')
 3 SYSTEMPATH\View\View.php(216): CodeIgniter\View\View->CodeIgniter\View\{closure}()
 4 SYSTEMPATH\Common.php(1137): CodeIgniter\View\View->render('admin/agenda/v_index', [], true)
 5 APPPATH\Views\layout\v_content.php(4): view('admin/agenda/v_index')
 6 SYSTEMPATH\View\View.php(213): include('APPPATH\\Views\\layout\\v_content.php')
 7 SYSTEMPATH\View\View.php(216): CodeIgniter\View\View->CodeIgniter\View\{closure}()
 8 SYSTEMPATH\Common.php(1137): CodeIgniter\View\View->render('layout/v_content', [], true)
 9 APPPATH\Views\layout\v_wrapper.php(6): view('layout/v_content')
10 SYSTEMPATH\View\View.php(213): include('APPPATH\\Views\\layout\\v_wrapper.php')
11 SYSTEMPATH\View\View.php(216): CodeIgniter\View\View->CodeIgniter\View\{closure}()
12 SYSTEMPATH\Common.php(1137): CodeIgniter\View\View->render('layout/v_wrapper', [], true)
13 APPPATH\Controllers\Agenda.php(24): view('layout/v_wrapper', [...])
14 SYSTEMPATH\CodeIgniter.php(904): App\Controllers\Agenda->index()
15 SYSTEMPATH\CodeIgniter.php(457): CodeIgniter\CodeIgniter->runController(Object(App\Controllers\Agenda))
16 SYSTEMPATH\CodeIgniter.php(340): CodeIgniter\CodeIgniter->handleRequest(null, Object(Config\Cache), false)
17 FCPATH\index.php(67): CodeIgniter\CodeIgniter->run()
CRITICAL - 2023-12-30 20:48:39 --> Undefined array key "id_misi"
in APPPATH\Views\admin\agenda\v_index.php on line 56.
 1 APPPATH\Views\admin\agenda\v_index.php(56): CodeIgniter\Debug\Exceptions->errorHandler(2, 'Undefined array key "id_misi"', 'APPPATH\\Views\\admin\\agenda\\v_index.php', 56)
 2 SYSTEMPATH\View\View.php(213): include('APPPATH\\Views\\admin\\agenda\\v_index.php')
 3 SYSTEMPATH\View\View.php(216): CodeIgniter\View\View->CodeIgniter\View\{closure}()
 4 SYSTEMPATH\Common.php(1137): CodeIgniter\View\View->render('admin/agenda/v_index', [], true)
 5 APPPATH\Views\layout\v_content.php(4): view('admin/agenda/v_index')
 6 SYSTEMPATH\View\View.php(213): include('APPPATH\\Views\\layout\\v_content.php')
 7 SYSTEMPATH\View\View.php(216): CodeIgniter\View\View->CodeIgniter\View\{closure}()
 8 SYSTEMPATH\Common.php(1137): CodeIgniter\View\View->render('layout/v_content', [], true)
 9 APPPATH\Views\layout\v_wrapper.php(6): view('layout/v_content')
10 SYSTEMPATH\View\View.php(213): include('APPPATH\\Views\\layout\\v_wrapper.php')
11 SYSTEMPATH\View\View.php(216): CodeIgniter\View\View->CodeIgniter\View\{closure}()
12 SYSTEMPATH\Common.php(1137): CodeIgniter\View\View->render('layout/v_wrapper', [], true)
13 APPPATH\Controllers\Agenda.php(24): view('layout/v_wrapper', [...])
14 SYSTEMPATH\CodeIgniter.php(904): App\Controllers\Agenda->index()
15 SYSTEMPATH\CodeIgniter.php(457): CodeIgniter\CodeIgniter->runController(Object(App\Controllers\Agenda))
16 SYSTEMPATH\CodeIgniter.php(340): CodeIgniter\CodeIgniter->handleRequest(null, Object(Config\Cache), false)
17 FCPATH\index.php(67): CodeIgniter\CodeIgniter->run()
CRITICAL - 2023-12-30 21:29:39 --> Undefined variable $misi
in APPPATH\Views\admin\agenda\v_index.php on line 68.
 1 APPPATH\Views\admin\agenda\v_index.php(68): CodeIgniter\Debug\Exceptions->errorHandler(2, 'Undefined variable $misi', 'APPPATH\\Views\\admin\\agenda\\v_index.php', 68)
 2 SYSTEMPATH\View\View.php(213): include('APPPATH\\Views\\admin\\agenda\\v_index.php')
 3 SYSTEMPATH\View\View.php(216): CodeIgniter\View\View->CodeIgniter\View\{closure}()
 4 SYSTEMPATH\Common.php(1137): CodeIgniter\View\View->render('admin/agenda/v_index', [], true)
 5 APPPATH\Views\layout\v_content.php(4): view('admin/agenda/v_index')
 6 SYSTEMPATH\View\View.php(213): include('APPPATH\\Views\\layout\\v_content.php')
 7 SYSTEMPATH\View\View.php(216): CodeIgniter\View\View->CodeIgniter\View\{closure}()
 8 SYSTEMPATH\Common.php(1137): CodeIgniter\View\View->render('layout/v_content', [], true)
 9 APPPATH\Views\layout\v_wrapper.php(6): view('layout/v_content')
10 SYSTEMPATH\View\View.php(213): include('APPPATH\\Views\\layout\\v_wrapper.php')
11 SYSTEMPATH\View\View.php(216): CodeIgniter\View\View->CodeIgniter\View\{closure}()
12 SYSTEMPATH\Common.php(1137): CodeIgniter\View\View->render('layout/v_wrapper', [], true)
13 APPPATH\Controllers\Agenda.php(24): view('layout/v_wrapper', [...])
14 SYSTEMPATH\CodeIgniter.php(904): App\Controllers\Agenda->index()
15 SYSTEMPATH\CodeIgniter.php(457): CodeIgniter\CodeIgniter->runController(Object(App\Controllers\Agenda))
16 SYSTEMPATH\CodeIgniter.php(340): CodeIgniter\CodeIgniter->handleRequest(null, Object(Config\Cache), false)
17 FCPATH\index.php(67): CodeIgniter\CodeIgniter->run()
CRITICAL - 2023-12-30 21:30:01 --> Undefined array key "isi"
in APPPATH\Views\admin\agenda\v_index.php on line 89.
 1 APPPATH\Views\admin\agenda\v_index.php(89): CodeIgniter\Debug\Exceptions->errorHandler(2, 'Undefined array key "isi"', 'APPPATH\\Views\\admin\\agenda\\v_index.php', 89)
 2 SYSTEMPATH\View\View.php(213): include('APPPATH\\Views\\admin\\agenda\\v_index.php')
 3 SYSTEMPATH\View\View.php(216): CodeIgniter\View\View->CodeIgniter\View\{closure}()
 4 SYSTEMPATH\Common.php(1137): CodeIgniter\View\View->render('admin/agenda/v_index', [], true)
 5 APPPATH\Views\layout\v_content.php(4): view('admin/agenda/v_index')
 6 SYSTEMPATH\View\View.php(213): include('APPPATH\\Views\\layout\\v_content.php')
 7 SYSTEMPATH\View\View.php(216): CodeIgniter\View\View->CodeIgniter\View\{closure}()
 8 SYSTEMPATH\Common.php(1137): CodeIgniter\View\View->render('layout/v_content', [], true)
 9 APPPATH\Views\layout\v_wrapper.php(6): view('layout/v_content')
10 SYSTEMPATH\View\View.php(213): include('APPPATH\\Views\\layout\\v_wrapper.php')
11 SYSTEMPATH\View\View.php(216): CodeIgniter\View\View->CodeIgniter\View\{closure}()
12 SYSTEMPATH\Common.php(1137): CodeIgniter\View\View->render('layout/v_wrapper', [], true)
13 APPPATH\Controllers\Agenda.php(24): view('layout/v_wrapper', [...])
14 SYSTEMPATH\CodeIgniter.php(904): App\Controllers\Agenda->index()
15 SYSTEMPATH\CodeIgniter.php(457): CodeIgniter\CodeIgniter->runController(Object(App\Controllers\Agenda))
16 SYSTEMPATH\CodeIgniter.php(340): CodeIgniter\CodeIgniter->handleRequest(null, Object(Config\Cache), false)
17 FCPATH\index.php(67): CodeIgniter\CodeIgniter->run()
