CRITICAL - 2023-12-29 09:01:01 --> syntax error, unexpected token "if"
in APPPATH\Config\Routes.php on line 58.
 1 SYSTEMPATH\CodeIgniter.php(406): CodeIgniter\CodeIgniter->tryToRouteIt(null)
 2 SYSTEMPATH\CodeIgniter.php(340): CodeIgniter\CodeIgniter->handleRequest(null, Object(Config\Cache), false)
 3 FCPATH\index.php(67): CodeIgniter\CodeIgniter->run()
CRITICAL - 2023-12-29 09:01:32 --> syntax error, unexpected token "if"
in APPPATH\Config\Routes.php on line 58.
 1 SYSTEMPATH\CodeIgniter.php(406): CodeIgniter\CodeIgniter->tryToRouteIt(null)
 2 SYSTEMPATH\CodeIgniter.php(340): CodeIgniter\CodeIgniter->handleRequest(null, Object(Config\Cache), false)
 3 FCPATH\index.php(67): CodeIgniter\CodeIgniter->run()
CRITICAL - 2023-12-29 09:01:34 --> syntax error, unexpected token "if"
in APPPATH\Config\Routes.php on line 58.
 1 SYSTEMPATH\CodeIgniter.php(406): CodeIgniter\CodeIgniter->tryToRouteIt(null)
 2 SYSTEMPATH\CodeIgniter.php(340): CodeIgniter\CodeIgniter->handleRequest(null, Object(Config\Cache), false)
 3 FCPATH\index.php(67): CodeIgniter\CodeIgniter->run()
CRITICAL - 2023-12-29 09:01:40 --> syntax error, unexpected token "if"
in APPPATH\Config\Routes.php on line 58.
 1 SYSTEMPATH\CodeIgniter.php(406): CodeIgniter\CodeIgniter->tryToRouteIt(null)
 2 SYSTEMPATH\CodeIgniter.php(340): CodeIgniter\CodeIgniter->handleRequest(null, Object(Config\Cache), false)
 3 FCPATH\index.php(67): CodeIgniter\CodeIgniter->run()
CRITICAL - 2023-12-29 09:01:40 --> syntax error, unexpected token "if"
in APPPATH\Config\Routes.php on line 58.
 1 SYSTEMPATH\CodeIgniter.php(406): CodeIgniter\CodeIgniter->tryToRouteIt(null)
 2 SYSTEMPATH\CodeIgniter.php(340): CodeIgniter\CodeIgniter->handleRequest(null, Object(Config\Cache), false)
 3 FCPATH\index.php(67): CodeIgniter\CodeIgniter->run()
CRITICAL - 2023-12-29 20:05:35 --> Invalid file: profil/tentang_kami/index.php
in SYSTEMPATH\Exceptions\FrameworkException.php on line 33.
 1 SYSTEMPATH\View\View.php(201): CodeIgniter\Exceptions\FrameworkException::forInvalidFile('profil/tentang_kami/index.php')
 2 SYSTEMPATH\Common.php(1137): CodeIgniter\View\View->render('profil/tentang_kami/index', [], true)
 3 APPPATH\Views\layout\v_content.php(4): view('profil/tentang_kami/index')
 4 SYSTEMPATH\View\View.php(213): include('APPPATH\\Views\\layout\\v_content.php')
 5 SYSTEMPATH\View\View.php(216): CodeIgniter\View\View->CodeIgniter\View\{closure}()
 6 SYSTEMPATH\Common.php(1137): CodeIgniter\View\View->render('layout/v_content', [], true)
 7 APPPATH\Views\layout\v_wrapper.php(6): view('layout/v_content')
 8 SYSTEMPATH\View\View.php(213): include('APPPATH\\Views\\layout\\v_wrapper.php')
 9 SYSTEMPATH\View\View.php(216): CodeIgniter\View\View->CodeIgniter\View\{closure}()
10 SYSTEMPATH\Common.php(1137): CodeIgniter\View\View->render('layout/v_wrapper', [], true)
11 APPPATH\Controllers\TentangKami.php(24): view('layout/v_wrapper', [...])
12 SYSTEMPATH\CodeIgniter.php(904): App\Controllers\TentangKami->index()
13 SYSTEMPATH\CodeIgniter.php(457): CodeIgniter\CodeIgniter->runController(Object(App\Controllers\TentangKami))
14 SYSTEMPATH\CodeIgniter.php(340): CodeIgniter\CodeIgniter->handleRequest(null, Object(Config\Cache), false)
15 FCPATH\index.php(67): CodeIgniter\CodeIgniter->run()
CRITICAL - 2023-12-29 20:06:12 --> Invalid file: profil/tentang_kami/index.php
in SYSTEMPATH\Exceptions\FrameworkException.php on line 33.
 1 SYSTEMPATH\View\View.php(201): CodeIgniter\Exceptions\FrameworkException::forInvalidFile('profil/tentang_kami/index.php')
 2 SYSTEMPATH\Common.php(1137): CodeIgniter\View\View->render('profil/tentang_kami/index', [], true)
 3 APPPATH\Views\layout\v_content.php(4): view('profil/tentang_kami/index')
 4 SYSTEMPATH\View\View.php(213): include('APPPATH\\Views\\layout\\v_content.php')
 5 SYSTEMPATH\View\View.php(216): CodeIgniter\View\View->CodeIgniter\View\{closure}()
 6 SYSTEMPATH\Common.php(1137): CodeIgniter\View\View->render('layout/v_content', [], true)
 7 APPPATH\Views\layout\v_wrapper.php(6): view('layout/v_content')
 8 SYSTEMPATH\View\View.php(213): include('APPPATH\\Views\\layout\\v_wrapper.php')
 9 SYSTEMPATH\View\View.php(216): CodeIgniter\View\View->CodeIgniter\View\{closure}()
10 SYSTEMPATH\Common.php(1137): CodeIgniter\View\View->render('layout/v_wrapper', [], true)
11 APPPATH\Controllers\TentangKami.php(24): view('layout/v_wrapper', [...])
12 SYSTEMPATH\CodeIgniter.php(904): App\Controllers\TentangKami->index()
13 SYSTEMPATH\CodeIgniter.php(457): CodeIgniter\CodeIgniter->runController(Object(App\Controllers\TentangKami))
14 SYSTEMPATH\CodeIgniter.php(340): CodeIgniter\CodeIgniter->handleRequest(null, Object(Config\Cache), false)
15 FCPATH\index.php(67): CodeIgniter\CodeIgniter->run()
CRITICAL - 2023-12-29 20:07:03 --> Invalid file: ./profil/tentang_kami/index.php
in SYSTEMPATH\Exceptions\FrameworkException.php on line 33.
 1 SYSTEMPATH\View\View.php(201): CodeIgniter\Exceptions\FrameworkException::forInvalidFile('./profil/tentang_kami/index.php')
 2 SYSTEMPATH\Common.php(1137): CodeIgniter\View\View->render('./profil/tentang_kami/index', [], true)
 3 APPPATH\Views\layout\v_content.php(4): view('./profil/tentang_kami/index')
 4 SYSTEMPATH\View\View.php(213): include('APPPATH\\Views\\layout\\v_content.php')
 5 SYSTEMPATH\View\View.php(216): CodeIgniter\View\View->CodeIgniter\View\{closure}()
 6 SYSTEMPATH\Common.php(1137): CodeIgniter\View\View->render('layout/v_content', [], true)
 7 APPPATH\Views\layout\v_wrapper.php(6): view('layout/v_content')
 8 SYSTEMPATH\View\View.php(213): include('APPPATH\\Views\\layout\\v_wrapper.php')
 9 SYSTEMPATH\View\View.php(216): CodeIgniter\View\View->CodeIgniter\View\{closure}()
10 SYSTEMPATH\Common.php(1137): CodeIgniter\View\View->render('layout/v_wrapper', [], true)
11 APPPATH\Controllers\TentangKami.php(24): view('layout/v_wrapper', [...])
12 SYSTEMPATH\CodeIgniter.php(904): App\Controllers\TentangKami->index()
13 SYSTEMPATH\CodeIgniter.php(457): CodeIgniter\CodeIgniter->runController(Object(App\Controllers\TentangKami))
14 SYSTEMPATH\CodeIgniter.php(340): CodeIgniter\CodeIgniter->handleRequest(null, Object(Config\Cache), false)
15 FCPATH\index.php(67): CodeIgniter\CodeIgniter->run()
CRITICAL - 2023-12-29 20:07:07 --> Invalid file: profil/tentang_kami/index.php
in SYSTEMPATH\Exceptions\FrameworkException.php on line 33.
 1 SYSTEMPATH\View\View.php(201): CodeIgniter\Exceptions\FrameworkException::forInvalidFile('profil/tentang_kami/index.php')
 2 SYSTEMPATH\Common.php(1137): CodeIgniter\View\View->render('profil/tentang_kami/index', [], true)
 3 APPPATH\Views\layout\v_content.php(4): view('profil/tentang_kami/index')
 4 SYSTEMPATH\View\View.php(213): include('APPPATH\\Views\\layout\\v_content.php')
 5 SYSTEMPATH\View\View.php(216): CodeIgniter\View\View->CodeIgniter\View\{closure}()
 6 SYSTEMPATH\Common.php(1137): CodeIgniter\View\View->render('layout/v_content', [], true)
 7 APPPATH\Views\layout\v_wrapper.php(6): view('layout/v_content')
 8 SYSTEMPATH\View\View.php(213): include('APPPATH\\Views\\layout\\v_wrapper.php')
 9 SYSTEMPATH\View\View.php(216): CodeIgniter\View\View->CodeIgniter\View\{closure}()
10 SYSTEMPATH\Common.php(1137): CodeIgniter\View\View->render('layout/v_wrapper', [], true)
11 APPPATH\Controllers\TentangKami.php(24): view('layout/v_wrapper', [...])
12 SYSTEMPATH\CodeIgniter.php(904): App\Controllers\TentangKami->index()
13 SYSTEMPATH\CodeIgniter.php(457): CodeIgniter\CodeIgniter->runController(Object(App\Controllers\TentangKami))
14 SYSTEMPATH\CodeIgniter.php(340): CodeIgniter\CodeIgniter->handleRequest(null, Object(Config\Cache), false)
15 FCPATH\index.php(67): CodeIgniter\CodeIgniter->run()
CRITICAL - 2023-12-29 20:07:14 --> Invalid file: /profil/tentang_kami/index.php
in SYSTEMPATH\Exceptions\FrameworkException.php on line 33.
 1 SYSTEMPATH\View\View.php(201): CodeIgniter\Exceptions\FrameworkException::forInvalidFile('/profil/tentang_kami/index.php')
 2 SYSTEMPATH\Common.php(1137): CodeIgniter\View\View->render('/profil/tentang_kami/index', [], true)
 3 APPPATH\Views\layout\v_content.php(4): view('/profil/tentang_kami/index')
 4 SYSTEMPATH\View\View.php(213): include('APPPATH\\Views\\layout\\v_content.php')
 5 SYSTEMPATH\View\View.php(216): CodeIgniter\View\View->CodeIgniter\View\{closure}()
 6 SYSTEMPATH\Common.php(1137): CodeIgniter\View\View->render('layout/v_content', [], true)
 7 APPPATH\Views\layout\v_wrapper.php(6): view('layout/v_content')
 8 SYSTEMPATH\View\View.php(213): include('APPPATH\\Views\\layout\\v_wrapper.php')
 9 SYSTEMPATH\View\View.php(216): CodeIgniter\View\View->CodeIgniter\View\{closure}()
10 SYSTEMPATH\Common.php(1137): CodeIgniter\View\View->render('layout/v_wrapper', [], true)
11 APPPATH\Controllers\TentangKami.php(24): view('layout/v_wrapper', [...])
12 SYSTEMPATH\CodeIgniter.php(904): App\Controllers\TentangKami->index()
13 SYSTEMPATH\CodeIgniter.php(457): CodeIgniter\CodeIgniter->runController(Object(App\Controllers\TentangKami))
14 SYSTEMPATH\CodeIgniter.php(340): CodeIgniter\CodeIgniter->handleRequest(null, Object(Config\Cache), false)
15 FCPATH\index.php(67): CodeIgniter\CodeIgniter->run()
CRITICAL - 2023-12-29 20:07:19 --> Invalid file: profil/tentang_kami/index.php
in SYSTEMPATH\Exceptions\FrameworkException.php on line 33.
 1 SYSTEMPATH\View\View.php(201): CodeIgniter\Exceptions\FrameworkException::forInvalidFile('profil/tentang_kami/index.php')
 2 SYSTEMPATH\Common.php(1137): CodeIgniter\View\View->render('profil/tentang_kami/index', [], true)
 3 APPPATH\Views\layout\v_content.php(4): view('profil/tentang_kami/index')
 4 SYSTEMPATH\View\View.php(213): include('APPPATH\\Views\\layout\\v_content.php')
 5 SYSTEMPATH\View\View.php(216): CodeIgniter\View\View->CodeIgniter\View\{closure}()
 6 SYSTEMPATH\Common.php(1137): CodeIgniter\View\View->render('layout/v_content', [], true)
 7 APPPATH\Views\layout\v_wrapper.php(6): view('layout/v_content')
 8 SYSTEMPATH\View\View.php(213): include('APPPATH\\Views\\layout\\v_wrapper.php')
 9 SYSTEMPATH\View\View.php(216): CodeIgniter\View\View->CodeIgniter\View\{closure}()
10 SYSTEMPATH\Common.php(1137): CodeIgniter\View\View->render('layout/v_wrapper', [], true)
11 APPPATH\Controllers\TentangKami.php(24): view('layout/v_wrapper', [...])
12 SYSTEMPATH\CodeIgniter.php(904): App\Controllers\TentangKami->index()
13 SYSTEMPATH\CodeIgniter.php(457): CodeIgniter\CodeIgniter->runController(Object(App\Controllers\TentangKami))
14 SYSTEMPATH\CodeIgniter.php(340): CodeIgniter\CodeIgniter->handleRequest(null, Object(Config\Cache), false)
15 FCPATH\index.php(67): CodeIgniter\CodeIgniter->run()
CRITICAL - 2023-12-29 20:07:28 --> Invalid file: profil/tentang_kami/v_index.php
in SYSTEMPATH\Exceptions\FrameworkException.php on line 33.
 1 SYSTEMPATH\View\View.php(201): CodeIgniter\Exceptions\FrameworkException::forInvalidFile('profil/tentang_kami/v_index.php')
 2 SYSTEMPATH\Common.php(1137): CodeIgniter\View\View->render('profil/tentang_kami/v_index', [], true)
 3 APPPATH\Views\layout\v_content.php(4): view('profil/tentang_kami/v_index')
 4 SYSTEMPATH\View\View.php(213): include('APPPATH\\Views\\layout\\v_content.php')
 5 SYSTEMPATH\View\View.php(216): CodeIgniter\View\View->CodeIgniter\View\{closure}()
 6 SYSTEMPATH\Common.php(1137): CodeIgniter\View\View->render('layout/v_content', [], true)
 7 APPPATH\Views\layout\v_wrapper.php(6): view('layout/v_content')
 8 SYSTEMPATH\View\View.php(213): include('APPPATH\\Views\\layout\\v_wrapper.php')
 9 SYSTEMPATH\View\View.php(216): CodeIgniter\View\View->CodeIgniter\View\{closure}()
10 SYSTEMPATH\Common.php(1137): CodeIgniter\View\View->render('layout/v_wrapper', [], true)
11 APPPATH\Controllers\TentangKami.php(24): view('layout/v_wrapper', [...])
12 SYSTEMPATH\CodeIgniter.php(904): App\Controllers\TentangKami->index()
13 SYSTEMPATH\CodeIgniter.php(457): CodeIgniter\CodeIgniter->runController(Object(App\Controllers\TentangKami))
14 SYSTEMPATH\CodeIgniter.php(340): CodeIgniter\CodeIgniter->handleRequest(null, Object(Config\Cache), false)
15 FCPATH\index.php(67): CodeIgniter\CodeIgniter->run()
CRITICAL - 2023-12-29 20:07:37 --> Invalid file: /profil/tentang_kami/v_index.php
in SYSTEMPATH\Exceptions\FrameworkException.php on line 33.
 1 SYSTEMPATH\View\View.php(201): CodeIgniter\Exceptions\FrameworkException::forInvalidFile('/profil/tentang_kami/v_index.php')
 2 SYSTEMPATH\Common.php(1137): CodeIgniter\View\View->render('/profil/tentang_kami/v_index', [], true)
 3 APPPATH\Views\layout\v_content.php(4): view('/profil/tentang_kami/v_index')
 4 SYSTEMPATH\View\View.php(213): include('APPPATH\\Views\\layout\\v_content.php')
 5 SYSTEMPATH\View\View.php(216): CodeIgniter\View\View->CodeIgniter\View\{closure}()
 6 SYSTEMPATH\Common.php(1137): CodeIgniter\View\View->render('layout/v_content', [], true)
 7 APPPATH\Views\layout\v_wrapper.php(6): view('layout/v_content')
 8 SYSTEMPATH\View\View.php(213): include('APPPATH\\Views\\layout\\v_wrapper.php')
 9 SYSTEMPATH\View\View.php(216): CodeIgniter\View\View->CodeIgniter\View\{closure}()
10 SYSTEMPATH\Common.php(1137): CodeIgniter\View\View->render('layout/v_wrapper', [], true)
11 APPPATH\Controllers\TentangKami.php(24): view('layout/v_wrapper', [...])
12 SYSTEMPATH\CodeIgniter.php(904): App\Controllers\TentangKami->index()
13 SYSTEMPATH\CodeIgniter.php(457): CodeIgniter\CodeIgniter->runController(Object(App\Controllers\TentangKami))
14 SYSTEMPATH\CodeIgniter.php(340): CodeIgniter\CodeIgniter->handleRequest(null, Object(Config\Cache), false)
15 FCPATH\index.php(67): CodeIgniter\CodeIgniter->run()
CRITICAL - 2023-12-29 20:07:41 --> Invalid file: ./profil/tentang_kami/v_index.php
in SYSTEMPATH\Exceptions\FrameworkException.php on line 33.
 1 SYSTEMPATH\View\View.php(201): CodeIgniter\Exceptions\FrameworkException::forInvalidFile('./profil/tentang_kami/v_index.php')
 2 SYSTEMPATH\Common.php(1137): CodeIgniter\View\View->render('./profil/tentang_kami/v_index', [], true)
 3 APPPATH\Views\layout\v_content.php(4): view('./profil/tentang_kami/v_index')
 4 SYSTEMPATH\View\View.php(213): include('APPPATH\\Views\\layout\\v_content.php')
 5 SYSTEMPATH\View\View.php(216): CodeIgniter\View\View->CodeIgniter\View\{closure}()
 6 SYSTEMPATH\Common.php(1137): CodeIgniter\View\View->render('layout/v_content', [], true)
 7 APPPATH\Views\layout\v_wrapper.php(6): view('layout/v_content')
 8 SYSTEMPATH\View\View.php(213): include('APPPATH\\Views\\layout\\v_wrapper.php')
 9 SYSTEMPATH\View\View.php(216): CodeIgniter\View\View->CodeIgniter\View\{closure}()
10 SYSTEMPATH\Common.php(1137): CodeIgniter\View\View->render('layout/v_wrapper', [], true)
11 APPPATH\Controllers\TentangKami.php(24): view('layout/v_wrapper', [...])
12 SYSTEMPATH\CodeIgniter.php(904): App\Controllers\TentangKami->index()
13 SYSTEMPATH\CodeIgniter.php(457): CodeIgniter\CodeIgniter->runController(Object(App\Controllers\TentangKami))
14 SYSTEMPATH\CodeIgniter.php(340): CodeIgniter\CodeIgniter->handleRequest(null, Object(Config\Cache), false)
15 FCPATH\index.php(67): CodeIgniter\CodeIgniter->run()
CRITICAL - 2023-12-29 20:07:43 --> Invalid file: profil/tentang_kami/v_index.php
in SYSTEMPATH\Exceptions\FrameworkException.php on line 33.
 1 SYSTEMPATH\View\View.php(201): CodeIgniter\Exceptions\FrameworkException::forInvalidFile('profil/tentang_kami/v_index.php')
 2 SYSTEMPATH\Common.php(1137): CodeIgniter\View\View->render('profil/tentang_kami/v_index', [], true)
 3 APPPATH\Views\layout\v_content.php(4): view('profil/tentang_kami/v_index')
 4 SYSTEMPATH\View\View.php(213): include('APPPATH\\Views\\layout\\v_content.php')
 5 SYSTEMPATH\View\View.php(216): CodeIgniter\View\View->CodeIgniter\View\{closure}()
 6 SYSTEMPATH\Common.php(1137): CodeIgniter\View\View->render('layout/v_content', [], true)
 7 APPPATH\Views\layout\v_wrapper.php(6): view('layout/v_content')
 8 SYSTEMPATH\View\View.php(213): include('APPPATH\\Views\\layout\\v_wrapper.php')
 9 SYSTEMPATH\View\View.php(216): CodeIgniter\View\View->CodeIgniter\View\{closure}()
10 SYSTEMPATH\Common.php(1137): CodeIgniter\View\View->render('layout/v_wrapper', [], true)
11 APPPATH\Controllers\TentangKami.php(24): view('layout/v_wrapper', [...])
12 SYSTEMPATH\CodeIgniter.php(904): App\Controllers\TentangKami->index()
13 SYSTEMPATH\CodeIgniter.php(457): CodeIgniter\CodeIgniter->runController(Object(App\Controllers\TentangKami))
14 SYSTEMPATH\CodeIgniter.php(340): CodeIgniter\CodeIgniter->handleRequest(null, Object(Config\Cache), false)
15 FCPATH\index.php(67): CodeIgniter\CodeIgniter->run()
CRITICAL - 2023-12-29 20:43:46 --> Undefined array key ""
in APPPATH\Views\admin\profil\tentang_kami\v_index.php on line 49.
 1 APPPATH\Views\admin\profil\tentang_kami\v_index.php(49): CodeIgniter\Debug\Exceptions->errorHandler(2, 'Undefined array key ""', 'APPPATH\\Views\\admin\\profil\\tentang_kami\\v_index.php', 49)
 2 SYSTEMPATH\View\View.php(213): include('APPPATH\\Views\\admin\\profil\\tentang_kami\\v_index.php')
 3 SYSTEMPATH\View\View.php(216): CodeIgniter\View\View->CodeIgniter\View\{closure}()
 4 SYSTEMPATH\Common.php(1137): CodeIgniter\View\View->render('admin/profil/tentang_kami/v_index', [], true)
 5 APPPATH\Views\layout\v_content.php(4): view('admin/profil/tentang_kami/v_index')
 6 SYSTEMPATH\View\View.php(213): include('APPPATH\\Views\\layout\\v_content.php')
 7 SYSTEMPATH\View\View.php(216): CodeIgniter\View\View->CodeIgniter\View\{closure}()
 8 SYSTEMPATH\Common.php(1137): CodeIgniter\View\View->render('layout/v_content', [], true)
 9 APPPATH\Views\layout\v_wrapper.php(6): view('layout/v_content')
10 SYSTEMPATH\View\View.php(213): include('APPPATH\\Views\\layout\\v_wrapper.php')
11 SYSTEMPATH\View\View.php(216): CodeIgniter\View\View->CodeIgniter\View\{closure}()
12 SYSTEMPATH\Common.php(1137): CodeIgniter\View\View->render('layout/v_wrapper', [], true)
13 APPPATH\Controllers\TentangKami.php(24): view('layout/v_wrapper', [...])
14 SYSTEMPATH\CodeIgniter.php(904): App\Controllers\TentangKami->index()
15 SYSTEMPATH\CodeIgniter.php(457): CodeIgniter\CodeIgniter->runController(Object(App\Controllers\TentangKami))
16 SYSTEMPATH\CodeIgniter.php(340): CodeIgniter\CodeIgniter->handleRequest(null, Object(Config\Cache), false)
17 FCPATH\index.php(67): CodeIgniter\CodeIgniter->run()
CRITICAL - 2023-12-29 20:44:57 --> Undefined array key "id_obat"
in APPPATH\Views\admin\profil\tentang_kami\v_index.php on line 55.
 1 APPPATH\Views\admin\profil\tentang_kami\v_index.php(55): CodeIgniter\Debug\Exceptions->errorHandler(2, 'Undefined array key "id_obat"', 'APPPATH\\Views\\admin\\profil\\tentang_kami\\v_index.php', 55)
 2 SYSTEMPATH\View\View.php(213): include('APPPATH\\Views\\admin\\profil\\tentang_kami\\v_index.php')
 3 SYSTEMPATH\View\View.php(216): CodeIgniter\View\View->CodeIgniter\View\{closure}()
 4 SYSTEMPATH\Common.php(1137): CodeIgniter\View\View->render('admin/profil/tentang_kami/v_index', [], true)
 5 APPPATH\Views\layout\v_content.php(4): view('admin/profil/tentang_kami/v_index')
 6 SYSTEMPATH\View\View.php(213): include('APPPATH\\Views\\layout\\v_content.php')
 7 SYSTEMPATH\View\View.php(216): CodeIgniter\View\View->CodeIgniter\View\{closure}()
 8 SYSTEMPATH\Common.php(1137): CodeIgniter\View\View->render('layout/v_content', [], true)
 9 APPPATH\Views\layout\v_wrapper.php(6): view('layout/v_content')
10 SYSTEMPATH\View\View.php(213): include('APPPATH\\Views\\layout\\v_wrapper.php')
11 SYSTEMPATH\View\View.php(216): CodeIgniter\View\View->CodeIgniter\View\{closure}()
12 SYSTEMPATH\Common.php(1137): CodeIgniter\View\View->render('layout/v_wrapper', [], true)
13 APPPATH\Controllers\TentangKami.php(24): view('layout/v_wrapper', [...])
14 SYSTEMPATH\CodeIgniter.php(904): App\Controllers\TentangKami->index()
15 SYSTEMPATH\CodeIgniter.php(457): CodeIgniter\CodeIgniter->runController(Object(App\Controllers\TentangKami))
16 SYSTEMPATH\CodeIgniter.php(340): CodeIgniter\CodeIgniter->handleRequest(null, Object(Config\Cache), false)
17 FCPATH\index.php(67): CodeIgniter\CodeIgniter->run()
ERROR - 2023-12-29 20:54:17 --> mysqli_sql_exception: Not unique table/alias: 'tb_user' in C:\xampp\htdocs\ta_pbw\system\Database\MySQLi\Connection.php:292
Stack trace:
#0 C:\xampp\htdocs\ta_pbw\system\Database\MySQLi\Connection.php(292): mysqli->query('SELECT *\nFROM `...', 0)
#1 C:\xampp\htdocs\ta_pbw\system\Database\BaseConnection.php(693): CodeIgniter\Database\MySQLi\Connection->execute('SELECT *\nFROM `...')
#2 C:\xampp\htdocs\ta_pbw\system\Database\BaseConnection.php(620): CodeIgniter\Database\BaseConnection->simpleQuery('SELECT *\nFROM `...')
#3 C:\xampp\htdocs\ta_pbw\system\Database\BaseBuilder.php(1585): CodeIgniter\Database\BaseConnection->query('SELECT *\nFROM `...', Array, false)
#4 C:\xampp\htdocs\ta_pbw\app\Models\ModelTentangKami.php(20): CodeIgniter\Database\BaseBuilder->get()
#5 C:\xampp\htdocs\ta_pbw\app\Controllers\TentangKami.php(22): App\Models\ModelTentangKami->allData()
#6 C:\xampp\htdocs\ta_pbw\system\CodeIgniter.php(904): App\Controllers\TentangKami->index()
#7 C:\xampp\htdocs\ta_pbw\system\CodeIgniter.php(457): CodeIgniter\CodeIgniter->runController(Object(App\Controllers\TentangKami))
#8 C:\xampp\htdocs\ta_pbw\system\CodeIgniter.php(340): CodeIgniter\CodeIgniter->handleRequest(NULL, Object(Config\Cache), false)
#9 C:\xampp\htdocs\ta_pbw\index.php(67): CodeIgniter\CodeIgniter->run()
#10 {main}
CRITICAL - 2023-12-29 20:54:17 --> Call to a member function getResultArray() on bool
in APPPATH\Models\ModelTentangKami.php on line 20.
 1 APPPATH\Controllers\TentangKami.php(22): App\Models\ModelTentangKami->allData()
 2 SYSTEMPATH\CodeIgniter.php(904): App\Controllers\TentangKami->index()
 3 SYSTEMPATH\CodeIgniter.php(457): CodeIgniter\CodeIgniter->runController(Object(App\Controllers\TentangKami))
 4 SYSTEMPATH\CodeIgniter.php(340): CodeIgniter\CodeIgniter->handleRequest(null, Object(Config\Cache), false)
 5 FCPATH\index.php(67): CodeIgniter\CodeIgniter->run()
CRITICAL - 2023-12-29 21:47:25 --> Undefined array key "created_by"
in APPPATH\Views\admin\profil\tentang_kami\v_index.php on line 101.
 1 APPPATH\Views\admin\profil\tentang_kami\v_index.php(101): CodeIgniter\Debug\Exceptions->errorHandler(2, 'Undefined array key "created_by"', 'APPPATH\\Views\\admin\\profil\\tentang_kami\\v_index.php', 101)
 2 SYSTEMPATH\View\View.php(213): include('APPPATH\\Views\\admin\\profil\\tentang_kami\\v_index.php')
 3 SYSTEMPATH\View\View.php(216): CodeIgniter\View\View->CodeIgniter\View\{closure}()
 4 SYSTEMPATH\Common.php(1137): CodeIgniter\View\View->render('admin/profil/tentang_kami/v_index', [], true)
 5 APPPATH\Views\layout\v_content.php(4): view('admin/profil/tentang_kami/v_index')
 6 SYSTEMPATH\View\View.php(213): include('APPPATH\\Views\\layout\\v_content.php')
 7 SYSTEMPATH\View\View.php(216): CodeIgniter\View\View->CodeIgniter\View\{closure}()
 8 SYSTEMPATH\Common.php(1137): CodeIgniter\View\View->render('layout/v_content', [], true)
 9 APPPATH\Views\layout\v_wrapper.php(6): view('layout/v_content')
10 SYSTEMPATH\View\View.php(213): include('APPPATH\\Views\\layout\\v_wrapper.php')
11 SYSTEMPATH\View\View.php(216): CodeIgniter\View\View->CodeIgniter\View\{closure}()
12 SYSTEMPATH\Common.php(1137): CodeIgniter\View\View->render('layout/v_wrapper', [], true)
13 APPPATH\Controllers\TentangKami.php(24): view('layout/v_wrapper', [...])
14 SYSTEMPATH\CodeIgniter.php(904): App\Controllers\TentangKami->index()
15 SYSTEMPATH\CodeIgniter.php(457): CodeIgniter\CodeIgniter->runController(Object(App\Controllers\TentangKami))
16 SYSTEMPATH\CodeIgniter.php(340): CodeIgniter\CodeIgniter->handleRequest(null, Object(Config\Cache), false)
17 FCPATH\index.php(67): CodeIgniter\CodeIgniter->run()
CRITICAL - 2023-12-29 21:54:35 --> Undefined variable $value
in APPPATH\Views\admin\profil\tentang_kami\v_index.php on line 13.
 1 APPPATH\Views\admin\profil\tentang_kami\v_index.php(13): CodeIgniter\Debug\Exceptions->errorHandler(2, 'Undefined variable $value', 'APPPATH\\Views\\admin\\profil\\tentang_kami\\v_index.php', 13)
 2 SYSTEMPATH\View\View.php(213): include('APPPATH\\Views\\admin\\profil\\tentang_kami\\v_index.php')
 3 SYSTEMPATH\View\View.php(216): CodeIgniter\View\View->CodeIgniter\View\{closure}()
 4 SYSTEMPATH\Common.php(1137): CodeIgniter\View\View->render('admin/profil/tentang_kami/v_index', [], true)
 5 APPPATH\Views\layout\v_content.php(4): view('admin/profil/tentang_kami/v_index')
 6 SYSTEMPATH\View\View.php(213): include('APPPATH\\Views\\layout\\v_content.php')
 7 SYSTEMPATH\View\View.php(216): CodeIgniter\View\View->CodeIgniter\View\{closure}()
 8 SYSTEMPATH\Common.php(1137): CodeIgniter\View\View->render('layout/v_content', [], true)
 9 APPPATH\Views\layout\v_wrapper.php(6): view('layout/v_content')
10 SYSTEMPATH\View\View.php(213): include('APPPATH\\Views\\layout\\v_wrapper.php')
11 SYSTEMPATH\View\View.php(216): CodeIgniter\View\View->CodeIgniter\View\{closure}()
12 SYSTEMPATH\Common.php(1137): CodeIgniter\View\View->render('layout/v_wrapper', [], true)
13 APPPATH\Controllers\TentangKami.php(24): view('layout/v_wrapper', [...])
14 SYSTEMPATH\CodeIgniter.php(904): App\Controllers\TentangKami->index()
15 SYSTEMPATH\CodeIgniter.php(457): CodeIgniter\CodeIgniter->runController(Object(App\Controllers\TentangKami))
16 SYSTEMPATH\CodeIgniter.php(340): CodeIgniter\CodeIgniter->handleRequest(null, Object(Config\Cache), false)
17 FCPATH\index.php(67): CodeIgniter\CodeIgniter->run()
ERROR - 2023-12-29 22:55:03 --> mysqli_sql_exception: Not unique table/alias: 'tb_user' in C:\xampp\htdocs\ta_pbw\system\Database\MySQLi\Connection.php:292
Stack trace:
#0 C:\xampp\htdocs\ta_pbw\system\Database\MySQLi\Connection.php(292): mysqli->query('SELECT *\nFROM `...', 0)
#1 C:\xampp\htdocs\ta_pbw\system\Database\BaseConnection.php(693): CodeIgniter\Database\MySQLi\Connection->execute('SELECT *\nFROM `...')
#2 C:\xampp\htdocs\ta_pbw\system\Database\BaseConnection.php(620): CodeIgniter\Database\BaseConnection->simpleQuery('SELECT *\nFROM `...')
#3 C:\xampp\htdocs\ta_pbw\system\Database\BaseBuilder.php(1585): CodeIgniter\Database\BaseConnection->query('SELECT *\nFROM `...', Array, false)
#4 C:\xampp\htdocs\ta_pbw\app\Models\ModelTentangKami.php(20): CodeIgniter\Database\BaseBuilder->get()
#5 C:\xampp\htdocs\ta_pbw\app\Controllers\TentangKami.php(22): App\Models\ModelTentangKami->allData()
#6 C:\xampp\htdocs\ta_pbw\system\CodeIgniter.php(904): App\Controllers\TentangKami->index()
#7 C:\xampp\htdocs\ta_pbw\system\CodeIgniter.php(457): CodeIgniter\CodeIgniter->runController(Object(App\Controllers\TentangKami))
#8 C:\xampp\htdocs\ta_pbw\system\CodeIgniter.php(340): CodeIgniter\CodeIgniter->handleRequest(NULL, Object(Config\Cache), false)
#9 C:\xampp\htdocs\ta_pbw\index.php(67): CodeIgniter\CodeIgniter->run()
#10 {main}
CRITICAL - 2023-12-29 22:55:03 --> Call to a member function getResultArray() on bool
in APPPATH\Models\ModelTentangKami.php on line 20.
 1 APPPATH\Controllers\TentangKami.php(22): App\Models\ModelTentangKami->allData()
 2 SYSTEMPATH\CodeIgniter.php(904): App\Controllers\TentangKami->index()
 3 SYSTEMPATH\CodeIgniter.php(457): CodeIgniter\CodeIgniter->runController(Object(App\Controllers\TentangKami))
 4 SYSTEMPATH\CodeIgniter.php(340): CodeIgniter\CodeIgniter->handleRequest(null, Object(Config\Cache), false)
 5 FCPATH\index.php(67): CodeIgniter\CodeIgniter->run()
ERROR - 2023-12-29 22:56:07 --> mysqli_sql_exception: Unknown column 'tb_tentang_kami.created_by' in 'on clause' in C:\xampp\htdocs\ta_pbw\system\Database\MySQLi\Connection.php:292
Stack trace:
#0 C:\xampp\htdocs\ta_pbw\system\Database\MySQLi\Connection.php(292): mysqli->query('SELECT *\nFROM `...', 0)
#1 C:\xampp\htdocs\ta_pbw\system\Database\BaseConnection.php(693): CodeIgniter\Database\MySQLi\Connection->execute('SELECT *\nFROM `...')
#2 C:\xampp\htdocs\ta_pbw\system\Database\BaseConnection.php(620): CodeIgniter\Database\BaseConnection->simpleQuery('SELECT *\nFROM `...')
#3 C:\xampp\htdocs\ta_pbw\system\Database\BaseBuilder.php(1585): CodeIgniter\Database\BaseConnection->query('SELECT *\nFROM `...', Array, false)
#4 C:\xampp\htdocs\ta_pbw\app\Models\ModelTentangKami.php(20): CodeIgniter\Database\BaseBuilder->get()
#5 C:\xampp\htdocs\ta_pbw\app\Controllers\TentangKami.php(22): App\Models\ModelTentangKami->allData()
#6 C:\xampp\htdocs\ta_pbw\system\CodeIgniter.php(904): App\Controllers\TentangKami->index()
#7 C:\xampp\htdocs\ta_pbw\system\CodeIgniter.php(457): CodeIgniter\CodeIgniter->runController(Object(App\Controllers\TentangKami))
#8 C:\xampp\htdocs\ta_pbw\system\CodeIgniter.php(340): CodeIgniter\CodeIgniter->handleRequest(NULL, Object(Config\Cache), false)
#9 C:\xampp\htdocs\ta_pbw\index.php(67): CodeIgniter\CodeIgniter->run()
#10 {main}
CRITICAL - 2023-12-29 22:56:07 --> Call to a member function getResultArray() on bool
in APPPATH\Models\ModelTentangKami.php on line 20.
 1 APPPATH\Controllers\TentangKami.php(22): App\Models\ModelTentangKami->allData()
 2 SYSTEMPATH\CodeIgniter.php(904): App\Controllers\TentangKami->index()
 3 SYSTEMPATH\CodeIgniter.php(457): CodeIgniter\CodeIgniter->runController(Object(App\Controllers\TentangKami))
 4 SYSTEMPATH\CodeIgniter.php(340): CodeIgniter\CodeIgniter->handleRequest(null, Object(Config\Cache), false)
 5 FCPATH\index.php(67): CodeIgniter\CodeIgniter->run()
ERROR - 2023-12-29 22:57:11 --> mysqli_sql_exception: Table 'db_ta_pbw.tb_ta_pbw' doesn't exist in C:\xampp\htdocs\ta_pbw\system\Database\MySQLi\Connection.php:292
Stack trace:
#0 C:\xampp\htdocs\ta_pbw\system\Database\MySQLi\Connection.php(292): mysqli->query('SELECT `tb_tent...', 0)
#1 C:\xampp\htdocs\ta_pbw\system\Database\BaseConnection.php(693): CodeIgniter\Database\MySQLi\Connection->execute('SELECT `tb_tent...')
#2 C:\xampp\htdocs\ta_pbw\system\Database\BaseConnection.php(620): CodeIgniter\Database\BaseConnection->simpleQuery('SELECT `tb_tent...')
#3 C:\xampp\htdocs\ta_pbw\system\Database\BaseBuilder.php(1585): CodeIgniter\Database\BaseConnection->query('SELECT `tb_tent...', Array, false)
#4 C:\xampp\htdocs\ta_pbw\system\Model.php(771): CodeIgniter\Database\BaseBuilder->get()
#5 C:\xampp\htdocs\ta_pbw\app\Models\ModelTentangKami.php(20): CodeIgniter\Model->__call('get', Array)
#6 C:\xampp\htdocs\ta_pbw\app\Controllers\TentangKami.php(22): App\Models\ModelTentangKami->allData()
#7 C:\xampp\htdocs\ta_pbw\system\CodeIgniter.php(904): App\Controllers\TentangKami->index()
#8 C:\xampp\htdocs\ta_pbw\system\CodeIgniter.php(457): CodeIgniter\CodeIgniter->runController(Object(App\Controllers\TentangKami))
#9 C:\xampp\htdocs\ta_pbw\system\CodeIgniter.php(340): CodeIgniter\CodeIgniter->handleRequest(NULL, Object(Config\Cache), false)
#10 C:\xampp\htdocs\ta_pbw\index.php(67): CodeIgniter\CodeIgniter->run()
#11 {main}
CRITICAL - 2023-12-29 22:57:11 --> Call to a member function getResultArray() on bool
in APPPATH\Models\ModelTentangKami.php on line 20.
 1 APPPATH\Controllers\TentangKami.php(22): App\Models\ModelTentangKami->allData()
 2 SYSTEMPATH\CodeIgniter.php(904): App\Controllers\TentangKami->index()
 3 SYSTEMPATH\CodeIgniter.php(457): CodeIgniter\CodeIgniter->runController(Object(App\Controllers\TentangKami))
 4 SYSTEMPATH\CodeIgniter.php(340): CodeIgniter\CodeIgniter->handleRequest(null, Object(Config\Cache), false)
 5 FCPATH\index.php(67): CodeIgniter\CodeIgniter->run()
ERROR - 2023-12-29 22:58:48 --> mysqli_sql_exception: Unknown column 'tb_user.edited_by' in 'field list' in C:\xampp\htdocs\ta_pbw\system\Database\MySQLi\Connection.php:292
Stack trace:
#0 C:\xampp\htdocs\ta_pbw\system\Database\MySQLi\Connection.php(292): mysqli->query('SELECT `tb_tent...', 0)
#1 C:\xampp\htdocs\ta_pbw\system\Database\BaseConnection.php(693): CodeIgniter\Database\MySQLi\Connection->execute('SELECT `tb_tent...')
#2 C:\xampp\htdocs\ta_pbw\system\Database\BaseConnection.php(620): CodeIgniter\Database\BaseConnection->simpleQuery('SELECT `tb_tent...')
#3 C:\xampp\htdocs\ta_pbw\system\Database\BaseBuilder.php(1585): CodeIgniter\Database\BaseConnection->query('SELECT `tb_tent...', Array, false)
#4 C:\xampp\htdocs\ta_pbw\app\Models\ModelTentangKami.php(20): CodeIgniter\Database\BaseBuilder->get()
#5 C:\xampp\htdocs\ta_pbw\app\Controllers\TentangKami.php(22): App\Models\ModelTentangKami->allData()
#6 C:\xampp\htdocs\ta_pbw\system\CodeIgniter.php(904): App\Controllers\TentangKami->index()
#7 C:\xampp\htdocs\ta_pbw\system\CodeIgniter.php(457): CodeIgniter\CodeIgniter->runController(Object(App\Controllers\TentangKami))
#8 C:\xampp\htdocs\ta_pbw\system\CodeIgniter.php(340): CodeIgniter\CodeIgniter->handleRequest(NULL, Object(Config\Cache), false)
#9 C:\xampp\htdocs\ta_pbw\index.php(67): CodeIgniter\CodeIgniter->run()
#10 {main}
CRITICAL - 2023-12-29 22:58:48 --> Call to a member function getResultArray() on bool
in APPPATH\Models\ModelTentangKami.php on line 21.
 1 APPPATH\Controllers\TentangKami.php(22): App\Models\ModelTentangKami->allData()
 2 SYSTEMPATH\CodeIgniter.php(904): App\Controllers\TentangKami->index()
 3 SYSTEMPATH\CodeIgniter.php(457): CodeIgniter\CodeIgniter->runController(Object(App\Controllers\TentangKami))
 4 SYSTEMPATH\CodeIgniter.php(340): CodeIgniter\CodeIgniter->handleRequest(null, Object(Config\Cache), false)
 5 FCPATH\index.php(67): CodeIgniter\CodeIgniter->run()
ERROR - 2023-12-29 23:00:07 --> mysqli_sql_exception: Unknown column 'tb_user.edited_by' in 'field list' in C:\xampp\htdocs\ta_pbw\system\Database\MySQLi\Connection.php:292
Stack trace:
#0 C:\xampp\htdocs\ta_pbw\system\Database\MySQLi\Connection.php(292): mysqli->query('SELECT `tb_tent...', 0)
#1 C:\xampp\htdocs\ta_pbw\system\Database\BaseConnection.php(693): CodeIgniter\Database\MySQLi\Connection->execute('SELECT `tb_tent...')
#2 C:\xampp\htdocs\ta_pbw\system\Database\BaseConnection.php(620): CodeIgniter\Database\BaseConnection->simpleQuery('SELECT `tb_tent...')
#3 C:\xampp\htdocs\ta_pbw\system\Database\BaseBuilder.php(1585): CodeIgniter\Database\BaseConnection->query('SELECT `tb_tent...', Array, false)
#4 C:\xampp\htdocs\ta_pbw\app\Models\ModelTentangKami.php(20): CodeIgniter\Database\BaseBuilder->get()
#5 C:\xampp\htdocs\ta_pbw\app\Controllers\TentangKami.php(22): App\Models\ModelTentangKami->allData()
#6 C:\xampp\htdocs\ta_pbw\system\CodeIgniter.php(904): App\Controllers\TentangKami->index()
#7 C:\xampp\htdocs\ta_pbw\system\CodeIgniter.php(457): CodeIgniter\CodeIgniter->runController(Object(App\Controllers\TentangKami))
#8 C:\xampp\htdocs\ta_pbw\system\CodeIgniter.php(340): CodeIgniter\CodeIgniter->handleRequest(NULL, Object(Config\Cache), false)
#9 C:\xampp\htdocs\ta_pbw\index.php(67): CodeIgniter\CodeIgniter->run()
#10 {main}
CRITICAL - 2023-12-29 23:00:07 --> Call to a member function getResultArray() on bool
in APPPATH\Models\ModelTentangKami.php on line 20.
 1 APPPATH\Controllers\TentangKami.php(22): App\Models\ModelTentangKami->allData()
 2 SYSTEMPATH\CodeIgniter.php(904): App\Controllers\TentangKami->index()
 3 SYSTEMPATH\CodeIgniter.php(457): CodeIgniter\CodeIgniter->runController(Object(App\Controllers\TentangKami))
 4 SYSTEMPATH\CodeIgniter.php(340): CodeIgniter\CodeIgniter->handleRequest(null, Object(Config\Cache), false)
 5 FCPATH\index.php(67): CodeIgniter\CodeIgniter->run()
ERROR - 2023-12-29 23:00:47 --> mysqli_sql_exception: Unknown column 'tb_user.edited_by' in 'field list' in C:\xampp\htdocs\ta_pbw\system\Database\MySQLi\Connection.php:292
Stack trace:
#0 C:\xampp\htdocs\ta_pbw\system\Database\MySQLi\Connection.php(292): mysqli->query('SELECT `tb_tent...', 0)
#1 C:\xampp\htdocs\ta_pbw\system\Database\BaseConnection.php(693): CodeIgniter\Database\MySQLi\Connection->execute('SELECT `tb_tent...')
#2 C:\xampp\htdocs\ta_pbw\system\Database\BaseConnection.php(620): CodeIgniter\Database\BaseConnection->simpleQuery('SELECT `tb_tent...')
#3 C:\xampp\htdocs\ta_pbw\system\Database\BaseBuilder.php(1585): CodeIgniter\Database\BaseConnection->query('SELECT `tb_tent...', Array, false)
#4 C:\xampp\htdocs\ta_pbw\app\Models\ModelTentangKami.php(20): CodeIgniter\Database\BaseBuilder->get()
#5 C:\xampp\htdocs\ta_pbw\app\Controllers\TentangKami.php(22): App\Models\ModelTentangKami->allData()
#6 C:\xampp\htdocs\ta_pbw\system\CodeIgniter.php(904): App\Controllers\TentangKami->index()
#7 C:\xampp\htdocs\ta_pbw\system\CodeIgniter.php(457): CodeIgniter\CodeIgniter->runController(Object(App\Controllers\TentangKami))
#8 C:\xampp\htdocs\ta_pbw\system\CodeIgniter.php(340): CodeIgniter\CodeIgniter->handleRequest(NULL, Object(Config\Cache), false)
#9 C:\xampp\htdocs\ta_pbw\index.php(67): CodeIgniter\CodeIgniter->run()
#10 {main}
CRITICAL - 2023-12-29 23:00:47 --> foreach() argument must be of type array|object, bool given
in APPPATH\Views\admin\profil\tentang_kami\v_index.php on line 51.
 1 APPPATH\Views\admin\profil\tentang_kami\v_index.php(51): CodeIgniter\Debug\Exceptions->errorHandler(2, 'foreach() argument must be of type array|object, bool given', 'APPPATH\\Views\\admin\\profil\\tentang_kami\\v_index.php', 51)
 2 SYSTEMPATH\View\View.php(213): include('APPPATH\\Views\\admin\\profil\\tentang_kami\\v_index.php')
 3 SYSTEMPATH\View\View.php(216): CodeIgniter\View\View->CodeIgniter\View\{closure}()
 4 SYSTEMPATH\Common.php(1137): CodeIgniter\View\View->render('admin/profil/tentang_kami/v_index', [], true)
 5 APPPATH\Views\layout\v_content.php(4): view('admin/profil/tentang_kami/v_index')
 6 SYSTEMPATH\View\View.php(213): include('APPPATH\\Views\\layout\\v_content.php')
 7 SYSTEMPATH\View\View.php(216): CodeIgniter\View\View->CodeIgniter\View\{closure}()
 8 SYSTEMPATH\Common.php(1137): CodeIgniter\View\View->render('layout/v_content', [], true)
 9 APPPATH\Views\layout\v_wrapper.php(6): view('layout/v_content')
10 SYSTEMPATH\View\View.php(213): include('APPPATH\\Views\\layout\\v_wrapper.php')
11 SYSTEMPATH\View\View.php(216): CodeIgniter\View\View->CodeIgniter\View\{closure}()
12 SYSTEMPATH\Common.php(1137): CodeIgniter\View\View->render('layout/v_wrapper', [], true)
13 APPPATH\Controllers\TentangKami.php(24): view('layout/v_wrapper', [...])
14 SYSTEMPATH\CodeIgniter.php(904): App\Controllers\TentangKami->index()
15 SYSTEMPATH\CodeIgniter.php(457): CodeIgniter\CodeIgniter->runController(Object(App\Controllers\TentangKami))
16 SYSTEMPATH\CodeIgniter.php(340): CodeIgniter\CodeIgniter->handleRequest(null, Object(Config\Cache), false)
17 FCPATH\index.php(67): CodeIgniter\CodeIgniter->run()
